Global iters:100. Local iters:25. 6.32e-03 sec/local_iter
Global iters:200. Local iters:50. 1.41e-03 sec/local_iter
Global iters:300. Local iters:75. 9.19e-04 sec/local_iter
Global iters:400. Local iters:100. 7.07e-04 sec/local_iter
Global iters:500. Local iters:125. 5.59e-04 sec/local_iter
Global iters:600. Local iters:150. 4.68e-04 sec/local_iter
Global iters:700. Local iters:175. 3.85e-04 sec/local_iter
Global iters:800. Local iters:200. 3.38e-04 sec/local_iter
Global iters:900. Local iters:225. 3.02e-04 sec/local_iter
Global iters:1000. Local iters:250. 2.71e-04 sec/local_iter
Global iters:1100. Local iters:275. 2.48e-04 sec/local_iter
Global iters:1200. Local iters:300. 2.30e-04 sec/local_iter
Tot iteration 1296. Time= 9.80e-01 s
Calculation of leg U0 finished.
eigen values for 3th leg at rank3 are [4.04634614e-05 4.00795498e-05 4.00795498e-05 3.96489726e-05
 3.05115719e-05 2.97717541e-05 2.97717541e-05 2.94475864e-05
 2.87859033e-05 2.87859033e-05 2.85942582e-05 2.84636524e-05
 2.83901220e-05 2.79405241e-05 2.79405241e-05 2.73843266e-05
 2.33592658e-05 2.26051992e-05 2.24155787e-05 2.24155787e-05
 2.15028946e-05 2.15028946e-05 2.14549878e-05 2.07668015e-05
 2.02738287e-05 2.02738287e-05 1.98419122e-05 1.97716111e-05
 1.83474042e-05 1.82607570e-05 1.76830000e-05 1.76830000e-05
 1.68213843e-05 1.62817598e-05 1.62817598e-05 1.61268982e-05
 1.59824131e-05 1.59824131e-05 1.59182745e-05 1.45778723e-05
 1.42034386e-05 1.27440335e-05 1.27440335e-05 1.20515931e-05
 1.18136664e-05 1.17142140e-05 1.17142140e-05 1.17004798e-05
 1.08680883e-05 1.07718674e-05 1.06376530e-05 1.06376530e-05
 1.01982733e-05 9.96241845e-06 9.96241845e-06 9.83200435e-06
 9.14786473e-06 8.93029829e-06 8.76998392e-06 8.76998392e-06
 8.49495651e-06 8.26991393e-06 7.95676509e-06 7.95676509e-06]
eigen values for 0th leg at rank0 are [4.04634614e-05 4.00795498e-05 4.00795498e-05 3.96489726e-05
 3.05115719e-05 2.97717541e-05 2.97717541e-05 2.94475864e-05
 2.87859033e-05 2.87859033e-05 2.85942582e-05 2.84636524e-05
 2.83901220e-05 2.79405241e-05 2.79405241e-05 2.73843266e-05
 2.33592658e-05 2.26051992e-05 2.24155787e-05 2.24155787e-05
 2.15028946e-05 2.15028946e-05 2.14549878e-05 2.07668015e-05
 2.02738287e-05 2.02738287e-05 1.98419122e-05 1.97716111e-05
 1.83474042e-05 1.82607570e-05 1.76830000e-05 1.76830000e-05
 1.68213843e-05 1.62817598e-05 1.62817598e-05 1.61268982e-05
 1.59824131e-05 1.59824131e-05 1.59182745e-05 1.45778723e-05
 1.42034386e-05 1.27440335e-05 1.27440335e-05 1.20515931e-05
 1.18136664e-05 1.17142140e-05 1.17142140e-05 1.17004798e-05
 1.08680883e-05 1.07718674e-05 1.06376530e-05 1.06376530e-05
 1.01982733e-05 9.96241845e-06 9.96241845e-06 9.83200435e-06
 9.14786473e-06 8.93029829e-06 8.76998392e-06 8.76998392e-06
 8.49495651e-06 8.26991393e-06 7.95676509e-06 7.95676509e-06]
eigen values for 2th leg at rank2 are [4.04634614e-05 4.00795498e-05 4.00795498e-05 3.96489726e-05
 3.05115719e-05 2.97717541e-05 2.97717541e-05 2.94475864e-05
 2.87859033e-05 2.87859033e-05 2.85942582e-05 2.84636524e-05
 2.83901220e-05 2.79405241e-05 2.79405241e-05 2.73843266e-05
 2.33592658e-05 2.26051992e-05 2.24155787e-05 2.24155787e-05
 2.15028946e-05 2.15028946e-05 2.14549878e-05 2.07668015e-05
 2.02738287e-05 2.02738287e-05 1.98419122e-05 1.97716111e-05
 1.83474042e-05 1.82607570e-05 1.76830000e-05 1.76830000e-05
 1.68213843e-05 1.62817598e-05 1.62817598e-05 1.61268982e-05
 1.59824131e-05 1.59824131e-05 1.59182745e-05 1.45778723e-05
 1.42034386e-05 1.27440335e-05 1.27440335e-05 1.20515931e-05
 1.18136664e-05 1.17142140e-05 1.17142140e-05 1.17004798e-05
 1.08680883e-05 1.07718674e-05 1.06376530e-05 1.06376530e-05
 1.01982733e-05 9.96241845e-06 9.96241845e-06 9.83200435e-06
 9.14786473e-06 8.93029829e-06 8.76998392e-06 8.76998392e-06
 8.49495651e-06 8.26991393e-06 7.95676509e-06 7.95676509e-06]
eigen values for 1th leg at rank1 are [4.04634614e-05 4.00795498e-05 4.00795498e-05 3.96489726e-05
 3.05115719e-05 2.97717541e-05 2.97717541e-05 2.94475864e-05
 2.87859033e-05 2.87859033e-05 2.85942582e-05 2.84636524e-05
 2.83901220e-05 2.79405241e-05 2.79405241e-05 2.73843266e-05
 2.33592658e-05 2.26051992e-05 2.24155787e-05 2.24155787e-05
 2.15028946e-05 2.15028946e-05 2.14549878e-05 2.07668015e-05
 2.02738287e-05 2.02738287e-05 1.98419122e-05 1.97716111e-05
 1.83474042e-05 1.82607570e-05 1.76830000e-05 1.76830000e-05
 1.68213843e-05 1.62817598e-05 1.62817598e-05 1.61268982e-05
 1.59824131e-05 1.59824131e-05 1.59182745e-05 1.45778723e-05
 1.42034386e-05 1.27440335e-05 1.27440335e-05 1.20515931e-05
 1.18136664e-05 1.17142140e-05 1.17142140e-05 1.17004798e-05
 1.08680883e-05 1.07718674e-05 1.06376530e-05 1.06376530e-05
 1.01982733e-05 9.96241845e-06 9.96241845e-06 9.83200435e-06
 9.14786473e-06 8.93029829e-06 8.76998392e-06 8.76998392e-06
 8.49495651e-06 8.26991393e-06 7.95676509e-06 7.95676509e-06]
At rank 0. Tr(V_{U,c0}V_{U,a0})=(64+0j), norm(V_{U,c0}V_{U,a0})=64.00000000000003,Tr(V_{U,d0}V_{U,b0})=(64+0j), norm(V_{U,d0}V_{U,b0})=64.00000000000003
At rank 3. Tr(V_{U,c0}V_{U,a0})=(64+0j), norm(V_{U,c0}V_{U,a0})=64.00000000000003,Tr(V_{U,d0}V_{U,b0})=(64+0j), norm(V_{U,d0}V_{U,b0})=64.00000000000003
At rank 2. Tr(V_{U,c0}V_{U,a0})=(64+0j), norm(V_{U,c0}V_{U,a0})=64.00000000000003,Tr(V_{U,d0}V_{U,b0})=(64+0j), norm(V_{U,d0}V_{U,b0})=64.00000000000003
At rank 1. Tr(V_{U,c0}V_{U,a0})=(64+0j), norm(V_{U,c0}V_{U,a0})=64.00000000000003,Tr(V_{U,d0}V_{U,b0})=(64+0j), norm(V_{U,d0}V_{U,b0})=64.00000000000003
n=100, 25 times finished. Time= 8.17e-02 s. Size of P: 2.50e-02 Gbytes
n=200, 50 times finished. Time= 7.76e-02 s. Size of P: 2.50e-02 Gbytes
n=300, 75 times finished. Time= 7.89e-02 s. Size of P: 2.50e-02 Gbytes
n=400, 100 times finished. Time= 7.47e-02 s. Size of P: 2.50e-02 Gbytes
n=500, 125 times finished. Time= 7.41e-02 s. Size of P: 2.50e-02 Gbytes
n=600, 150 times finished. Time= 7.44e-02 s. Size of P: 2.50e-02 Gbytes
n=700, 175 times finished. Time= 7.43e-02 s. Size of P: 2.50e-02 Gbytes
n=800, 200 times finished. Time= 7.45e-02 s. Size of P: 2.50e-02 Gbytes
n=900, 225 times finished. Time= 7.43e-02 s. Size of P: 2.50e-02 Gbytes
n=1000, 250 times finished. Time= 7.47e-02 s. Size of P: 2.50e-02 Gbytes
n=1100, 275 times finished. Time= 7.44e-02 s. Size of P: 2.50e-02 Gbytes
n=1200, 300 times finished. Time= 7.40e-02 s. Size of P: 2.50e-02 Gbytes
Global iters:100. Local iters:25. 2.90e-03 sec/local_iter
Global iters:200. Local iters:50. 1.39e-03 sec/local_iter
Global iters:300. Local iters:75. 9.33e-04 sec/local_iter
Global iters:400. Local iters:100. 6.94e-04 sec/local_iter
Global iters:500. Local iters:125. 5.53e-04 sec/local_iter
Global iters:600. Local iters:150. 4.62e-04 sec/local_iter
Global iters:700. Local iters:175. 3.96e-04 sec/local_iter
Global iters:800. Local iters:200. 3.47e-04 sec/local_iter
Global iters:900. Local iters:225. 3.02e-04 sec/local_iter
Global iters:1000. Local iters:250. 2.76e-04 sec/local_iter
Global iters:1100. Local iters:275. 2.47e-04 sec/local_iter
Global iters:1200. Local iters:300. 2.26e-04 sec/local_iter
Tot iteration 1296. Time= 8.94e-01 s
Calculation of leg U0 finished.
eigen values for 0th leg at rank0 are eigen values for 2th leg at rank2 are eigen values for 1th leg at rank1 are eigen values for 3th leg at rank3 are [4.04634614e-05 4.00795498e-05 4.00795498e-05 3.96489726e-05
 3.05115719e-05 2.97717541e-05 2.97717541e-05 2.94475864e-05
 2.87859033e-05 2.87859033e-05 2.85942582e-05 2.84636524e-05
 2.83901220e-05 2.79405241e-05 2.79405241e-05 2.73843266e-05
 2.33592658e-05 2.26051992e-05 2.24155787e-05 2.24155787e-05
 2.15028946e-05 2.15028946e-05 2.14549878e-05 2.07668015e-05
 2.02738287e-05 2.02738287e-05 1.98419122e-05 1.97716111e-05
 1.83474042e-05 1.82607570e-05 1.76830000e-05 1.76830000e-05
 1.68213843e-05 1.62817598e-05 1.62817598e-05 1.61268982e-05
 1.59824131e-05 1.59824131e-05 1.59182745e-05 1.45778723e-05
 1.42034386e-05 1.27440335e-05 1.27440335e-05 1.20515931e-05
 1.18136664e-05 1.17142140e-05 1.17142140e-05 1.17004798e-05
 1.08680883e-05 1.07718674e-05 1.06376530e-05 1.06376530e-05
 1.01982733e-05 9.96241845e-06 9.96241845e-06 9.83200435e-06
 9.14786473e-06 8.93029829e-06 8.76998392e-06 8.76998392e-06
 8.49495651e-06 8.26991393e-06 7.95676509e-06 7.95676509e-06]
At rank 1. Tr(V_{U,c0}V_{U,a0})=(64+0j), norm(V_{U,c0}V_{U,a0})=64.00000000000003,Tr(V_{U,d0}V_{U,b0})=(64+0j), norm(V_{U,d0}V_{U,b0})=64.00000000000003
[4.04634614e-05 4.00795498e-05 4.00795498e-05 3.96489726e-05
 3.05115719e-05 2.97717541e-05 2.97717541e-05 2.94475864e-05
 2.87859033e-05 2.87859033e-05 2.85942582e-05 2.84636524e-05
 2.83901220e-05 2.79405241e-05 2.79405241e-05 2.73843266e-05
 2.33592658e-05 2.26051992e-05 2.24155787e-05 2.24155787e-05
 2.15028946e-05 2.15028946e-05 2.14549878e-05 2.07668015e-05
 2.02738287e-05 2.02738287e-05 1.98419122e-05 1.97716111e-05
 1.83474042e-05 1.82607570e-05 1.76830000e-05 1.76830000e-05
 1.68213843e-05 1.62817598e-05 1.62817598e-05 1.61268982e-05
 1.59824131e-05 1.59824131e-05 1.59182745e-05 1.45778723e-05
 1.42034386e-05 1.27440335e-05 1.27440335e-05 1.20515931e-05
 1.18136664e-05 1.17142140e-05 1.17142140e-05 1.17004798e-05
 1.08680883e-05 1.07718674e-05 1.06376530e-05 1.06376530e-05
 1.01982733e-05 9.96241845e-06 9.96241845e-06 9.83200435e-06
 9.14786473e-06 8.93029829e-06 8.76998392e-06 8.76998392e-06
 8.49495651e-06 8.26991393e-06 7.95676509e-06 7.95676509e-06]
At rank 3. Tr(V_{U,c0}V_{U,a0})=(64+0j), norm(V_{U,c0}V_{U,a0})=64.00000000000003,Tr(V_{U,d0}V_{U,b0})=(64+0j), norm(V_{U,d0}V_{U,b0})=64.00000000000003
[4.04634614e-05 4.00795498e-05 4.00795498e-05 3.96489726e-05
 3.05115719e-05 2.97717541e-05 2.97717541e-05 2.94475864e-05
 2.87859033e-05 2.87859033e-05 2.85942582e-05 2.84636524e-05
 2.83901220e-05 2.79405241e-05 2.79405241e-05 2.73843266e-05
 2.33592658e-05 2.26051992e-05 2.24155787e-05 2.24155787e-05
 2.15028946e-05 2.15028946e-05 2.14549878e-05 2.07668015e-05
 2.02738287e-05 2.02738287e-05 1.98419122e-05 1.97716111e-05
 1.83474042e-05 1.82607570e-05 1.76830000e-05 1.76830000e-05
 1.68213843e-05 1.62817598e-05 1.62817598e-05 1.61268982e-05
 1.59824131e-05 1.59824131e-05 1.59182745e-05 1.45778723e-05
 1.42034386e-05 1.27440335e-05 1.27440335e-05 1.20515931e-05
 1.18136664e-05 1.17142140e-05 1.17142140e-05 1.17004798e-05
 1.08680883e-05 1.07718674e-05 1.06376530e-05 1.06376530e-05
 1.01982733e-05 9.96241845e-06 9.96241845e-06 9.83200435e-06
 9.14786473e-06 8.93029829e-06 8.76998392e-06 8.76998392e-06
 8.49495651e-06 8.26991393e-06 7.95676509e-06 7.95676509e-06]
At rank 2. Tr(V_{U,c0}V_{U,a0})=(64+0j), norm(V_{U,c0}V_{U,a0})=64.00000000000003,Tr(V_{U,d0}V_{U,b0})=(64+0j), norm(V_{U,d0}V_{U,b0})=64.00000000000003
[4.04634614e-05 4.00795498e-05 4.00795498e-05 3.96489726e-05
 3.05115719e-05 2.97717541e-05 2.97717541e-05 2.94475864e-05
 2.87859033e-05 2.87859033e-05 2.85942582e-05 2.84636524e-05
 2.83901220e-05 2.79405241e-05 2.79405241e-05 2.73843266e-05
 2.33592658e-05 2.26051992e-05 2.24155787e-05 2.24155787e-05
 2.15028946e-05 2.15028946e-05 2.14549878e-05 2.07668015e-05
 2.02738287e-05 2.02738287e-05 1.98419122e-05 1.97716111e-05
 1.83474042e-05 1.82607570e-05 1.76830000e-05 1.76830000e-05
 1.68213843e-05 1.62817598e-05 1.62817598e-05 1.61268982e-05
 1.59824131e-05 1.59824131e-05 1.59182745e-05 1.45778723e-05
 1.42034386e-05 1.27440335e-05 1.27440335e-05 1.20515931e-05
 1.18136664e-05 1.17142140e-05 1.17142140e-05 1.17004798e-05
 1.08680883e-05 1.07718674e-05 1.06376530e-05 1.06376530e-05
 1.01982733e-05 9.96241845e-06 9.96241845e-06 9.83200435e-06
 9.14786473e-06 8.93029829e-06 8.76998392e-06 8.76998392e-06
 8.49495651e-06 8.26991393e-06 7.95676509e-06 7.95676509e-06]
At rank 0. Tr(V_{U,c0}V_{U,a0})=(64+0j), norm(V_{U,c0}V_{U,a0})=64.00000000000003,Tr(V_{U,d0}V_{U,b0})=(64+0j), norm(V_{U,d0}V_{U,b0})=64.00000000000003
n=100, 25 times finished. Time= 7.70e-02 s. Size of P: 2.50e-02 Gbytes
n=200, 50 times finished. Time= 7.47e-02 s. Size of P: 2.50e-02 Gbytes
n=300, 75 times finished. Time= 7.46e-02 s. Size of P: 2.50e-02 Gbytes
n=400, 100 times finished. Time= 7.53e-02 s. Size of P: 2.50e-02 Gbytes
n=500, 125 times finished. Time= 7.50e-02 s. Size of P: 2.50e-02 Gbytes
n=600, 150 times finished. Time= 7.48e-02 s. Size of P: 2.50e-02 Gbytes
n=700, 175 times finished. Time= 7.57e-02 s. Size of P: 2.50e-02 Gbytes
n=800, 200 times finished. Time= 7.59e-02 s. Size of P: 2.50e-02 Gbytes
n=900, 225 times finished. Time= 7.63e-02 s. Size of P: 2.50e-02 Gbytes
n=1000, 250 times finished. Time= 7.73e-02 s. Size of P: 2.50e-02 Gbytes
n=1100, 275 times finished. Time= 7.68e-02 s. Size of P: 2.50e-02 Gbytes
n=1200, 300 times finished. Time= 7.63e-02 s. Size of P: 2.50e-02 Gbytes
dest_rank 0
dest_rank 1
