Global iters:100. Local iters:25. 6.56e-03 sec/local_iter
Global iters:200. Local iters:50. 1.44e-03 sec/local_iter
Global iters:300. Local iters:75. 9.46e-04 sec/local_iter
Global iters:400. Local iters:100. 7.02e-04 sec/local_iter
Global iters:500. Local iters:125. 5.72e-04 sec/local_iter
Global iters:600. Local iters:150. 4.48e-04 sec/local_iter
Global iters:700. Local iters:175. 3.85e-04 sec/local_iter
Global iters:800. Local iters:200. 3.35e-04 sec/local_iter
Global iters:900. Local iters:225. 3.01e-04 sec/local_iter
Global iters:1000. Local iters:250. 2.73e-04 sec/local_iter
Global iters:1100. Local iters:275. 2.50e-04 sec/local_iter
Global iters:1200. Local iters:300. 2.35e-04 sec/local_iter
Tot iteration 1296. Time= 9.88e-01 s
Calculation of leg U0 finished.
keep 0 on rank0
send 1 to rank1
send 2 to rank2
send 3 to rank3
eigen values for 3th leg at rank3 are [4.04634614e-05 4.00795498e-05 4.00795498e-05 3.96489726e-05
 3.05115719e-05 2.97717541e-05 2.97717541e-05 2.94475864e-05
 2.87859033e-05 2.87859033e-05 2.85942582e-05 2.84636524e-05
 2.83901220e-05 2.79405241e-05 2.79405241e-05 2.73843266e-05
 2.33592658e-05 2.26051992e-05 2.24155787e-05 2.24155787e-05
 2.15028946e-05 2.15028946e-05 2.14549878e-05 2.07668015e-05
 2.02738287e-05 2.02738287e-05 1.98419122e-05 1.97716111e-05
 1.83474042e-05 1.82607570e-05 1.76830000e-05 1.76830000e-05
 1.68213843e-05 1.62817598e-05 1.62817598e-05 1.61268982e-05
 1.59824131e-05 1.59824131e-05 1.59182745e-05 1.45778723e-05
 1.42034386e-05 1.27440335e-05 1.27440335e-05 1.20515931e-05
 1.18136664e-05 1.17142140e-05 1.17142140e-05 1.17004798e-05
 1.08680883e-05 1.07718674e-05 1.06376530e-05 1.06376530e-05
 1.01982733e-05 9.96241845e-06 9.96241845e-06 9.83200435e-06
 9.14786473e-06 8.93029829e-06 8.76998392e-06 8.76998392e-06
 8.49495651e-06 8.26991393e-06 7.95676509e-06 7.95676509e-06
 7.34366869e-06 7.34366869e-06 7.32018842e-06 7.13472398e-06
 7.13472398e-06 7.04343256e-06 7.04148002e-06 6.99296648e-06]
eigen values for 2th leg at rank2 are [4.04634614e-05 4.00795498e-05 4.00795498e-05 3.96489726e-05
 3.05115719e-05 2.97717541e-05 2.97717541e-05 2.94475864e-05
 2.87859033e-05 2.87859033e-05 2.85942582e-05 2.84636524e-05
 2.83901220e-05 2.79405241e-05 2.79405241e-05 2.73843266e-05
 2.33592658e-05 2.26051992e-05 2.24155787e-05 2.24155787e-05
 2.15028946e-05 2.15028946e-05 2.14549878e-05 2.07668015e-05
 2.02738287e-05 2.02738287e-05 1.98419122e-05 1.97716111e-05
 1.83474042e-05 1.82607570e-05 1.76830000e-05 1.76830000e-05
 1.68213843e-05 1.62817598e-05 1.62817598e-05 1.61268982e-05
 1.59824131e-05 1.59824131e-05 1.59182745e-05 1.45778723e-05
 1.42034386e-05 1.27440335e-05 1.27440335e-05 1.20515931e-05
 1.18136664e-05 1.17142140e-05 1.17142140e-05 1.17004798e-05
 1.08680883e-05 1.07718674e-05 1.06376530e-05 1.06376530e-05
 1.01982733e-05 9.96241845e-06 9.96241845e-06 9.83200435e-06
 9.14786473e-06 8.93029829e-06 8.76998392e-06 8.76998392e-06
 8.49495651e-06 8.26991393e-06 7.95676509e-06 7.95676509e-06
 7.34366869e-06 7.34366869e-06 7.32018842e-06 7.13472398e-06
 7.13472398e-06 7.04343256e-06 7.04148002e-06 6.99296648e-06]
eigen values for 0th leg at rank0 are [4.04634614e-05 4.00795498e-05 4.00795498e-05 3.96489726e-05
 3.05115719e-05 2.97717541e-05 2.97717541e-05 2.94475864e-05
 2.87859033e-05 2.87859033e-05 2.85942582e-05 2.84636524e-05
 2.83901220e-05 2.79405241e-05 2.79405241e-05 2.73843266e-05
 2.33592658e-05 2.26051992e-05 2.24155787e-05 2.24155787e-05
 2.15028946e-05 2.15028946e-05 2.14549878e-05 2.07668015e-05
 2.02738287e-05 2.02738287e-05 1.98419122e-05 1.97716111e-05
 1.83474042e-05 1.82607570e-05 1.76830000e-05 1.76830000e-05
 1.68213843e-05 1.62817598e-05 1.62817598e-05 1.61268982e-05
 1.59824131e-05 1.59824131e-05 1.59182745e-05 1.45778723e-05
 1.42034386e-05 1.27440335e-05 1.27440335e-05 1.20515931e-05
 1.18136664e-05 1.17142140e-05 1.17142140e-05 1.17004798e-05
 1.08680883e-05 1.07718674e-05 1.06376530e-05 1.06376530e-05
 1.01982733e-05 9.96241845e-06 9.96241845e-06 9.83200435e-06
 9.14786473e-06 8.93029829e-06 8.76998392e-06 8.76998392e-06
 8.49495651e-06 8.26991393e-06 7.95676509e-06 7.95676509e-06
 7.34366869e-06 7.34366869e-06 7.32018842e-06 7.13472398e-06
 7.13472398e-06 7.04343256e-06 7.04148002e-06 6.99296648e-06]
eigen values for 1th leg at rank1 are [4.04634614e-05 4.00795498e-05 4.00795498e-05 3.96489726e-05
 3.05115719e-05 2.97717541e-05 2.97717541e-05 2.94475864e-05
 2.87859033e-05 2.87859033e-05 2.85942582e-05 2.84636524e-05
 2.83901220e-05 2.79405241e-05 2.79405241e-05 2.73843266e-05
 2.33592658e-05 2.26051992e-05 2.24155787e-05 2.24155787e-05
 2.15028946e-05 2.15028946e-05 2.14549878e-05 2.07668015e-05
 2.02738287e-05 2.02738287e-05 1.98419122e-05 1.97716111e-05
 1.83474042e-05 1.82607570e-05 1.76830000e-05 1.76830000e-05
 1.68213843e-05 1.62817598e-05 1.62817598e-05 1.61268982e-05
 1.59824131e-05 1.59824131e-05 1.59182745e-05 1.45778723e-05
 1.42034386e-05 1.27440335e-05 1.27440335e-05 1.20515931e-05
 1.18136664e-05 1.17142140e-05 1.17142140e-05 1.17004798e-05
 1.08680883e-05 1.07718674e-05 1.06376530e-05 1.06376530e-05
 1.01982733e-05 9.96241845e-06 9.96241845e-06 9.83200435e-06
 9.14786473e-06 8.93029829e-06 8.76998392e-06 8.76998392e-06
 8.49495651e-06 8.26991393e-06 7.95676509e-06 7.95676509e-06
 7.34366869e-06 7.34366869e-06 7.32018842e-06 7.13472398e-06
 7.13472398e-06 7.04343256e-06 7.04148002e-06 6.99296648e-06]
At rank 3. Tr(V_{U,c0}V_{U,a0})=(72.00000000000001+0j), norm(V_{U,c0}V_{U,a0})=72.00000000000001,Tr(V_{U,d0}V_{U,b0})=(72.00000000000001+0j), norm(V_{U,d0}V_{U,b0})=72.00000000000001
At rank 0. Tr(V_{U,c0}V_{U,a0})=(72.00000000000001+0j), norm(V_{U,c0}V_{U,a0})=72.00000000000001,Tr(V_{U,d0}V_{U,b0})=(72.00000000000001+0j), norm(V_{U,d0}V_{U,b0})=72.00000000000001
At rank 2. Tr(V_{U,c0}V_{U,a0})=(72.00000000000001+0j), norm(V_{U,c0}V_{U,a0})=72.00000000000001,Tr(V_{U,d0}V_{U,b0})=(72.00000000000001+0j), norm(V_{U,d0}V_{U,b0})=72.00000000000001
At rank 1. Tr(V_{U,c0}V_{U,a0})=(72.00000000000001+0j), norm(V_{U,c0}V_{U,a0})=72.00000000000001,Tr(V_{U,d0}V_{U,b0})=(72.00000000000001+0j), norm(V_{U,d0}V_{U,b0})=72.00000000000001
n=100, 25 times finished. Time= 8.25e-02 s. Size of A: 2.50e-02 Gbytes
n=200, 50 times finished. Time= 7.48e-02 s. Size of A: 2.50e-02 Gbytes
n=300, 75 times finished. Time= 7.44e-02 s. Size of A: 2.50e-02 Gbytes
n=400, 100 times finished. Time= 7.51e-02 s. Size of A: 2.50e-02 Gbytes
n=500, 125 times finished. Time= 7.63e-02 s. Size of A: 2.50e-02 Gbytes
n=600, 150 times finished. Time= 7.37e-02 s. Size of A: 2.50e-02 Gbytes
n=700, 175 times finished. Time= 8.85e-02 s. Size of A: 2.50e-02 Gbytes
n=800, 200 times finished. Time= 8.84e-02 s. Size of A: 2.50e-02 Gbytes
n=900, 225 times finished. Time= 8.85e-02 s. Size of A: 2.50e-02 Gbytes
n=1000, 250 times finished. Time= 8.85e-02 s. Size of A: 2.50e-02 Gbytes
n=1100, 275 times finished. Time= 8.85e-02 s. Size of A: 2.50e-02 Gbytes
n=1200, 300 times finished. Time= 8.84e-02 s. Size of A: 2.50e-02 Gbytes
lnZ/V=(-3.7731261106976013+0j). c=0.02298011250722843
start 1-th rgstep. Coarse graining direction is Y
Reduced density matrix calculation finished, time= 2.48e+00 s
Reduced density matrix calculation finished, time= 2.44e+00 s
eL [0.0013974  0.00096776 0.00096562 0.00071226 0.00070647 0.00069619
 0.00066442 0.00060465 0.00052869 0.00052838 0.00050618 0.00050383
 0.00050004 0.00047534 0.00043844 0.00043195 0.0004231  0.00042037
 0.00041877 0.00041688 0.00040223 0.00037128 0.00036789 0.00033572
 0.00032076 0.00030972 0.00030581 0.00029936 0.00029319 0.00029171
 0.00028731 0.0002865  0.00028376 0.00026589 0.00026294 0.00025973
 0.00025972 0.00024905 0.00023484 0.00023396 0.00023076 0.00022648
 0.00022467 0.00022325 0.00022131 0.00021221 0.00020744 0.00020502
 0.00020429 0.00019774 0.00019336 0.00018764 0.00018494 0.00018427
 0.00018353 0.00018228 0.00017968 0.00017727 0.00017358 0.00016796
 0.00016544 0.00016404 0.00015325 0.00014754 0.00014399 0.00014297
 0.00014254 0.00013443 0.00013001 0.00012994 0.0001291  0.00012704]
eR [0.0013974  0.00096776 0.00096562 0.00071226 0.00070647 0.00069619
 0.00066442 0.00060465 0.00052869 0.00052838 0.00050618 0.00050383
 0.00050004 0.00047534 0.00043844 0.00043195 0.0004231  0.00042037
 0.00041877 0.00041688 0.00040223 0.00037128 0.00036789 0.00033572
 0.00032076 0.00030972 0.00030581 0.00029936 0.00029319 0.00029171
 0.00028731 0.0002865  0.00028376 0.00026589 0.00026294 0.00025973
 0.00025972 0.00024905 0.00023484 0.00023396 0.00023076 0.00022648
 0.00022467 0.00022325 0.00022131 0.00021221 0.00020744 0.00020502
 0.00020429 0.00019774 0.00019336 0.00018764 0.00018494 0.00018427
 0.00018353 0.00018228 0.00017968 0.00017727 0.00017358 0.00016796
 0.00016544 0.00016404 0.00015325 0.00014754 0.00014399 0.00014297
 0.00014254 0.00013443 0.00013001 0.00012994 0.0001291  0.00012704]
S [0.0013974  0.00096776 0.00096562 0.00071226 0.00070647 0.00069619
 0.00066442 0.00060465 0.00052869 0.00052838 0.00050618 0.00050383
 0.00050004 0.00047534 0.00043844 0.00043195 0.0004231  0.00042037
 0.00041877 0.00041688 0.00040223 0.00037128 0.00036789 0.00033572
 0.00032076 0.00030972 0.00030581 0.00029936 0.00029319 0.00029171
 0.00028731 0.0002865  0.00028376 0.00026589 0.00026294 0.00025973
 0.00025972 0.00024905 0.00023484 0.00023396 0.00023076 0.00022648
 0.00022467 0.00022325 0.00022131 0.00021221 0.00020744 0.00020502
 0.00020429 0.00019774 0.00019336 0.00018764 0.00018494 0.00018427
 0.00018353 0.00018228 0.00017968 0.00017727 0.00017358 0.00016796
 0.00016544 0.00016404 0.00015325 0.00014754 0.00014399 0.00014297
 0.00014254 0.00013443 0.00013001 0.00012994 0.0001291  0.00012704]
Tr(P1@P2)= (72.00000000000004+0j) |P1@P2|^2= 72.00000000000011
Start coarse graining.
Local iteration:8, time= 5.27e-01 s
Local iteration:16, time= 5.05e-01 s
Local iteration:24, time= 5.05e-01 s
Local iteration:32, time= 5.05e-01 s
Local iteration:40, time= 5.06e-01 s
Local iteration:48, time= 5.06e-01 s
Local iteration:56, time= 5.05e-01 s
Local iteration:64, time= 5.05e-01 s
Local iteration:72, time= 5.06e-01 s
Local iteration:80, time= 3.99e-01 s
Local iteration:88, time= 3.88e-01 s
Local iteration:96, time= 3.87e-01 s
Local iteration:104, time= 3.90e-01 s
Local iteration:112, time= 3.88e-01 s
Local iteration:120, time= 3.89e-01 s
Local iteration:128, time= 3.89e-01 s
Local iteration:136, time= 3.90e-01 s
Local iteration:144, time= 3.89e-01 s
Local iteration:152, time= 3.94e-01 s
Local iteration:160, time= 3.92e-01 s
Local iteration:168, time= 3.91e-01 s
Local iteration:176, time= 3.92e-01 s
Local iteration:184, time= 3.90e-01 s
Local iteration:192, time= 3.90e-01 s
Local iteration:200, time= 3.90e-01 s
Local iteration:208, time= 3.92e-01 s
Local iteration:216, time= 3.92e-01 s
Local iteration:224, time= 3.43e-01 s
Local iteration:232, time= 3.44e-01 s
Local iteration:240, time= 3.43e-01 s
Local iteration:248, time= 3.44e-01 s
Local iteration:256, time= 3.42e-01 s
Local iteration:264, time= 3.44e-01 s
Local iteration:272, time= 3.42e-01 s
Local iteration:280, time= 3.44e-01 s
Coarse graining calculation finished, time= 1.74e+01 s
1-th rgstep finished. lnZ/V=(-4.980985354849033+0j). c=0.08930315259540339
start 2-th rgstep. Coarse graining direction is X
Reduced density matrix calculation finished, time= 2.47e+00 s
Reduced density matrix calculation finished, time= 2.46e+00 s
eL [5.79681784e-03 4.41725059e-03 4.35622025e-03 4.26739910e-03
 4.25839600e-03 3.41149770e-03 3.25931190e-03 2.61430612e-03
 2.39264405e-03 2.38934921e-03 2.38884653e-03 2.38448384e-03
 2.00111224e-03 1.70866864e-03 1.33189614e-03 1.32822196e-03
 1.32529151e-03 1.30804496e-03 1.30671617e-03 1.30580649e-03
 1.27510914e-03 1.22228494e-03 9.18704696e-04 9.18277658e-04
 9.04651079e-04 9.01431278e-04 8.03152442e-04 8.00609178e-04
 7.85653502e-04 7.67964324e-04 5.91205797e-04 5.48233862e-04
 4.66605395e-04 4.43390105e-04 4.37929379e-04 4.33468655e-04
 4.30012552e-04 4.29228253e-04 4.08168675e-04 4.03891381e-04
 4.01602054e-04 3.92991389e-04 3.92951830e-04 3.84695499e-04
 3.62512903e-04 3.54429107e-04 3.32025074e-04 2.71409476e-04
 2.62870067e-04 2.55927185e-04 2.52335301e-04 2.51365061e-04
 2.48606208e-04 1.95630670e-04 1.92874727e-04 1.58005761e-04
 1.41308744e-04 1.34637189e-04 1.30320785e-04 1.20622236e-04
 1.09270505e-04 1.01991225e-04 9.66548739e-05 9.21097017e-05
 9.17147073e-05 9.11032029e-05 8.51065118e-05 8.46463237e-05
 8.35213147e-05 7.73360673e-05 7.27848881e-05 6.88239035e-05]
eR [5.79681784e-03 4.41725059e-03 4.35622025e-03 4.26739910e-03
 4.25839600e-03 3.41149770e-03 3.25931190e-03 2.61430612e-03
 2.39264405e-03 2.38934921e-03 2.38884653e-03 2.38448384e-03
 2.00111224e-03 1.70866864e-03 1.33189614e-03 1.32822196e-03
 1.32529151e-03 1.30804496e-03 1.30671617e-03 1.30580649e-03
 1.27510914e-03 1.22228494e-03 9.18704696e-04 9.18277658e-04
 9.04651079e-04 9.01431278e-04 8.03152442e-04 8.00609178e-04
 7.85653502e-04 7.67964324e-04 5.91205797e-04 5.48233862e-04
 4.66605395e-04 4.43390105e-04 4.37929379e-04 4.33468655e-04
 4.30012552e-04 4.29228253e-04 4.08168675e-04 4.03891381e-04
 4.01602054e-04 3.92991389e-04 3.92951830e-04 3.84695499e-04
 3.62512903e-04 3.54429107e-04 3.32025074e-04 2.71409476e-04
 2.62870067e-04 2.55927185e-04 2.52335301e-04 2.51365061e-04
 2.48606208e-04 1.95630670e-04 1.92874727e-04 1.58005761e-04
 1.41308744e-04 1.34637189e-04 1.30320785e-04 1.20622236e-04
 1.09270505e-04 1.01991225e-04 9.66548739e-05 9.21097017e-05
 9.17147073e-05 9.11032029e-05 8.51065118e-05 8.46463237e-05
 8.35213147e-05 7.73360673e-05 7.27848881e-05 6.88239035e-05]
S [5.79681784e-03 4.41725059e-03 4.35622025e-03 4.26739910e-03
 4.25839600e-03 3.41149770e-03 3.25931190e-03 2.61430612e-03
 2.39264405e-03 2.38934921e-03 2.38884653e-03 2.38448384e-03
 2.00111224e-03 1.70866864e-03 1.33189614e-03 1.32822196e-03
 1.32529151e-03 1.30804496e-03 1.30671617e-03 1.30580649e-03
 1.27510914e-03 1.22228494e-03 9.18704696e-04 9.18277658e-04
 9.04651079e-04 9.01431278e-04 8.03152442e-04 8.00609178e-04
 7.85653502e-04 7.67964324e-04 5.91205797e-04 5.48233862e-04
 4.66605395e-04 4.43390105e-04 4.37929379e-04 4.33468655e-04
 4.30012552e-04 4.29228253e-04 4.08168675e-04 4.03891381e-04
 4.01602054e-04 3.92991389e-04 3.92951830e-04 3.84695499e-04
 3.62512903e-04 3.54429107e-04 3.32025074e-04 2.71409476e-04
 2.62870067e-04 2.55927185e-04 2.52335301e-04 2.51365061e-04
 2.48606208e-04 1.95630670e-04 1.92874727e-04 1.58005761e-04
 1.41308744e-04 1.34637189e-04 1.30320785e-04 1.20622236e-04
 1.09270505e-04 1.01991225e-04 9.66548739e-05 9.21097017e-05
 9.17147073e-05 9.11032029e-05 8.51065118e-05 8.46463237e-05
 8.35213147e-05 7.73360673e-05 7.27848881e-05 6.88239035e-05]
Tr(P1@P2)= (72.00000000000003+0j) |P1@P2|^2= 72.00000000000006
Start coarse graining.
Local iteration:8, time= 5.11e-01 s
Local iteration:16, time= 5.07e-01 s
Local iteration:24, time= 5.04e-01 s
Local iteration:32, time= 5.06e-01 s
Local iteration:40, time= 5.04e-01 s
Local iteration:48, time= 5.05e-01 s
Local iteration:56, time= 5.05e-01 s
Local iteration:64, time= 5.04e-01 s
Local iteration:72, time= 5.07e-01 s
Local iteration:80, time= 3.95e-01 s
Local iteration:88, time= 3.87e-01 s
Local iteration:96, time= 3.88e-01 s
Local iteration:104, time= 3.88e-01 s
Local iteration:112, time= 3.88e-01 s
Local iteration:120, time= 3.88e-01 s
Local iteration:128, time= 3.88e-01 s
Local iteration:136, time= 3.89e-01 s
Local iteration:144, time= 3.89e-01 s
Local iteration:152, time= 3.90e-01 s
Local iteration:160, time= 3.91e-01 s
Local iteration:168, time= 3.92e-01 s
Local iteration:176, time= 3.93e-01 s
Local iteration:184, time= 3.91e-01 s
Local iteration:192, time= 3.92e-01 s
Local iteration:200, time= 3.91e-01 s
Local iteration:208, time= 3.91e-01 s
Local iteration:216, time= 3.90e-01 s
Local iteration:224, time= 3.44e-01 s
Local iteration:232, time= 3.45e-01 s
Local iteration:240, time= 3.45e-01 s
Local iteration:248, time= 3.43e-01 s
Local iteration:256, time= 3.44e-01 s
Local iteration:264, time= 3.43e-01 s
Local iteration:272, time= 3.43e-01 s
Local iteration:280, time= 3.43e-01 s
Coarse graining calculation finished, time= 1.74e+01 s
2-th rgstep finished. lnZ/V=(-5.275780499873989+0j). c=0.3075306321036222
start 3-th rgstep. Coarse graining direction is Y
Reduced density matrix calculation finished, time= 2.48e+00 s
Reduced density matrix calculation finished, time= 2.47e+00 s
eL [3.16395343e-03 1.70078674e-03 1.70075078e-03 1.69953949e-03
 1.69953270e-03 6.78845197e-04 6.75665286e-04 5.72581333e-04
 5.72567649e-04 5.71850061e-04 5.71820961e-04 5.57925340e-04
 5.10072569e-04 5.08085222e-04 1.37971174e-04 1.37831058e-04
 1.37626879e-04 1.37338038e-04 1.36986446e-04 1.36964080e-04
 1.36817552e-04 1.36801765e-04 1.13968534e-04 1.13962485e-04
 1.13821001e-04 1.13813879e-04 1.04805597e-04 1.04804443e-04
 1.04787221e-04 1.04722713e-04 6.89268659e-05 6.75980878e-05
 4.01111632e-05 4.00341105e-05 4.00054032e-05 3.99972930e-05
 3.91164999e-05 3.91085132e-05 3.89935707e-05 3.88860572e-05
 3.30719337e-05 2.93600560e-05 2.89816476e-05 2.80355392e-05
 2.80217998e-05 2.72850267e-05 2.72733453e-05 2.63824054e-05
 2.42669214e-05 2.36081905e-05 2.24912475e-05 2.24625026e-05
 2.00563809e-05 1.99404744e-05 1.96604599e-05 1.94922639e-05
 1.94583873e-05 1.94575748e-05 1.90316803e-05 1.89494752e-05
 1.88265689e-05 1.79666960e-05 1.78203644e-05 1.78026762e-05
 1.76589241e-05 1.54275438e-05 1.51221363e-05 1.51135691e-05
 1.51023414e-05 1.49367367e-05 1.48791191e-05 1.44170747e-05]
eR [3.16395343e-03 1.70078674e-03 1.70075078e-03 1.69953949e-03
 1.69953270e-03 6.78845197e-04 6.75665286e-04 5.72581333e-04
 5.72567649e-04 5.71850061e-04 5.71820961e-04 5.57925340e-04
 5.10072569e-04 5.08085222e-04 1.37971174e-04 1.37831058e-04
 1.37626879e-04 1.37338038e-04 1.36986446e-04 1.36964080e-04
 1.36817552e-04 1.36801765e-04 1.13968534e-04 1.13962485e-04
 1.13821001e-04 1.13813879e-04 1.04805597e-04 1.04804443e-04
 1.04787221e-04 1.04722713e-04 6.89268659e-05 6.75980878e-05
 4.01111632e-05 4.00341105e-05 4.00054032e-05 3.99972930e-05
 3.91164999e-05 3.91085132e-05 3.89935707e-05 3.88860572e-05
 3.30719337e-05 2.93600560e-05 2.89816476e-05 2.80355392e-05
 2.80217998e-05 2.72850267e-05 2.72733453e-05 2.63824054e-05
 2.42669214e-05 2.36081905e-05 2.24912475e-05 2.24625026e-05
 2.00563809e-05 1.99404744e-05 1.96604599e-05 1.94922639e-05
 1.94583873e-05 1.94575748e-05 1.90316803e-05 1.89494752e-05
 1.88265689e-05 1.79666960e-05 1.78203644e-05 1.78026762e-05
 1.76589241e-05 1.54275438e-05 1.51221363e-05 1.51135691e-05
 1.51023414e-05 1.49367367e-05 1.48791191e-05 1.44170747e-05]
S [3.16395343e-03 1.70078674e-03 1.70075078e-03 1.69953949e-03
 1.69953270e-03 6.78845197e-04 6.75665286e-04 5.72581333e-04
 5.72567649e-04 5.71850061e-04 5.71820961e-04 5.57925340e-04
 5.10072569e-04 5.08085222e-04 1.37971174e-04 1.37831058e-04
 1.37626879e-04 1.37338038e-04 1.36986446e-04 1.36964080e-04
 1.36817552e-04 1.36801765e-04 1.13968534e-04 1.13962485e-04
 1.13821001e-04 1.13813879e-04 1.04805597e-04 1.04804443e-04
 1.04787221e-04 1.04722713e-04 6.89268659e-05 6.75980878e-05
 4.01111632e-05 4.00341105e-05 4.00054032e-05 3.99972930e-05
 3.91164999e-05 3.91085132e-05 3.89935707e-05 3.88860572e-05
 3.30719337e-05 2.93600560e-05 2.89816476e-05 2.80355392e-05
 2.80217998e-05 2.72850267e-05 2.72733453e-05 2.63824054e-05
 2.42669214e-05 2.36081905e-05 2.24912475e-05 2.24625026e-05
 2.00563809e-05 1.99404744e-05 1.96604599e-05 1.94922639e-05
 1.94583873e-05 1.94575748e-05 1.90316803e-05 1.89494752e-05
 1.88265689e-05 1.79666960e-05 1.78203644e-05 1.78026762e-05
 1.76589241e-05 1.54275438e-05 1.51221363e-05 1.51135691e-05
 1.51023414e-05 1.49367367e-05 1.48791191e-05 1.44170747e-05]
Tr(P1@P2)= (71.99999999999997+0j) |P1@P2|^2= 71.99999999999991
Start coarse graining.
Local iteration:8, time= 5.12e-01 s
Local iteration:16, time= 5.01e-01 s
Local iteration:24, time= 5.04e-01 s
Local iteration:32, time= 5.02e-01 s
Local iteration:40, time= 5.01e-01 s
Local iteration:48, time= 5.03e-01 s
Local iteration:56, time= 5.02e-01 s
Local iteration:64, time= 5.00e-01 s
Local iteration:72, time= 5.01e-01 s
Local iteration:80, time= 3.98e-01 s
Local iteration:88, time= 3.88e-01 s
Local iteration:96, time= 3.89e-01 s
Local iteration:104, time= 3.88e-01 s
Local iteration:112, time= 3.89e-01 s
Local iteration:120, time= 3.89e-01 s
Local iteration:128, time= 3.90e-01 s
Local iteration:136, time= 3.92e-01 s
Local iteration:144, time= 3.90e-01 s
Local iteration:152, time= 3.95e-01 s
Local iteration:160, time= 3.91e-01 s
Local iteration:168, time= 3.93e-01 s
Local iteration:176, time= 3.93e-01 s
Local iteration:184, time= 3.93e-01 s
Local iteration:192, time= 3.92e-01 s
Local iteration:200, time= 3.93e-01 s
Local iteration:208, time= 3.92e-01 s
Local iteration:216, time= 3.92e-01 s
Local iteration:224, time= 3.44e-01 s
Local iteration:232, time= 3.42e-01 s
Local iteration:240, time= 3.44e-01 s
Local iteration:248, time= 3.43e-01 s
Local iteration:256, time= 3.42e-01 s
Local iteration:264, time= 3.43e-01 s
Local iteration:272, time= 3.43e-01 s
Local iteration:280, time= 3.44e-01 s
Coarse graining calculation finished, time= 1.74e+01 s
3-th rgstep finished. lnZ/V=(-5.511441406642115+0j). c=0.15178545216625988
start 4-th rgstep. Coarse graining direction is X
Reduced density matrix calculation finished, time= 2.47e+00 s
Reduced density matrix calculation finished, time= 2.50e+00 s
eL [1.77239436e-02 5.08221825e-03 5.08220290e-03 5.08212718e-03
 5.08211575e-03 6.64540887e-04 6.63333186e-04 5.81427347e-04
 5.81426454e-04 5.80862084e-04 5.80857926e-04 5.65051702e-04
 5.32625860e-04 5.32526405e-04 2.85968896e-04 2.85397796e-04
 1.01087755e-04 1.01086558e-04 1.01085210e-04 1.01084933e-04
 1.00874978e-04 1.00874566e-04 1.00873386e-04 1.00872942e-04
 6.17644409e-05 6.17618000e-05 3.65182736e-05 3.65067364e-05
 3.64921867e-05 3.64677944e-05 2.54915415e-05 2.54899635e-05
 2.54821425e-05 2.54802752e-05 2.33181860e-05 2.33167730e-05
 2.33163653e-05 2.33161833e-05 2.30835043e-05 2.25624820e-05
 2.25601821e-05 2.25419266e-05 2.25406694e-05 2.22000404e-05
 2.21919320e-05 2.21897386e-05 2.21887835e-05 1.88917228e-05
 1.88766518e-05 1.77044304e-05 1.76940684e-05 1.75699397e-05
 1.75683295e-05 1.68769559e-05 1.68756793e-05 1.46380157e-05
 1.41532645e-05 1.41506905e-05 1.41480832e-05 1.41430431e-05
 1.40482053e-05 1.40366342e-05 1.32467403e-05 9.76447037e-06
 8.91249074e-06 4.76245449e-06 3.82071027e-06 3.58533574e-06
 3.30171790e-06 3.30170920e-06 3.04733447e-06 3.04714178e-06]
eR [1.77239436e-02 5.08221825e-03 5.08220290e-03 5.08212718e-03
 5.08211575e-03 6.64540887e-04 6.63333186e-04 5.81427347e-04
 5.81426454e-04 5.80862084e-04 5.80857926e-04 5.65051702e-04
 5.32625860e-04 5.32526405e-04 2.85968896e-04 2.85397796e-04
 1.01087755e-04 1.01086558e-04 1.01085210e-04 1.01084933e-04
 1.00874978e-04 1.00874566e-04 1.00873386e-04 1.00872942e-04
 6.17644409e-05 6.17618000e-05 3.65182736e-05 3.65067364e-05
 3.64921867e-05 3.64677944e-05 2.54915415e-05 2.54899635e-05
 2.54821425e-05 2.54802752e-05 2.33181860e-05 2.33167730e-05
 2.33163653e-05 2.33161833e-05 2.30835043e-05 2.25624820e-05
 2.25601821e-05 2.25419266e-05 2.25406694e-05 2.22000404e-05
 2.21919320e-05 2.21897386e-05 2.21887835e-05 1.88917228e-05
 1.88766518e-05 1.77044304e-05 1.76940684e-05 1.75699397e-05
 1.75683295e-05 1.68769559e-05 1.68756793e-05 1.46380157e-05
 1.41532645e-05 1.41506905e-05 1.41480832e-05 1.41430431e-05
 1.40482053e-05 1.40366342e-05 1.32467403e-05 9.76447037e-06
 8.91249074e-06 4.76245449e-06 3.82071027e-06 3.58533574e-06
 3.30171790e-06 3.30170920e-06 3.04733447e-06 3.04714178e-06]
S [1.77239436e-02 5.08221825e-03 5.08220290e-03 5.08212718e-03
 5.08211575e-03 6.64540887e-04 6.63333186e-04 5.81427347e-04
 5.81426454e-04 5.80862084e-04 5.80857926e-04 5.65051702e-04
 5.32625860e-04 5.32526405e-04 2.85968896e-04 2.85397796e-04
 1.01087755e-04 1.01086558e-04 1.01085210e-04 1.01084933e-04
 1.00874978e-04 1.00874566e-04 1.00873386e-04 1.00872942e-04
 6.17644409e-05 6.17618000e-05 3.65182736e-05 3.65067364e-05
 3.64921867e-05 3.64677944e-05 2.54915415e-05 2.54899635e-05
 2.54821425e-05 2.54802752e-05 2.33181860e-05 2.33167730e-05
 2.33163653e-05 2.33161833e-05 2.30835043e-05 2.25624820e-05
 2.25601821e-05 2.25419266e-05 2.25406694e-05 2.22000404e-05
 2.21919320e-05 2.21897386e-05 2.21887835e-05 1.88917228e-05
 1.88766518e-05 1.77044304e-05 1.76940684e-05 1.75699397e-05
 1.75683295e-05 1.68769559e-05 1.68756793e-05 1.46380157e-05
 1.41532645e-05 1.41506905e-05 1.41480832e-05 1.41430431e-05
 1.40482053e-05 1.40366342e-05 1.32467403e-05 9.76447037e-06
 8.91249074e-06 4.76245449e-06 3.82071027e-06 3.58533574e-06
 3.30171790e-06 3.30170920e-06 3.04733447e-06 3.04714178e-06]
Tr(P1@P2)= (71.99999999999999+0j) |P1@P2|^2= 71.99999999999999
Start coarse graining.
Local iteration:8, time= 5.14e-01 s
Local iteration:16, time= 5.06e-01 s
Local iteration:24, time= 5.06e-01 s
Local iteration:32, time= 5.08e-01 s
Local iteration:40, time= 5.07e-01 s
Local iteration:48, time= 5.06e-01 s
Local iteration:56, time= 5.05e-01 s
Local iteration:64, time= 5.07e-01 s
Local iteration:72, time= 5.06e-01 s
Local iteration:80, time= 3.97e-01 s
Local iteration:88, time= 3.90e-01 s
Local iteration:96, time= 3.88e-01 s
Local iteration:104, time= 3.88e-01 s
Local iteration:112, time= 3.88e-01 s
Local iteration:120, time= 3.89e-01 s
Local iteration:128, time= 3.88e-01 s
Local iteration:136, time= 3.88e-01 s
Local iteration:144, time= 3.90e-01 s
Local iteration:152, time= 3.94e-01 s
Local iteration:160, time= 3.93e-01 s
Local iteration:168, time= 3.92e-01 s
Local iteration:176, time= 3.91e-01 s
Local iteration:184, time= 3.92e-01 s
Local iteration:192, time= 3.93e-01 s
Local iteration:200, time= 3.94e-01 s
Local iteration:208, time= 3.91e-01 s
Local iteration:216, time= 3.92e-01 s
Local iteration:224, time= 3.44e-01 s
Local iteration:232, time= 3.43e-01 s
Local iteration:240, time= 3.43e-01 s
Local iteration:248, time= 3.43e-01 s
Local iteration:256, time= 3.44e-01 s
Local iteration:264, time= 3.44e-01 s
Local iteration:272, time= 3.42e-01 s
Local iteration:280, time= 3.44e-01 s
Coarse graining calculation finished, time= 1.74e+01 s
4-th rgstep finished. lnZ/V=(-5.6013949090760455+0j). c=0.23710408929135085
start 5-th rgstep. Coarse graining direction is Y
Reduced density matrix calculation finished, time= 2.50e+00 s
Reduced density matrix calculation finished, time= 2.48e+00 s
eL [9.51455266e-02 7.78982320e-03 7.78982318e-03 7.78982205e-03
 7.78982205e-03 1.55211410e-03 1.55211288e-03 3.23331156e-04
 3.23331123e-04 1.50162972e-04 1.50162972e-04 1.50162907e-04
 1.50162906e-04 1.50162881e-04 1.50162881e-04 1.50162816e-04
 1.50162816e-04 1.08881029e-04 1.08820232e-04 1.03422087e-04
 1.03422034e-04 1.02998575e-04 1.02998575e-04 1.02975398e-04
 1.02975397e-04 9.99238916e-05 9.21384780e-05 9.21384774e-05
 8.80319211e-05 8.80319210e-05 4.71710965e-05 4.71109318e-05
 3.29288558e-05 3.29288555e-05 3.29284182e-05 3.29284121e-05
 3.29144840e-05 3.29144832e-05 3.29140627e-05 3.29140605e-05
 2.53317079e-05 5.27868557e-06 5.27868556e-06 3.80937169e-06
 3.44238197e-06 3.44238196e-06 3.35015287e-06 3.35015286e-06
 2.89817941e-06 2.89817938e-06 2.89817501e-06 2.89817500e-06
 2.87664696e-06 2.83473846e-06 2.83472970e-06 2.64389897e-06
 1.58322929e-06 1.50558809e-06 1.50558782e-06 1.43855516e-06
 1.43855490e-06 1.30058003e-06 1.30057999e-06 1.21876771e-06
 1.21876767e-06 1.15022474e-06 1.10137669e-06 1.08095347e-06
 1.08095324e-06 1.04405637e-06 7.71247616e-07 7.70475290e-07]
eR [9.51455266e-02 7.78982320e-03 7.78982318e-03 7.78982205e-03
 7.78982205e-03 1.55211410e-03 1.55211288e-03 3.23331156e-04
 3.23331123e-04 1.50162972e-04 1.50162972e-04 1.50162907e-04
 1.50162906e-04 1.50162881e-04 1.50162881e-04 1.50162816e-04
 1.50162816e-04 1.08881029e-04 1.08820232e-04 1.03422087e-04
 1.03422034e-04 1.02998575e-04 1.02998575e-04 1.02975398e-04
 1.02975397e-04 9.99238916e-05 9.21384780e-05 9.21384774e-05
 8.80319211e-05 8.80319210e-05 4.71710965e-05 4.71109318e-05
 3.29288558e-05 3.29288555e-05 3.29284182e-05 3.29284121e-05
 3.29144840e-05 3.29144832e-05 3.29140627e-05 3.29140605e-05
 2.53317079e-05 5.27868557e-06 5.27868556e-06 3.80937169e-06
 3.44238197e-06 3.44238196e-06 3.35015287e-06 3.35015286e-06
 2.89817941e-06 2.89817938e-06 2.89817501e-06 2.89817500e-06
 2.87664696e-06 2.83473846e-06 2.83472970e-06 2.64389897e-06
 1.58322929e-06 1.50558809e-06 1.50558782e-06 1.43855516e-06
 1.43855490e-06 1.30058003e-06 1.30057999e-06 1.21876771e-06
 1.21876767e-06 1.15022474e-06 1.10137669e-06 1.08095347e-06
 1.08095324e-06 1.04405637e-06 7.71247616e-07 7.70475290e-07]
S [9.51455266e-02 7.78982320e-03 7.78982318e-03 7.78982205e-03
 7.78982205e-03 1.55211410e-03 1.55211288e-03 3.23331156e-04
 3.23331123e-04 1.50162972e-04 1.50162972e-04 1.50162907e-04
 1.50162906e-04 1.50162881e-04 1.50162881e-04 1.50162816e-04
 1.50162816e-04 1.08881029e-04 1.08820232e-04 1.03422087e-04
 1.03422034e-04 1.02998575e-04 1.02998575e-04 1.02975398e-04
 1.02975397e-04 9.99238916e-05 9.21384780e-05 9.21384774e-05
 8.80319211e-05 8.80319210e-05 4.71710965e-05 4.71109318e-05
 3.29288558e-05 3.29288555e-05 3.29284182e-05 3.29284121e-05
 3.29144840e-05 3.29144832e-05 3.29140627e-05 3.29140605e-05
 2.53317079e-05 5.27868557e-06 5.27868556e-06 3.80937169e-06
 3.44238197e-06 3.44238196e-06 3.35015287e-06 3.35015286e-06
 2.89817941e-06 2.89817938e-06 2.89817501e-06 2.89817500e-06
 2.87664696e-06 2.83473846e-06 2.83472970e-06 2.64389897e-06
 1.58322929e-06 1.50558809e-06 1.50558782e-06 1.43855516e-06
 1.43855490e-06 1.30058003e-06 1.30057999e-06 1.21876771e-06
 1.21876767e-06 1.15022474e-06 1.10137669e-06 1.08095347e-06
 1.08095324e-06 1.04405637e-06 7.71247616e-07 7.70475290e-07]
Tr(P1@P2)= (72+0j) |P1@P2|^2= 72.00000000000001
Start coarse graining.
Local iteration:8, time= 5.12e-01 s
Local iteration:16, time= 5.05e-01 s
Local iteration:24, time= 5.05e-01 s
Local iteration:32, time= 5.05e-01 s
Local iteration:40, time= 5.06e-01 s
Local iteration:48, time= 5.06e-01 s
Local iteration:56, time= 5.06e-01 s
Local iteration:64, time= 5.06e-01 s
Local iteration:72, time= 5.03e-01 s
Local iteration:80, time= 3.97e-01 s
Local iteration:88, time= 3.89e-01 s
Local iteration:96, time= 3.89e-01 s
Local iteration:104, time= 3.89e-01 s
Local iteration:112, time= 3.90e-01 s
Local iteration:120, time= 3.89e-01 s
Local iteration:128, time= 3.90e-01 s
Local iteration:136, time= 3.89e-01 s
Local iteration:144, time= 3.90e-01 s
Local iteration:152, time= 3.93e-01 s
Local iteration:160, time= 3.93e-01 s
Local iteration:168, time= 3.91e-01 s
Local iteration:176, time= 3.93e-01 s
Local iteration:184, time= 3.92e-01 s
Local iteration:192, time= 3.91e-01 s
Local iteration:200, time= 3.91e-01 s
Local iteration:208, time= 3.92e-01 s
Local iteration:216, time= 3.91e-01 s
Local iteration:224, time= 3.46e-01 s
Local iteration:232, time= 3.43e-01 s
Local iteration:240, time= 3.44e-01 s
Local iteration:248, time= 3.44e-01 s
Local iteration:256, time= 3.44e-01 s
Local iteration:264, time= 3.44e-01 s
Local iteration:272, time= 3.43e-01 s
Local iteration:280, time= 3.42e-01 s
Coarse graining calculation finished, time= 1.74e+01 s
5-th rgstep finished. lnZ/V=(-5.62998667661711+0j). c=0.40054203514523634
start 6-th rgstep. Coarse graining direction is X
Reduced density matrix calculation finished, time= 2.49e+00 s
Reduced density matrix calculation finished, time= 2.50e+00 s
eL [3.36712022e-01 5.52191321e-03 5.52191284e-03 2.25118731e-03
 2.25118731e-03 2.25118731e-03 2.25118731e-03 1.16659797e-03
 1.16659797e-03 3.31298640e-04 3.31298640e-04 3.16533175e-04
 3.16533175e-04 1.69445597e-04 1.69443913e-04 9.05582393e-05
 4.37600542e-05 4.37600542e-05 4.37600542e-05 4.37600542e-05
 4.37600535e-05 4.37600535e-05 4.37600535e-05 4.37600535e-05
 1.91318721e-05 1.91318721e-05 9.14361684e-06 9.14361684e-06
 9.14361680e-06 9.14361680e-06 9.14318119e-06 9.14318119e-06
 9.14318117e-06 9.14318117e-06 5.43323421e-06 5.43323421e-06
 5.19108534e-06 5.19108534e-06 4.04309357e-06 2.77888031e-06
 2.77887468e-06 1.14820276e-06 1.14820276e-06 1.09703008e-06
 1.09703008e-06 8.50843832e-07 8.50843832e-07 8.50843832e-07
 8.50843832e-07 5.87263361e-07 5.87263359e-07 4.19794913e-07
 4.19680378e-07 4.07512328e-07 4.07512328e-07 4.02024049e-07
 4.02024049e-07 4.01964311e-07 4.01964311e-07 3.90679678e-07
 3.26083911e-07 3.11550758e-07 3.11550758e-07 2.97666531e-07
 1.77783013e-07 1.77783013e-07 1.77783013e-07 1.77783012e-07
 1.77782657e-07 1.77782657e-07 1.77782656e-07 1.77782656e-07]
eR [3.36712022e-01 5.52191321e-03 5.52191284e-03 2.25118731e-03
 2.25118731e-03 2.25118731e-03 2.25118731e-03 1.16659797e-03
 1.16659797e-03 3.31298640e-04 3.31298640e-04 3.16533175e-04
 3.16533175e-04 1.69445597e-04 1.69443913e-04 9.05582393e-05
 4.37600542e-05 4.37600542e-05 4.37600542e-05 4.37600542e-05
 4.37600535e-05 4.37600535e-05 4.37600535e-05 4.37600535e-05
 1.91318721e-05 1.91318721e-05 9.14361684e-06 9.14361684e-06
 9.14361680e-06 9.14361680e-06 9.14318119e-06 9.14318119e-06
 9.14318117e-06 9.14318117e-06 5.43323421e-06 5.43323421e-06
 5.19108534e-06 5.19108534e-06 4.04309357e-06 2.77888031e-06
 2.77887468e-06 1.14820276e-06 1.14820276e-06 1.09703008e-06
 1.09703008e-06 8.50843832e-07 8.50843832e-07 8.50843832e-07
 8.50843832e-07 5.87263361e-07 5.87263359e-07 4.19794913e-07
 4.19680378e-07 4.07512328e-07 4.07512328e-07 4.02024049e-07
 4.02024049e-07 4.01964311e-07 4.01964311e-07 3.90679678e-07
 3.26083911e-07 3.11550758e-07 3.11550758e-07 2.97666531e-07
 1.77783013e-07 1.77783013e-07 1.77783013e-07 1.77783012e-07
 1.77782657e-07 1.77782657e-07 1.77782656e-07 1.77782656e-07]
S [3.36712022e-01 5.52191321e-03 5.52191284e-03 2.25118731e-03
 2.25118731e-03 2.25118731e-03 2.25118731e-03 1.16659797e-03
 1.16659797e-03 3.31298640e-04 3.31298640e-04 3.16533175e-04
 3.16533175e-04 1.69445597e-04 1.69443913e-04 9.05582393e-05
 4.37600542e-05 4.37600542e-05 4.37600542e-05 4.37600542e-05
 4.37600535e-05 4.37600535e-05 4.37600535e-05 4.37600535e-05
 1.91318721e-05 1.91318721e-05 9.14361684e-06 9.14361684e-06
 9.14361680e-06 9.14361680e-06 9.14318119e-06 9.14318119e-06
 9.14318117e-06 9.14318117e-06 5.43323421e-06 5.43323421e-06
 5.19108534e-06 5.19108534e-06 4.04309357e-06 2.77888031e-06
 2.77887468e-06 1.14820276e-06 1.14820276e-06 1.09703008e-06
 1.09703008e-06 8.50843832e-07 8.50843832e-07 8.50843832e-07
 8.50843832e-07 5.87263361e-07 5.87263359e-07 4.19794913e-07
 4.19680378e-07 4.07512328e-07 4.07512328e-07 4.02024049e-07
 4.02024049e-07 4.01964311e-07 4.01964311e-07 3.90679678e-07
 3.26083911e-07 3.11550758e-07 3.11550758e-07 2.97666531e-07
 1.77783013e-07 1.77783013e-07 1.77783013e-07 1.77783012e-07
 1.77782657e-07 1.77782657e-07 1.77782656e-07 1.77782656e-07]
Tr(P1@P2)= (72.00000000000007+0j) |P1@P2|^2= 72.00000000000016
Start coarse graining.
Local iteration:8, time= 5.11e-01 s
Local iteration:16, time= 5.05e-01 s
Local iteration:24, time= 5.05e-01 s
Local iteration:32, time= 5.07e-01 s
Local iteration:40, time= 5.08e-01 s
Local iteration:48, time= 5.07e-01 s
Local iteration:56, time= 5.04e-01 s
Local iteration:64, time= 5.04e-01 s
Local iteration:72, time= 5.05e-01 s
Local iteration:80, time= 3.96e-01 s
Local iteration:88, time= 3.89e-01 s
Local iteration:96, time= 3.90e-01 s
Local iteration:104, time= 3.89e-01 s
Local iteration:112, time= 3.89e-01 s
Local iteration:120, time= 3.88e-01 s
Local iteration:128, time= 3.89e-01 s
Local iteration:136, time= 3.88e-01 s
Local iteration:144, time= 3.89e-01 s
Local iteration:152, time= 3.92e-01 s
Local iteration:160, time= 3.90e-01 s
Local iteration:168, time= 3.92e-01 s
Local iteration:176, time= 3.91e-01 s
Local iteration:184, time= 3.91e-01 s
Local iteration:192, time= 3.91e-01 s
Local iteration:200, time= 3.94e-01 s
Local iteration:208, time= 3.92e-01 s
Local iteration:216, time= 3.93e-01 s
Local iteration:224, time= 3.43e-01 s
Local iteration:232, time= 3.42e-01 s
Local iteration:240, time= 3.43e-01 s
Local iteration:248, time= 3.43e-01 s
Local iteration:256, time= 3.44e-01 s
Local iteration:264, time= 3.43e-01 s
Local iteration:272, time= 3.42e-01 s
Local iteration:280, time= 3.42e-01 s
Coarse graining calculation finished, time= 1.74e+01 s
6-th rgstep finished. lnZ/V=(-5.637587970665415+0j). c=0.6147849057547289
start 7-th rgstep. Coarse graining direction is Y
Reduced density matrix calculation finished, time= 2.48e+00 s
Reduced density matrix calculation finished, time= 2.49e+00 s
eL [7.59805010e-01 1.24602544e-02 1.24602544e-02 2.63872438e-03
 2.63872438e-03 7.51537959e-04 7.51537959e-04 7.18042534e-04
 7.18042534e-04 3.83646376e-04 3.83646376e-04 2.04339189e-04
 4.32731773e-05 4.32731773e-05 3.38805009e-05 3.38805009e-05
 3.38805009e-05 3.38805009e-05 1.23246806e-05 1.23246806e-05
 1.17753798e-05 1.17753798e-05 9.16403692e-06 6.29152391e-06
 6.29152391e-06 2.61001925e-06 2.61001925e-06 2.49369285e-06
 2.49369285e-06 1.33236707e-06 1.33236707e-06 7.43371409e-07
 7.10239960e-07 7.10239960e-07 6.78585152e-07 6.61265719e-07
 6.61265719e-07 6.61265719e-07 6.61265719e-07 6.61265719e-07
 6.61265719e-07 6.61265719e-07 6.61265719e-07 3.79477503e-07
 3.79477503e-07 3.62564505e-07 3.62564505e-07 1.93716323e-07
 1.40239607e-07 1.40239607e-07 1.40239607e-07 1.40239607e-07
 1.40239607e-07 1.40239607e-07 1.40239607e-07 1.40239607e-07
 1.29065361e-08 1.29065361e-08 1.29065361e-08 1.29065361e-08
 2.73718612e-09 2.73718612e-09 2.73718612e-09 2.73718612e-09
 2.73718612e-09 2.73718612e-09 2.73718612e-09 2.73718612e-09
 5.80716919e-10 5.80716919e-10 5.80716918e-10 5.80716918e-10]
eR [7.59805010e-01 1.24602544e-02 1.24602544e-02 2.63872438e-03
 2.63872438e-03 7.51537959e-04 7.51537959e-04 7.18042534e-04
 7.18042534e-04 3.83646376e-04 3.83646376e-04 2.04339189e-04
 4.32731773e-05 4.32731773e-05 3.38805009e-05 3.38805009e-05
 3.38805009e-05 3.38805009e-05 1.23246806e-05 1.23246806e-05
 1.17753798e-05 1.17753798e-05 9.16403692e-06 6.29152391e-06
 6.29152391e-06 2.61001925e-06 2.61001925e-06 2.49369285e-06
 2.49369285e-06 1.33236707e-06 1.33236707e-06 7.43371409e-07
 7.10239960e-07 7.10239960e-07 6.78585152e-07 6.61265719e-07
 6.61265719e-07 6.61265719e-07 6.61265719e-07 6.61265719e-07
 6.61265719e-07 6.61265719e-07 6.61265719e-07 3.79477503e-07
 3.79477503e-07 3.62564505e-07 3.62564505e-07 1.93716323e-07
 1.40239607e-07 1.40239607e-07 1.40239607e-07 1.40239607e-07
 1.40239607e-07 1.40239607e-07 1.40239607e-07 1.40239607e-07
 1.29065361e-08 1.29065361e-08 1.29065361e-08 1.29065361e-08
 2.73718612e-09 2.73718612e-09 2.73718612e-09 2.73718612e-09
 2.73718612e-09 2.73718612e-09 2.73718612e-09 2.73718612e-09
 5.80716919e-10 5.80716919e-10 5.80716918e-10 5.80716918e-10]
S [7.59805010e-01 1.24602544e-02 1.24602544e-02 2.63872438e-03
 2.63872438e-03 7.51537959e-04 7.51537959e-04 7.18042534e-04
 7.18042534e-04 3.83646376e-04 3.83646376e-04 2.04339189e-04
 4.32731773e-05 4.32731773e-05 3.38805009e-05 3.38805009e-05
 3.38805009e-05 3.38805009e-05 1.23246806e-05 1.23246806e-05
 1.17753798e-05 1.17753798e-05 9.16403692e-06 6.29152391e-06
 6.29152391e-06 2.61001925e-06 2.61001925e-06 2.49369285e-06
 2.49369285e-06 1.33236707e-06 1.33236707e-06 7.43371409e-07
 7.10239960e-07 7.10239960e-07 6.78585152e-07 6.61265719e-07
 6.61265719e-07 6.61265719e-07 6.61265719e-07 6.61265719e-07
 6.61265719e-07 6.61265719e-07 6.61265719e-07 3.79477503e-07
 3.79477503e-07 3.62564505e-07 3.62564505e-07 1.93716323e-07
 1.40239607e-07 1.40239607e-07 1.40239607e-07 1.40239607e-07
 1.40239607e-07 1.40239607e-07 1.40239607e-07 1.40239607e-07
 1.29065361e-08 1.29065361e-08 1.29065361e-08 1.29065361e-08
 2.73718612e-09 2.73718612e-09 2.73718612e-09 2.73718612e-09
 2.73718612e-09 2.73718612e-09 2.73718612e-09 2.73718612e-09
 5.80716919e-10 5.80716919e-10 5.80716918e-10 5.80716918e-10]
Tr(P1@P2)= (72.00000000000011+0j) |P1@P2|^2= 72.00000000000023
Start coarse graining.
Local iteration:8, time= 5.11e-01 s
Local iteration:16, time= 5.04e-01 s
Local iteration:24, time= 5.04e-01 s
Local iteration:32, time= 5.04e-01 s
Local iteration:40, time= 5.04e-01 s
Local iteration:48, time= 5.03e-01 s
Local iteration:56, time= 5.03e-01 s
Local iteration:64, time= 5.04e-01 s
Local iteration:72, time= 5.04e-01 s
Local iteration:80, time= 3.95e-01 s
Local iteration:88, time= 3.90e-01 s
Local iteration:96, time= 3.89e-01 s
Local iteration:104, time= 3.87e-01 s
Local iteration:112, time= 3.89e-01 s
Local iteration:120, time= 3.88e-01 s
Local iteration:128, time= 3.89e-01 s
Local iteration:136, time= 3.91e-01 s
Local iteration:144, time= 3.90e-01 s
Local iteration:152, time= 3.92e-01 s
Local iteration:160, time= 3.91e-01 s
Local iteration:168, time= 3.91e-01 s
Local iteration:176, time= 3.92e-01 s
Local iteration:184, time= 3.92e-01 s
Local iteration:192, time= 3.91e-01 s
Local iteration:200, time= 3.92e-01 s
Local iteration:208, time= 3.91e-01 s
Local iteration:216, time= 3.92e-01 s
Local iteration:224, time= 3.44e-01 s
Local iteration:232, time= 3.43e-01 s
Local iteration:240, time= 3.43e-01 s
Local iteration:248, time= 3.43e-01 s
Local iteration:256, time= 3.43e-01 s
Local iteration:264, time= 3.44e-01 s
Local iteration:272, time= 3.43e-01 s
Local iteration:280, time= 3.43e-01 s
Coarse graining calculation finished, time= 1.74e+01 s
7-th rgstep finished. lnZ/V=(-5.638779257216546+0j). c=0.8585720484287505
start 8-th rgstep. Coarse graining direction is X
Reduced density matrix calculation finished, time= 2.48e+00 s
Reduced density matrix calculation finished, time= 2.48e+00 s
eL [1.01712680e+00 1.66801402e-02 1.66801402e-02 3.53236949e-03
 3.53236949e-03 1.00655607e-03 1.00655607e-03 9.61694684e-04
 9.61694684e-04 5.14802691e-04 5.14802691e-04 2.73542176e-04
 5.79282922e-05 5.79282922e-05 1.65067879e-05 1.65067879e-05
 1.57710938e-05 1.57710938e-05 1.22675307e-05 8.44238997e-06
 8.44238997e-06 3.49565851e-06 3.49565851e-06 3.33985986e-06
 3.33985986e-06 1.78785312e-06 1.78785312e-06 9.96095452e-07
 9.51700290e-07 9.51700290e-07 9.09283784e-07 5.09452614e-07
 5.09452614e-07 4.86746726e-07 4.86746726e-07 2.60559820e-07
 2.01750870e-09 2.01750870e-09 2.01750870e-09 2.01750870e-09
 3.93767011e-11 3.93767011e-11 3.93767011e-11 3.93767011e-11
 3.93767011e-11 3.93767011e-11 3.93767011e-11 3.93767011e-11
 8.38483016e-12 8.38483016e-12 8.38483016e-12 8.38483016e-12
 8.38483016e-12 8.38483016e-12 8.38483016e-12 8.38483016e-12
 7.68534279e-13 7.68534279e-13 7.68534279e-13 7.68534279e-13
 1.63650819e-13 1.63650819e-13 1.63650819e-13 1.63650819e-13
 1.63650819e-13 1.63650819e-13 1.63650819e-13 1.63650819e-13
 3.48482223e-14 3.48482221e-14 3.48482220e-14 3.48482220e-14]
eR [1.01712680e+00 1.66801402e-02 1.66801402e-02 3.53236949e-03
 3.53236949e-03 1.00655607e-03 1.00655607e-03 9.61694684e-04
 9.61694684e-04 5.14802691e-04 5.14802691e-04 2.73542176e-04
 5.79282922e-05 5.79282922e-05 1.65067879e-05 1.65067879e-05
 1.57710938e-05 1.57710938e-05 1.22675307e-05 8.44238997e-06
 8.44238997e-06 3.49565851e-06 3.49565851e-06 3.33985986e-06
 3.33985986e-06 1.78785312e-06 1.78785312e-06 9.96095452e-07
 9.51700290e-07 9.51700290e-07 9.09283784e-07 5.09452614e-07
 5.09452614e-07 4.86746726e-07 4.86746726e-07 2.60559820e-07
 2.01750870e-09 2.01750870e-09 2.01750870e-09 2.01750870e-09
 3.93767011e-11 3.93767011e-11 3.93767011e-11 3.93767011e-11
 3.93767011e-11 3.93767011e-11 3.93767011e-11 3.93767011e-11
 8.38483016e-12 8.38483016e-12 8.38483016e-12 8.38483016e-12
 8.38483016e-12 8.38483016e-12 8.38483016e-12 8.38483016e-12
 7.68534279e-13 7.68534279e-13 7.68534279e-13 7.68534279e-13
 1.63650819e-13 1.63650819e-13 1.63650819e-13 1.63650819e-13
 1.63650819e-13 1.63650819e-13 1.63650819e-13 1.63650819e-13
 3.48482221e-14 3.48482220e-14 3.48482220e-14 3.48482220e-14]
S [1.01712680e+00 1.66801402e-02 1.66801402e-02 3.53236949e-03
 3.53236949e-03 1.00655607e-03 1.00655607e-03 9.61694684e-04
 9.61694684e-04 5.14802691e-04 5.14802691e-04 2.73542176e-04
 5.79282922e-05 5.79282922e-05 1.65067879e-05 1.65067879e-05
 1.57710938e-05 1.57710938e-05 1.22675307e-05 8.44238997e-06
 8.44238997e-06 3.49565851e-06 3.49565851e-06 3.33985986e-06
 3.33985986e-06 1.78785312e-06 1.78785312e-06 9.96095452e-07
 9.51700290e-07 9.51700290e-07 9.09283784e-07 5.09452614e-07
 5.09452614e-07 4.86746726e-07 4.86746726e-07 2.60559820e-07
 2.01750870e-09 2.01750870e-09 2.01750870e-09 2.01750870e-09
 3.93767011e-11 3.93767011e-11 3.93767011e-11 3.93767011e-11
 3.93767011e-11 3.93767011e-11 3.93767011e-11 3.93767011e-11
 8.38483016e-12 8.38483016e-12 8.38483016e-12 8.38483016e-12
 8.38483016e-12 8.38483016e-12 8.38483016e-12 8.38483016e-12
 7.68534279e-13 7.68534279e-13 7.68534279e-13 7.68534279e-13
 1.63650819e-13 1.63650819e-13 1.63650819e-13 1.63650819e-13
 1.63650819e-13 1.63650819e-13 1.63650819e-13 1.63650819e-13
 3.48482221e-14 3.48482221e-14 3.48482220e-14 3.48482220e-14]
Tr(P1@P2)= (71.9999999999981+0j) |P1@P2|^2= 72.00000000000071
Start coarse graining.
Local iteration:8, time= 5.13e-01 s
Local iteration:16, time= 5.02e-01 s
Local iteration:24, time= 5.04e-01 s
Local iteration:32, time= 5.03e-01 s
Local iteration:40, time= 5.04e-01 s
Local iteration:48, time= 5.02e-01 s
Local iteration:56, time= 5.04e-01 s
Local iteration:64, time= 5.03e-01 s
Local iteration:72, time= 5.03e-01 s
Local iteration:80, time= 3.95e-01 s
Local iteration:88, time= 3.89e-01 s
Local iteration:96, time= 3.88e-01 s
Local iteration:104, time= 3.89e-01 s
Local iteration:112, time= 3.90e-01 s
Local iteration:120, time= 3.88e-01 s
Local iteration:128, time= 3.88e-01 s
Local iteration:136, time= 3.87e-01 s
Local iteration:144, time= 3.88e-01 s
Local iteration:152, time= 3.91e-01 s
Local iteration:160, time= 3.91e-01 s
Local iteration:168, time= 3.91e-01 s
Local iteration:176, time= 3.91e-01 s
Local iteration:184, time= 3.91e-01 s
Local iteration:192, time= 3.90e-01 s
Local iteration:200, time= 3.92e-01 s
Local iteration:208, time= 3.91e-01 s
Local iteration:216, time= 3.90e-01 s
Local iteration:224, time= 3.46e-01 s
Local iteration:232, time= 3.44e-01 s
Local iteration:240, time= 3.43e-01 s
Local iteration:248, time= 3.45e-01 s
Local iteration:256, time= 3.43e-01 s
Local iteration:264, time= 3.43e-01 s
Local iteration:272, time= 3.45e-01 s
Local iteration:280, time= 3.44e-01 s
Coarse graining calculation finished, time= 1.74e+01 s
8-th rgstep finished. lnZ/V=(-5.638831013633973+0j). c=0.986837747268403
start 9-th rgstep. Coarse graining direction is Y
Reduced density matrix calculation finished, time= 2.47e+00 s
Reduced density matrix calculation finished, time= 2.47e+00 s
eL [1.04434731e+00 1.71265369e-02 1.71265369e-02 3.62690330e-03
 3.62690330e-03 1.03349364e-03 1.03349364e-03 9.87431676e-04
 9.87431676e-04 5.28579905e-04 5.28579905e-04 2.80862757e-04
 5.94785780e-05 5.94785780e-05 1.69485446e-05 1.69485446e-05
 1.61931618e-05 1.61931618e-05 1.25958361e-05 8.66832627e-06
 8.66832627e-06 3.58920971e-06 3.58920971e-06 3.42924156e-06
 3.42924156e-06 1.83569985e-06 1.83569985e-06 1.02275278e-06
 9.77169521e-07 9.77169521e-07 9.33617873e-07 5.23086493e-07
 5.23086493e-07 4.99772955e-07 4.99772955e-07 2.67532375e-07
 1.49987111e-17 1.05055792e-17 9.13247365e-18 8.12117133e-18
 7.87478546e-18 7.37414074e-18 6.92795977e-18 6.82097796e-18
 5.98558998e-18 4.61684939e-18 4.58192300e-18 4.38075707e-18
 4.09893187e-18 4.09893187e-18 4.09893187e-18 4.09893187e-18
 4.06506023e-18 4.05182028e-18 3.96412252e-18 3.47343612e-18
 3.32287913e-18 3.28332486e-18 3.13073733e-18 2.90467304e-18
 2.52446682e-18 2.50667128e-18 2.20712967e-18 2.05166198e-18
 1.62038042e-18 1.52567912e-18 1.41743755e-18 1.31350283e-18
 8.13990701e-19 6.80073079e-19 6.11161157e-19 5.43867590e-19]
eR [1.04434731e+00 1.71265369e-02 1.71265369e-02 3.62690330e-03
 3.62690330e-03 1.03349364e-03 1.03349364e-03 9.87431676e-04
 9.87431676e-04 5.28579905e-04 5.28579905e-04 2.80862757e-04
 5.94785780e-05 5.94785780e-05 1.69485446e-05 1.69485446e-05
 1.61931618e-05 1.61931618e-05 1.25958361e-05 8.66832627e-06
 8.66832627e-06 3.58920971e-06 3.58920971e-06 3.42924156e-06
 3.42924156e-06 1.83569985e-06 1.83569985e-06 1.02275278e-06
 9.77169521e-07 9.77169521e-07 9.33617873e-07 5.23086493e-07
 5.23086493e-07 4.99772955e-07 4.99772955e-07 2.67532375e-07
 8.73705692e-18 8.46718243e-18 8.30317654e-18 7.87855509e-18
 7.26710369e-18 6.94839334e-18 6.80453188e-18 5.81122989e-18
 5.63508682e-18 5.21230524e-18 4.78762774e-18 4.52681510e-18
 4.35079168e-18 4.33340792e-18 4.19093998e-18 4.09893187e-18
 4.09893187e-18 4.09893187e-18 4.09893187e-18 3.77097800e-18
 3.47850299e-18 3.33845616e-18 3.13850285e-18 2.68505803e-18
 2.56919447e-18 2.40138946e-18 2.30041180e-18 1.91231410e-18
 1.75183066e-18 1.67548594e-18 1.59605399e-18 1.48143526e-18
 1.28716683e-18 8.97435882e-19 8.03060460e-19 6.85677365e-19]
S [1.04434731e+00 1.71265369e-02 1.71265369e-02 3.62690330e-03
 3.62690330e-03 1.03349364e-03 1.03349364e-03 9.87431676e-04
 9.87431676e-04 5.28579905e-04 5.28579905e-04 2.80862757e-04
 5.94785780e-05 5.94785780e-05 1.69485446e-05 1.69485446e-05
 1.61931618e-05 1.61931618e-05 1.25958361e-05 8.66832627e-06
 8.66832627e-06 3.58920971e-06 3.58920971e-06 3.42924156e-06
 3.42924156e-06 1.83569985e-06 1.83569985e-06 1.02275278e-06
 9.77169521e-07 9.77169521e-07 9.33617873e-07 5.23086493e-07
 5.23086493e-07 4.99772955e-07 4.99772955e-07 2.67532375e-07
 7.72000955e-18 6.76283616e-18 6.55462804e-18 5.94998758e-18
 5.57108449e-18 5.18326642e-18 5.13705113e-18 4.52751775e-18
 4.39126881e-18 4.09894623e-18 4.09893670e-18 4.09892725e-18
 4.09891301e-18 4.07618666e-18 3.90723548e-18 3.70832269e-18
 3.36804770e-18 3.25906706e-18 3.08859151e-18 3.04244157e-18
 2.77626194e-18 2.60959543e-18 2.46184654e-18 2.20686812e-18
 1.97712805e-18 1.94586185e-18 1.82971943e-18 1.72119949e-18
 1.48562892e-18 1.35671444e-18 1.26501637e-18 1.15613636e-18
 9.83918472e-19 8.28626013e-19 7.75019093e-19 7.15673752e-19]
Tr(P1@P2)= (71.99998347270636+0j) |P1@P2|^2= 87.42925440428282
Start coarse graining.
Local iteration:8, time= 5.06e-01 s
Local iteration:16, time= 5.05e-01 s
Local iteration:24, time= 5.01e-01 s
Local iteration:32, time= 5.02e-01 s
Local iteration:40, time= 5.03e-01 s
Local iteration:48, time= 5.02e-01 s
Local iteration:56, time= 5.04e-01 s
Local iteration:64, time= 5.02e-01 s
Local iteration:72, time= 5.03e-01 s
Local iteration:80, time= 3.94e-01 s
Local iteration:88, time= 3.87e-01 s
Local iteration:96, time= 3.88e-01 s
Local iteration:104, time= 3.89e-01 s
Local iteration:112, time= 3.87e-01 s
Local iteration:120, time= 3.88e-01 s
Local iteration:128, time= 3.88e-01 s
Local iteration:136, time= 3.88e-01 s
Local iteration:144, time= 3.87e-01 s
Local iteration:152, time= 3.90e-01 s
Local iteration:160, time= 3.91e-01 s
Local iteration:168, time= 3.91e-01 s
Local iteration:176, time= 3.90e-01 s
Local iteration:184, time= 3.90e-01 s
Local iteration:192, time= 3.92e-01 s
Local iteration:200, time= 3.92e-01 s
Local iteration:208, time= 3.92e-01 s
Local iteration:216, time= 3.92e-01 s
Local iteration:224, time= 3.44e-01 s
Local iteration:232, time= 3.44e-01 s
Local iteration:240, time= 3.43e-01 s
Local iteration:248, time= 3.43e-01 s
Local iteration:256, time= 3.43e-01 s
Local iteration:264, time= 3.42e-01 s
Local iteration:272, time= 3.43e-01 s
Local iteration:280, time= 3.46e-01 s
Coarse graining calculation finished, time= 1.74e+01 s
9-th rgstep finished. lnZ/V=(-5.638831187387649+0j). c=0.9999110420748607
start 10-th rgstep. Coarse graining direction is X
Reduced density matrix calculation finished, time= 2.49e+00 s
Reduced density matrix calculation finished, time= 2.47e+00 s
eL [1.04453314e+00 1.71295843e-02 1.71295843e-02 3.62754865e-03
 3.62754865e-03 1.03367754e-03 1.03367754e-03 9.87607375e-04
 9.87607375e-04 5.28673957e-04 5.28673957e-04 2.80912732e-04
 5.94891614e-05 5.94891614e-05 1.69515604e-05 1.69515604e-05
 1.61960431e-05 1.61960431e-05 1.25980773e-05 8.66986866e-06
 8.66986866e-06 3.58984836e-06 3.58984836e-06 3.42985174e-06
 3.42985174e-06 1.83602648e-06 1.83602648e-06 1.02293476e-06
 9.77343393e-07 9.77343393e-07 9.33783996e-07 5.23179568e-07
 5.23179568e-07 4.99861881e-07 4.99861881e-07 2.67579977e-07
 1.40574549e-17 9.42902900e-18 9.14314375e-18 8.92933202e-18
 7.99687738e-18 7.98015120e-18 7.87119826e-18 7.55321543e-18
 6.95484578e-18 6.46968292e-18 5.83272003e-18 5.26904016e-18
 5.08816047e-18 4.95948009e-18 4.31913187e-18 4.25330951e-18
 3.73670901e-18 3.55809656e-18 3.38455321e-18 3.36121178e-18
 2.76571009e-18 2.17025463e-18 2.03999455e-18 1.88821882e-18
 1.85043281e-18 1.65579887e-18 1.51753191e-18 1.31781259e-18
 1.20681117e-18 8.54420194e-19 5.40091707e-19 4.77473759e-19
 4.40254993e-19 4.13287959e-19 3.73926951e-19 3.46601025e-19]
eR [1.04453314e+00 1.71295843e-02 1.71295843e-02 3.62754865e-03
 3.62754865e-03 1.03367754e-03 1.03367754e-03 9.87607375e-04
 9.87607375e-04 5.28673957e-04 5.28673957e-04 2.80912732e-04
 5.94891614e-05 5.94891614e-05 1.69515604e-05 1.69515604e-05
 1.61960431e-05 1.61960431e-05 1.25980773e-05 8.66986866e-06
 8.66986866e-06 3.58984836e-06 3.58984836e-06 3.42985174e-06
 3.42985174e-06 1.83602648e-06 1.83602648e-06 1.02293476e-06
 9.77343393e-07 9.77343393e-07 9.33783996e-07 5.23179568e-07
 5.23179568e-07 4.99861881e-07 4.99861881e-07 2.67579977e-07
 1.54355888e-17 1.08095481e-17 9.28099269e-18 9.20221664e-18
 7.99672581e-18 7.47415854e-18 7.04570467e-18 6.88640236e-18
 6.38881403e-18 6.28225586e-18 5.78490445e-18 5.03897677e-18
 4.85075807e-18 4.71520382e-18 4.47436784e-18 4.14304437e-18
 3.82665829e-18 3.67965883e-18 3.53129761e-18 3.14842661e-18
 3.07093268e-18 2.88420476e-18 2.82363791e-18 2.02445545e-18
 1.67100405e-18 1.55517765e-18 1.53937175e-18 1.23843365e-18
 9.63515577e-19 8.01159920e-19 6.36219668e-19 6.00658333e-19
 5.09961907e-19 5.08187778e-19 4.32822940e-19 3.21767194e-19]
S [1.04453314e+00 1.71295843e-02 1.71295843e-02 3.62754865e-03
 3.62754865e-03 1.03367754e-03 1.03367754e-03 9.87607375e-04
 9.87607375e-04 5.28673957e-04 5.28673957e-04 2.80912732e-04
 5.94891614e-05 5.94891614e-05 1.69515604e-05 1.69515604e-05
 1.61960431e-05 1.61960431e-05 1.25980773e-05 8.66986866e-06
 8.66986866e-06 3.58984836e-06 3.58984836e-06 3.42985174e-06
 3.42985174e-06 1.83602648e-06 1.83602648e-06 1.02293476e-06
 9.77343393e-07 9.77343393e-07 9.33783996e-07 5.23179568e-07
 5.23179568e-07 4.99861881e-07 4.99861881e-07 2.67579977e-07
 8.62228600e-18 7.99860523e-18 7.23039918e-18 6.99351721e-18
 6.29514056e-18 5.68001161e-18 5.26197957e-18 5.18294522e-18
 4.89711386e-18 4.79559667e-18 4.57142718e-18 4.32753088e-18
 3.95840437e-18 3.69884292e-18 3.62710032e-18 3.16370425e-18
 3.02518105e-18 2.60273929e-18 2.47595100e-18 2.23478246e-18
 1.90921675e-18 1.74278072e-18 1.50253070e-18 1.42992042e-18
 1.30235043e-18 1.27707606e-18 1.21896778e-18 1.00406531e-18
 9.72324050e-19 8.65433048e-19 8.20620880e-19 5.94210342e-19
 5.34383633e-19 5.08196198e-19 4.67966841e-19 4.39610652e-19]
Tr(P1@P2)= (71.99999578298869+0j) |P1@P2|^2= 91.04449215576449
Start coarse graining.
Local iteration:8, time= 5.09e-01 s
Local iteration:16, time= 5.04e-01 s
Local iteration:24, time= 5.04e-01 s
Local iteration:32, time= 5.03e-01 s
Local iteration:40, time= 5.04e-01 s
Local iteration:48, time= 5.02e-01 s
Local iteration:56, time= 5.02e-01 s
Local iteration:64, time= 5.02e-01 s
Local iteration:72, time= 5.02e-01 s
Local iteration:80, time= 3.96e-01 s
Local iteration:88, time= 3.88e-01 s
Local iteration:96, time= 3.89e-01 s
Local iteration:104, time= 3.88e-01 s
Local iteration:112, time= 3.89e-01 s
Local iteration:120, time= 3.88e-01 s
Local iteration:128, time= 3.87e-01 s
Local iteration:136, time= 3.87e-01 s
Local iteration:144, time= 3.87e-01 s
Local iteration:152, time= 3.92e-01 s
Local iteration:160, time= 3.91e-01 s
Local iteration:168, time= 3.90e-01 s
Local iteration:176, time= 3.91e-01 s
Local iteration:184, time= 3.90e-01 s
Local iteration:192, time= 3.90e-01 s
Local iteration:200, time= 3.91e-01 s
Local iteration:208, time= 3.91e-01 s
Local iteration:216, time= 3.90e-01 s
Local iteration:224, time= 3.45e-01 s
Local iteration:232, time= 3.44e-01 s
Local iteration:240, time= 3.44e-01 s
Local iteration:248, time= 3.42e-01 s
Local iteration:256, time= 3.44e-01 s
Local iteration:264, time= 3.43e-01 s
Local iteration:272, time= 3.42e-01 s
Local iteration:280, time= 3.43e-01 s
Coarse graining calculation finished, time= 1.74e+01 s
10-th rgstep finished. lnZ/V=(-5.638831187391514+0j). c=0.999999996042071
start 11-th rgstep. Coarse graining direction is Y
Reduced density matrix calculation finished, time= 2.48e+00 s
Reduced density matrix calculation finished, time= 2.48e+00 s
eL [1.04453315e+00 1.71295844e-02 1.71295844e-02 3.62754868e-03
 3.62754868e-03 1.03367755e-03 1.03367755e-03 9.87607383e-04
 9.87607383e-04 5.28673962e-04 5.28673962e-04 2.80912735e-04
 5.94891618e-05 5.94891618e-05 1.69515605e-05 1.69515605e-05
 1.61960433e-05 1.61960433e-05 1.25980774e-05 8.66986873e-06
 8.66986873e-06 3.58984838e-06 3.58984838e-06 3.42985177e-06
 3.42985177e-06 1.83602650e-06 1.83602650e-06 1.02293477e-06
 9.77343401e-07 9.77343401e-07 9.33784003e-07 5.23179572e-07
 5.23179572e-07 4.99861885e-07 4.99861885e-07 2.67579979e-07
 1.46976202e-17 9.69312280e-18 7.92880504e-18 6.41686016e-18
 5.99327549e-18 5.12458869e-18 4.88690538e-18 4.37989929e-18
 4.21282695e-18 4.16185263e-18 3.73837194e-18 3.56398547e-18
 3.27831799e-18 2.42534152e-18 2.14636070e-18 2.14595689e-18
 1.80308031e-18 1.67631732e-18 1.58438570e-18 1.40138668e-18
 1.31942524e-18 1.19935444e-18 1.15021345e-18 1.07773244e-18
 9.48022404e-19 7.53288570e-19 6.59184715e-19 6.40871055e-19
 5.71700718e-19 5.23390283e-19 4.04103089e-19 3.75023751e-19
 2.67838795e-19 2.28821190e-19 1.96340211e-19 1.93575028e-19]
eR [1.04453315e+00 1.71295844e-02 1.71295844e-02 3.62754868e-03
 3.62754868e-03 1.03367755e-03 1.03367755e-03 9.87607383e-04
 9.87607383e-04 5.28673962e-04 5.28673962e-04 2.80912735e-04
 5.94891618e-05 5.94891618e-05 1.69515605e-05 1.69515605e-05
 1.61960433e-05 1.61960433e-05 1.25980774e-05 8.66986873e-06
 8.66986873e-06 3.58984838e-06 3.58984838e-06 3.42985177e-06
 3.42985177e-06 1.83602650e-06 1.83602650e-06 1.02293477e-06
 9.77343401e-07 9.77343401e-07 9.33784003e-07 5.23179572e-07
 5.23179572e-07 4.99861885e-07 4.99861885e-07 2.67579979e-07
 1.00518112e-17 8.21154647e-18 7.70269046e-18 6.07394543e-18
 5.70796990e-18 5.55541865e-18 5.19669904e-18 4.91976362e-18
 4.51391996e-18 4.04880865e-18 3.98080751e-18 3.90879736e-18
 3.83358232e-18 3.82073453e-18 3.42388550e-18 3.20028858e-18
 2.82221116e-18 2.55740999e-18 2.19060537e-18 2.13104482e-18
 1.92026650e-18 1.83358864e-18 1.69319125e-18 1.59342448e-18
 1.04007051e-18 9.24742641e-19 7.49971366e-19 6.65764068e-19
 5.67268303e-19 5.59708695e-19 4.23359937e-19 3.90758540e-19
 3.33330909e-19 3.17813708e-19 2.77149553e-19 2.03714150e-19]
S [1.04453315e+00 1.71295844e-02 1.71295844e-02 3.62754868e-03
 3.62754868e-03 1.03367755e-03 1.03367755e-03 9.87607383e-04
 9.87607383e-04 5.28673962e-04 5.28673962e-04 2.80912735e-04
 5.94891618e-05 5.94891618e-05 1.69515605e-05 1.69515605e-05
 1.61960433e-05 1.61960433e-05 1.25980774e-05 8.66986873e-06
 8.66986873e-06 3.58984838e-06 3.58984838e-06 3.42985177e-06
 3.42985177e-06 1.83602650e-06 1.83602650e-06 1.02293477e-06
 9.77343401e-07 9.77343401e-07 9.33784003e-07 5.23179572e-07
 5.23179572e-07 4.99861885e-07 4.99861885e-07 2.67579979e-07
 6.17881392e-18 5.59528566e-18 5.14248118e-18 4.96820568e-18
 4.35813698e-18 4.18959569e-18 4.06127246e-18 3.78904419e-18
 3.44594025e-18 3.06183186e-18 2.97602746e-18 2.80226184e-18
 2.62609315e-18 2.53992267e-18 2.35642751e-18 2.19550376e-18
 1.89896183e-18 1.87464242e-18 1.73080986e-18 1.51238655e-18
 1.49625079e-18 1.34022170e-18 1.22485363e-18 1.11973913e-18
 9.41836331e-19 8.68667907e-19 7.17322662e-19 5.98739404e-19
 5.56277754e-19 5.02739801e-19 4.54354952e-19 3.89069081e-19
 3.46878125e-19 3.25133995e-19 3.09836931e-19 2.11192684e-19]
Tr(P1@P2)= (72.00004634615769+0j) |P1@P2|^2= 88.78285268710142
Start coarse graining.
Local iteration:8, time= 5.08e-01 s
Local iteration:16, time= 5.04e-01 s
Local iteration:24, time= 5.01e-01 s
Local iteration:32, time= 5.03e-01 s
Local iteration:40, time= 5.01e-01 s
Local iteration:48, time= 5.01e-01 s
Local iteration:56, time= 5.02e-01 s
Local iteration:64, time= 5.02e-01 s
Local iteration:72, time= 5.01e-01 s
Local iteration:80, time= 3.97e-01 s
Local iteration:88, time= 3.88e-01 s
Local iteration:96, time= 3.87e-01 s
Local iteration:104, time= 3.89e-01 s
Local iteration:112, time= 3.87e-01 s
Local iteration:120, time= 3.89e-01 s
Local iteration:128, time= 3.87e-01 s
Local iteration:136, time= 3.89e-01 s
Local iteration:144, time= 3.89e-01 s
Local iteration:152, time= 3.90e-01 s
Local iteration:160, time= 3.90e-01 s
Local iteration:168, time= 3.91e-01 s
Local iteration:176, time= 3.94e-01 s
Local iteration:184, time= 3.92e-01 s
Local iteration:192, time= 3.90e-01 s
Local iteration:200, time= 3.91e-01 s
Local iteration:208, time= 3.91e-01 s
Local iteration:216, time= 3.90e-01 s
Local iteration:224, time= 3.43e-01 s
Local iteration:232, time= 3.42e-01 s
Local iteration:240, time= 3.44e-01 s
Local iteration:248, time= 3.43e-01 s
Local iteration:256, time= 3.42e-01 s
Local iteration:264, time= 3.44e-01 s
Local iteration:272, time= 3.43e-01 s
Local iteration:280, time= 3.43e-01 s
Coarse graining calculation finished, time= 1.74e+01 s
11-th rgstep finished. lnZ/V=(-5.638831187391514+0j). c=1.0
start 12-th rgstep. Coarse graining direction is X
Reduced density matrix calculation finished, time= 2.50e+00 s
Reduced density matrix calculation finished, time= 2.47e+00 s
eL [1.04453315e+00 1.71295844e-02 1.71295844e-02 3.62754868e-03
 3.62754868e-03 1.03367755e-03 1.03367755e-03 9.87607383e-04
 9.87607383e-04 5.28673962e-04 5.28673962e-04 2.80912735e-04
 5.94891618e-05 5.94891618e-05 1.69515605e-05 1.69515605e-05
 1.61960433e-05 1.61960433e-05 1.25980774e-05 8.66986873e-06
 8.66986873e-06 3.58984838e-06 3.58984838e-06 3.42985177e-06
 3.42985177e-06 1.83602650e-06 1.83602650e-06 1.02293477e-06
 9.77343401e-07 9.77343401e-07 9.33784003e-07 5.23179572e-07
 5.23179572e-07 4.99861885e-07 4.99861885e-07 2.67579979e-07
 1.27607695e-17 1.11561777e-17 1.10640616e-17 9.65828861e-18
 9.49061504e-18 9.28942935e-18 7.65914247e-18 6.71443198e-18
 6.48390514e-18 5.22783954e-18 4.81477431e-18 4.32449356e-18
 4.10375954e-18 4.00819778e-18 3.83977097e-18 2.85867249e-18
 2.75858470e-18 2.26538126e-18 2.05663566e-18 2.03321330e-18
 1.83074792e-18 1.62038547e-18 1.49566331e-18 1.48627846e-18
 1.09058790e-18 1.01229273e-18 7.76911998e-19 7.38539025e-19
 6.91296320e-19 5.86433261e-19 4.28159528e-19 3.96226883e-19
 3.80214358e-19 3.72166063e-19 2.64852104e-19 2.09325315e-19]
eR [1.04453315e+00 1.71295844e-02 1.71295844e-02 3.62754868e-03
 3.62754868e-03 1.03367755e-03 1.03367755e-03 9.87607383e-04
 9.87607383e-04 5.28673962e-04 5.28673962e-04 2.80912735e-04
 5.94891618e-05 5.94891618e-05 1.69515605e-05 1.69515605e-05
 1.61960433e-05 1.61960433e-05 1.25980774e-05 8.66986873e-06
 8.66986873e-06 3.58984838e-06 3.58984838e-06 3.42985177e-06
 3.42985177e-06 1.83602650e-06 1.83602650e-06 1.02293477e-06
 9.77343401e-07 9.77343401e-07 9.33784003e-07 5.23179572e-07
 5.23179572e-07 4.99861885e-07 4.99861885e-07 2.67579979e-07
 1.57497341e-17 1.46688405e-17 1.34629405e-17 8.81044727e-18
 8.22948360e-18 7.36940267e-18 5.75550035e-18 5.61238010e-18
 5.19831319e-18 4.66717657e-18 3.82859647e-18 3.66243406e-18
 3.48308222e-18 3.20108331e-18 2.92144456e-18 2.86673902e-18
 2.83084308e-18 2.06006685e-18 2.00257326e-18 1.73372821e-18
 1.59748411e-18 1.46665429e-18 1.37090365e-18 1.34563967e-18
 1.19167410e-18 1.07846578e-18 9.10419828e-19 8.43343819e-19
 7.05980386e-19 7.02669179e-19 5.28566172e-19 5.01824540e-19
 4.06894794e-19 3.77565378e-19 2.90579558e-19 2.43738647e-19]
S [1.04453315e+00 1.71295844e-02 1.71295844e-02 3.62754868e-03
 3.62754868e-03 1.03367755e-03 1.03367755e-03 9.87607383e-04
 9.87607383e-04 5.28673962e-04 5.28673962e-04 2.80912735e-04
 5.94891618e-05 5.94891618e-05 1.69515605e-05 1.69515605e-05
 1.61960433e-05 1.61960433e-05 1.25980774e-05 8.66986873e-06
 8.66986873e-06 3.58984838e-06 3.58984838e-06 3.42985177e-06
 3.42985177e-06 1.83602650e-06 1.83602650e-06 1.02293477e-06
 9.77343401e-07 9.77343401e-07 9.33784003e-07 5.23179572e-07
 5.23179572e-07 4.99861885e-07 4.99861885e-07 2.67579979e-07
 9.91627633e-18 8.10512060e-18 7.47753713e-18 6.60352441e-18
 6.41015865e-18 5.29682176e-18 5.19129667e-18 4.61429839e-18
 4.45946942e-18 4.16851449e-18 3.61678831e-18 3.41600796e-18
 3.12610827e-18 3.11730868e-18 2.90725615e-18 2.56064223e-18
 2.22220752e-18 2.15443030e-18 1.87417691e-18 1.61214348e-18
 1.55664313e-18 1.44996613e-18 1.35044441e-18 1.11141732e-18
 1.04753949e-18 9.36463975e-19 8.43061720e-19 7.90011694e-19
 6.67873542e-19 5.36520604e-19 5.18629170e-19 4.75852934e-19
 4.22294280e-19 3.63382573e-19 3.04736281e-19 2.51247942e-19]
Tr(P1@P2)= (71.9999867364935+0j) |P1@P2|^2= 81.71471518715695
Start coarse graining.
Local iteration:8, time= 5.09e-01 s
Local iteration:16, time= 5.00e-01 s
Local iteration:24, time= 5.00e-01 s
Local iteration:32, time= 5.02e-01 s
Local iteration:40, time= 5.01e-01 s
Local iteration:48, time= 5.03e-01 s
Local iteration:56, time= 5.01e-01 s
Local iteration:64, time= 5.00e-01 s
Local iteration:72, time= 5.02e-01 s
Local iteration:80, time= 3.95e-01 s
Local iteration:88, time= 3.87e-01 s
Local iteration:96, time= 3.90e-01 s
Local iteration:104, time= 3.90e-01 s
Local iteration:112, time= 3.91e-01 s
Local iteration:120, time= 3.87e-01 s
Local iteration:128, time= 3.89e-01 s
Local iteration:136, time= 3.87e-01 s
Local iteration:144, time= 3.89e-01 s
Local iteration:152, time= 3.92e-01 s
Local iteration:160, time= 3.91e-01 s
Local iteration:168, time= 3.92e-01 s
Local iteration:176, time= 3.93e-01 s
Local iteration:184, time= 3.91e-01 s
Local iteration:192, time= 3.92e-01 s
Local iteration:200, time= 3.91e-01 s
Local iteration:208, time= 3.90e-01 s
Local iteration:216, time= 3.92e-01 s
Local iteration:224, time= 3.45e-01 s
Local iteration:232, time= 3.44e-01 s
Local iteration:240, time= 3.43e-01 s
Local iteration:248, time= 3.45e-01 s
Local iteration:256, time= 3.43e-01 s
Local iteration:264, time= 3.42e-01 s
Local iteration:272, time= 3.44e-01 s
Local iteration:280, time= 3.44e-01 s
Coarse graining calculation finished, time= 1.74e+01 s
12-th rgstep finished. lnZ/V=(-5.638831187391514+0j). c=0.9999999999999999
beta=40.96, eps=None, lnZ/V=(-5.638831187391514+0j), time=6.88e+02s
