Global iters:25. Local iters:25. 6.37e-03 sec/local_iter
Global iters:50. Local iters:50. 1.45e-03 sec/local_iter
Global iters:75. Local iters:75. 9.47e-04 sec/local_iter
Global iters:100. Local iters:100. 7.00e-04 sec/local_iter
Global iters:125. Local iters:125. 5.76e-04 sec/local_iter
Global iters:150. Local iters:150. 4.77e-04 sec/local_iter
Global iters:175. Local iters:175. 3.94e-04 sec/local_iter
Global iters:200. Local iters:200. 3.44e-04 sec/local_iter
Global iters:225. Local iters:225. 3.09e-04 sec/local_iter
Global iters:250. Local iters:250. 2.79e-04 sec/local_iter
Global iters:275. Local iters:275. 2.52e-04 sec/local_iter
Global iters:300. Local iters:300. 2.30e-04 sec/local_iter
Global iters:325. Local iters:325. 2.13e-04 sec/local_iter
Global iters:350. Local iters:350. 1.98e-04 sec/local_iter
Global iters:375. Local iters:375. 1.84e-04 sec/local_iter
Global iters:400. Local iters:400. 1.72e-04 sec/local_iter
Global iters:425. Local iters:425. 1.61e-04 sec/local_iter
Global iters:450. Local iters:450. 1.57e-04 sec/local_iter
Global iters:475. Local iters:475. 1.41e-04 sec/local_iter
Global iters:500. Local iters:500. 1.35e-04 sec/local_iter
Global iters:525. Local iters:525. 1.28e-04 sec/local_iter
Global iters:550. Local iters:550. 1.22e-04 sec/local_iter
Global iters:575. Local iters:575. 1.17e-04 sec/local_iter
Global iters:600. Local iters:600. 1.12e-04 sec/local_iter
Global iters:625. Local iters:625. 1.08e-04 sec/local_iter
Global iters:650. Local iters:650. 1.03e-04 sec/local_iter
Global iters:675. Local iters:675. 9.97e-05 sec/local_iter
Global iters:700. Local iters:700. 9.60e-05 sec/local_iter
Global iters:725. Local iters:725. 9.28e-05 sec/local_iter
Global iters:750. Local iters:750. 9.00e-05 sec/local_iter
Global iters:775. Local iters:775. 8.66e-05 sec/local_iter
Global iters:800. Local iters:800. 8.42e-05 sec/local_iter
Global iters:825. Local iters:825. 8.37e-05 sec/local_iter
Global iters:850. Local iters:850. 7.89e-05 sec/local_iter
Global iters:875. Local iters:875. 7.67e-05 sec/local_iter
Global iters:900. Local iters:900. 7.49e-05 sec/local_iter
Global iters:925. Local iters:925. 7.25e-05 sec/local_iter
Global iters:950. Local iters:950. 7.06e-05 sec/local_iter
Global iters:975. Local iters:975. 6.92e-05 sec/local_iter
Global iters:1000. Local iters:1000. 6.73e-05 sec/local_iter
Global iters:1025. Local iters:1025. 6.58e-05 sec/local_iter
Global iters:1050. Local iters:1050. 6.40e-05 sec/local_iter
Global iters:1075. Local iters:1075. 6.27e-05 sec/local_iter
Global iters:1100. Local iters:1100. 6.15e-05 sec/local_iter
Global iters:1125. Local iters:1125. 5.98e-05 sec/local_iter
Global iters:1150. Local iters:1150. 5.88e-05 sec/local_iter
Global iters:1175. Local iters:1175. 5.74e-05 sec/local_iter
Global iters:1200. Local iters:1200. 5.63e-05 sec/local_iter
Global iters:1225. Local iters:1225. 5.50e-05 sec/local_iter
Global iters:1250. Local iters:1250. 5.41e-05 sec/local_iter
Global iters:1275. Local iters:1275. 5.29e-05 sec/local_iter
Tot iteration 1296. Time= 3.62e+00 s
Calculation of leg U0 finished.
keep 0 on rank0
keep 1 on rank0
keep 2 on rank0
keep 3 on rank0
eigen values for 0th leg at rank0 are [4.04634614e-05 4.00795498e-05 4.00795498e-05 3.96489726e-05
 3.05115719e-05 2.97717541e-05 2.97717541e-05 2.94475864e-05
 2.87859033e-05 2.87859033e-05 2.85942582e-05 2.84636524e-05
 2.83901220e-05 2.79405241e-05 2.79405241e-05 2.73843266e-05
 2.33592658e-05 2.26051992e-05 2.24155787e-05 2.24155787e-05
 2.15028946e-05 2.15028946e-05 2.14549878e-05 2.07668015e-05
 2.02738287e-05 2.02738287e-05 1.98419122e-05 1.97716111e-05
 1.83474042e-05 1.82607570e-05 1.76830000e-05 1.76830000e-05
 1.68213843e-05 1.62817598e-05 1.62817598e-05 1.61268982e-05
 1.59824131e-05 1.59824131e-05 1.59182745e-05 1.45778723e-05
 1.42034386e-05 1.27440335e-05 1.27440335e-05 1.20515931e-05
 1.18136664e-05 1.17142140e-05 1.17142140e-05 1.17004798e-05
 1.08680883e-05 1.07718674e-05 1.06376530e-05 1.06376530e-05
 1.01982733e-05 9.96241845e-06 9.96241845e-06 9.83200435e-06
 9.14786473e-06 8.93029829e-06 8.76998392e-06 8.76998392e-06
 8.49495651e-06 8.26991393e-06 7.95676509e-06 7.95676509e-06
 7.34366869e-06 7.34366869e-06 7.32018842e-06 7.13472398e-06
 7.13472398e-06 7.04343256e-06 7.04148002e-06 6.99296648e-06]
eigen values for 1th leg at rank0 are [4.04634614e-05 4.00795498e-05 4.00795498e-05 3.96489726e-05
 3.05115719e-05 2.97717541e-05 2.97717541e-05 2.94475864e-05
 2.87859033e-05 2.87859033e-05 2.85942582e-05 2.84636524e-05
 2.83901220e-05 2.79405241e-05 2.79405241e-05 2.73843266e-05
 2.33592658e-05 2.26051992e-05 2.24155787e-05 2.24155787e-05
 2.15028946e-05 2.15028946e-05 2.14549878e-05 2.07668015e-05
 2.02738287e-05 2.02738287e-05 1.98419122e-05 1.97716111e-05
 1.83474042e-05 1.82607570e-05 1.76830000e-05 1.76830000e-05
 1.68213843e-05 1.62817598e-05 1.62817598e-05 1.61268982e-05
 1.59824131e-05 1.59824131e-05 1.59182745e-05 1.45778723e-05
 1.42034386e-05 1.27440335e-05 1.27440335e-05 1.20515931e-05
 1.18136664e-05 1.17142140e-05 1.17142140e-05 1.17004798e-05
 1.08680883e-05 1.07718674e-05 1.06376530e-05 1.06376530e-05
 1.01982733e-05 9.96241845e-06 9.96241845e-06 9.83200435e-06
 9.14786473e-06 8.93029829e-06 8.76998392e-06 8.76998392e-06
 8.49495651e-06 8.26991393e-06 7.95676509e-06 7.95676509e-06
 7.34366869e-06 7.34366869e-06 7.32018842e-06 7.13472398e-06
 7.13472398e-06 7.04343256e-06 7.04148002e-06 6.99296648e-06]
eigen values for 2th leg at rank0 are [4.04634614e-05 4.00795498e-05 4.00795498e-05 3.96489726e-05
 3.05115719e-05 2.97717541e-05 2.97717541e-05 2.94475864e-05
 2.87859033e-05 2.87859033e-05 2.85942582e-05 2.84636524e-05
 2.83901220e-05 2.79405241e-05 2.79405241e-05 2.73843266e-05
 2.33592658e-05 2.26051992e-05 2.24155787e-05 2.24155787e-05
 2.15028946e-05 2.15028946e-05 2.14549878e-05 2.07668015e-05
 2.02738287e-05 2.02738287e-05 1.98419122e-05 1.97716111e-05
 1.83474042e-05 1.82607570e-05 1.76830000e-05 1.76830000e-05
 1.68213843e-05 1.62817598e-05 1.62817598e-05 1.61268982e-05
 1.59824131e-05 1.59824131e-05 1.59182745e-05 1.45778723e-05
 1.42034386e-05 1.27440335e-05 1.27440335e-05 1.20515931e-05
 1.18136664e-05 1.17142140e-05 1.17142140e-05 1.17004798e-05
 1.08680883e-05 1.07718674e-05 1.06376530e-05 1.06376530e-05
 1.01982733e-05 9.96241845e-06 9.96241845e-06 9.83200435e-06
 9.14786473e-06 8.93029829e-06 8.76998392e-06 8.76998392e-06
 8.49495651e-06 8.26991393e-06 7.95676509e-06 7.95676509e-06
 7.34366869e-06 7.34366869e-06 7.32018842e-06 7.13472398e-06
 7.13472398e-06 7.04343256e-06 7.04148002e-06 6.99296648e-06]
eigen values for 3th leg at rank0 are [4.04634614e-05 4.00795498e-05 4.00795498e-05 3.96489726e-05
 3.05115719e-05 2.97717541e-05 2.97717541e-05 2.94475864e-05
 2.87859033e-05 2.87859033e-05 2.85942582e-05 2.84636524e-05
 2.83901220e-05 2.79405241e-05 2.79405241e-05 2.73843266e-05
 2.33592658e-05 2.26051992e-05 2.24155787e-05 2.24155787e-05
 2.15028946e-05 2.15028946e-05 2.14549878e-05 2.07668015e-05
 2.02738287e-05 2.02738287e-05 1.98419122e-05 1.97716111e-05
 1.83474042e-05 1.82607570e-05 1.76830000e-05 1.76830000e-05
 1.68213843e-05 1.62817598e-05 1.62817598e-05 1.61268982e-05
 1.59824131e-05 1.59824131e-05 1.59182745e-05 1.45778723e-05
 1.42034386e-05 1.27440335e-05 1.27440335e-05 1.20515931e-05
 1.18136664e-05 1.17142140e-05 1.17142140e-05 1.17004798e-05
 1.08680883e-05 1.07718674e-05 1.06376530e-05 1.06376530e-05
 1.01982733e-05 9.96241845e-06 9.96241845e-06 9.83200435e-06
 9.14786473e-06 8.93029829e-06 8.76998392e-06 8.76998392e-06
 8.49495651e-06 8.26991393e-06 7.95676509e-06 7.95676509e-06
 7.34366869e-06 7.34366869e-06 7.32018842e-06 7.13472398e-06
 7.13472398e-06 7.04343256e-06 7.04148002e-06 6.99296648e-06]
At rank 0. Tr(V_{U,c0}V_{U,a0})=(72+0j), norm(V_{U,c0}V_{U,a0})=71.99999999999999,Tr(V_{U,d0}V_{U,b0})=(72+0j), norm(V_{U,d0}V_{U,b0})=71.99999999999999
n=25, 25 times finished. Time= 7.98e-02 s. Size of A: 2.50e-02 Gbytes
n=50, 50 times finished. Time= 7.45e-02 s. Size of A: 2.50e-02 Gbytes
n=75, 75 times finished. Time= 7.38e-02 s. Size of A: 2.50e-02 Gbytes
n=100, 100 times finished. Time= 7.50e-02 s. Size of A: 2.50e-02 Gbytes
n=125, 125 times finished. Time= 7.32e-02 s. Size of A: 2.50e-02 Gbytes
n=150, 150 times finished. Time= 7.83e-02 s. Size of A: 2.50e-02 Gbytes
n=175, 175 times finished. Time= 8.84e-02 s. Size of A: 2.50e-02 Gbytes
n=200, 200 times finished. Time= 8.85e-02 s. Size of A: 2.50e-02 Gbytes
n=225, 225 times finished. Time= 8.84e-02 s. Size of A: 2.50e-02 Gbytes
n=250, 250 times finished. Time= 8.84e-02 s. Size of A: 2.50e-02 Gbytes
n=275, 275 times finished. Time= 8.85e-02 s. Size of A: 2.50e-02 Gbytes
n=300, 300 times finished. Time= 8.84e-02 s. Size of A: 2.50e-02 Gbytes
n=325, 325 times finished. Time= 8.85e-02 s. Size of A: 2.50e-02 Gbytes
n=350, 350 times finished. Time= 8.86e-02 s. Size of A: 2.50e-02 Gbytes
n=375, 375 times finished. Time= 8.83e-02 s. Size of A: 2.50e-02 Gbytes
n=400, 400 times finished. Time= 8.85e-02 s. Size of A: 2.50e-02 Gbytes
n=425, 425 times finished. Time= 8.84e-02 s. Size of A: 2.50e-02 Gbytes
n=450, 450 times finished. Time= 8.85e-02 s. Size of A: 2.50e-02 Gbytes
n=475, 475 times finished. Time= 8.84e-02 s. Size of A: 2.50e-02 Gbytes
n=500, 500 times finished. Time= 8.84e-02 s. Size of A: 2.50e-02 Gbytes
n=525, 525 times finished. Time= 8.84e-02 s. Size of A: 2.50e-02 Gbytes
n=550, 550 times finished. Time= 8.85e-02 s. Size of A: 2.50e-02 Gbytes
n=575, 575 times finished. Time= 8.85e-02 s. Size of A: 2.50e-02 Gbytes
n=600, 600 times finished. Time= 8.83e-02 s. Size of A: 2.50e-02 Gbytes
n=625, 625 times finished. Time= 8.84e-02 s. Size of A: 2.50e-02 Gbytes
n=650, 650 times finished. Time= 8.84e-02 s. Size of A: 2.50e-02 Gbytes
n=675, 675 times finished. Time= 8.85e-02 s. Size of A: 2.50e-02 Gbytes
n=700, 700 times finished. Time= 8.85e-02 s. Size of A: 2.50e-02 Gbytes
n=725, 725 times finished. Time= 8.85e-02 s. Size of A: 2.50e-02 Gbytes
n=750, 750 times finished. Time= 8.84e-02 s. Size of A: 2.50e-02 Gbytes
n=775, 775 times finished. Time= 8.85e-02 s. Size of A: 2.50e-02 Gbytes
n=800, 800 times finished. Time= 8.84e-02 s. Size of A: 2.50e-02 Gbytes
n=825, 825 times finished. Time= 8.85e-02 s. Size of A: 2.50e-02 Gbytes
n=850, 850 times finished. Time= 8.84e-02 s. Size of A: 2.50e-02 Gbytes
n=875, 875 times finished. Time= 8.84e-02 s. Size of A: 2.50e-02 Gbytes
n=900, 900 times finished. Time= 8.85e-02 s. Size of A: 2.50e-02 Gbytes
n=925, 925 times finished. Time= 8.84e-02 s. Size of A: 2.50e-02 Gbytes
n=950, 950 times finished. Time= 8.84e-02 s. Size of A: 2.50e-02 Gbytes
n=975, 975 times finished. Time= 8.84e-02 s. Size of A: 2.50e-02 Gbytes
n=1000, 1000 times finished. Time= 8.85e-02 s. Size of A: 2.50e-02 Gbytes
n=1025, 1025 times finished. Time= 8.83e-02 s. Size of A: 2.50e-02 Gbytes
n=1050, 1050 times finished. Time= 8.85e-02 s. Size of A: 2.50e-02 Gbytes
n=1075, 1075 times finished. Time= 8.85e-02 s. Size of A: 2.50e-02 Gbytes
n=1100, 1100 times finished. Time= 8.84e-02 s. Size of A: 2.50e-02 Gbytes
n=1125, 1125 times finished. Time= 8.84e-02 s. Size of A: 2.50e-02 Gbytes
n=1150, 1150 times finished. Time= 8.85e-02 s. Size of A: 2.50e-02 Gbytes
n=1175, 1175 times finished. Time= 8.85e-02 s. Size of A: 2.50e-02 Gbytes
n=1200, 1200 times finished. Time= 8.84e-02 s. Size of A: 2.50e-02 Gbytes
n=1225, 1225 times finished. Time= 8.85e-02 s. Size of A: 2.50e-02 Gbytes
n=1250, 1250 times finished. Time= 8.84e-02 s. Size of A: 2.50e-02 Gbytes
n=1275, 1275 times finished. Time= 8.84e-02 s. Size of A: 2.50e-02 Gbytes
lnZ/V=(-3.7731261106976013+0j). c=0.022980112507228437
start 1-th rgstep. Coarse graining direction is Y
Reduced density matrix calculation finished, time= 1.96e+00 s
Reduced density matrix calculation finished, time= 1.96e+00 s
eL [0.0013974  0.00096776 0.00096562 0.00071226 0.00070647 0.00069619
 0.00066442 0.00060465 0.00052869 0.00052838 0.00050618 0.00050383
 0.00050004 0.00047534 0.00043844 0.00043195 0.0004231  0.00042037
 0.00041877 0.00041688 0.00040223 0.00037128 0.00036789 0.00033572
 0.00032076 0.00030972 0.00030581 0.00029936 0.00029319 0.00029171
 0.00028731 0.0002865  0.00028376 0.00026589 0.00026294 0.00025973
 0.00025972 0.00024905 0.00023484 0.00023396 0.00023076 0.00022648
 0.00022467 0.00022325 0.00022131 0.00021221 0.00020744 0.00020502
 0.00020429 0.00019774 0.00019336 0.00018764 0.00018494 0.00018427
 0.00018353 0.00018228 0.00017968 0.00017727 0.00017358 0.00016796
 0.00016544 0.00016404 0.00015325 0.00014754 0.00014399 0.00014297
 0.00014254 0.00013443 0.00013001 0.00012994 0.0001291  0.00012704]
eR [0.0013974  0.00096776 0.00096562 0.00071226 0.00070647 0.00069619
 0.00066442 0.00060465 0.00052869 0.00052838 0.00050618 0.00050383
 0.00050004 0.00047534 0.00043844 0.00043195 0.0004231  0.00042037
 0.00041877 0.00041688 0.00040223 0.00037128 0.00036789 0.00033572
 0.00032076 0.00030972 0.00030581 0.00029936 0.00029319 0.00029171
 0.00028731 0.0002865  0.00028376 0.00026589 0.00026294 0.00025973
 0.00025972 0.00024905 0.00023484 0.00023396 0.00023076 0.00022648
 0.00022467 0.00022325 0.00022131 0.00021221 0.00020744 0.00020502
 0.00020429 0.00019774 0.00019336 0.00018764 0.00018494 0.00018427
 0.00018353 0.00018228 0.00017968 0.00017727 0.00017358 0.00016796
 0.00016544 0.00016404 0.00015325 0.00014754 0.00014399 0.00014297
 0.00014254 0.00013443 0.00013001 0.00012994 0.0001291  0.00012704]
S [0.0013974  0.00096776 0.00096562 0.00071226 0.00070647 0.00069619
 0.00066442 0.00060465 0.00052869 0.00052838 0.00050618 0.00050383
 0.00050004 0.00047534 0.00043844 0.00043195 0.0004231  0.00042037
 0.00041877 0.00041688 0.00040223 0.00037128 0.00036789 0.00033572
 0.00032076 0.00030972 0.00030581 0.00029936 0.00029319 0.00029171
 0.00028731 0.0002865  0.00028376 0.00026589 0.00026294 0.00025973
 0.00025972 0.00024905 0.00023484 0.00023396 0.00023076 0.00022648
 0.00022467 0.00022325 0.00022131 0.00021221 0.00020744 0.00020502
 0.00020429 0.00019774 0.00019336 0.00018764 0.00018494 0.00018427
 0.00018353 0.00018228 0.00017968 0.00017727 0.00017358 0.00016796
 0.00016544 0.00016404 0.00015325 0.00014754 0.00014399 0.00014297
 0.00014254 0.00013443 0.00013001 0.00012994 0.0001291  0.00012704]
Tr(P1@P2)= (72.00000000000004+0j) |P1@P2|^2= 72.00000000000009
Start coarse graining.
Local iteration:8, time= 1.72e-01 s
Local iteration:16, time= 4.02e-03 s
Local iteration:24, time= 4.03e-03 s
Local iteration:32, time= 4.57e-03 s
Local iteration:40, time= 4.07e-03 s
Local iteration:48, time= 4.21e-03 s
Local iteration:56, time= 4.15e-03 s
Local iteration:64, time= 4.16e-03 s
Local iteration:72, time= 4.21e-03 s
Local iteration:80, time= 4.03e-03 s
Local iteration:88, time= 3.98e-03 s
Local iteration:96, time= 4.08e-03 s
Local iteration:104, time= 1.28e-01 s
Local iteration:112, time= 1.34e+00 s
Local iteration:120, time= 1.34e+00 s
Local iteration:128, time= 1.34e+00 s
Local iteration:136, time= 1.34e+00 s
Local iteration:144, time= 1.34e+00 s
Local iteration:152, time= 1.34e+00 s
Local iteration:160, time= 1.34e+00 s
Local iteration:168, time= 1.34e+00 s
Local iteration:176, time= 1.33e+00 s
Local iteration:184, time= 1.33e+00 s
Local iteration:192, time= 1.33e+00 s
Local iteration:200, time= 1.32e+00 s
Local iteration:208, time= 1.33e+00 s
Local iteration:216, time= 1.33e+00 s
Local iteration:224, time= 1.32e+00 s
Local iteration:232, time= 1.33e+00 s
Local iteration:240, time= 1.33e+00 s
Local iteration:248, time= 1.33e+00 s
Local iteration:256, time= 1.33e+00 s
Local iteration:264, time= 1.33e+00 s
Local iteration:272, time= 1.33e+00 s
Local iteration:280, time= 1.33e+00 s
Coarse graining calculation finished, time= 4.83e+01 s
1-th rgstep finished. lnZ/V=(-4.980985354849034+0j). c=0.08930315259540329
start 2-th rgstep. Coarse graining direction is X
Reduced density matrix calculation finished, time= 1.97e+00 s
Reduced density matrix calculation finished, time= 1.98e+00 s
eL [5.79681784e-03 4.41725059e-03 4.35622025e-03 4.26739910e-03
 4.25839600e-03 3.41149770e-03 3.25931190e-03 2.61430612e-03
 2.39264405e-03 2.38934921e-03 2.38884653e-03 2.38448384e-03
 2.00111224e-03 1.70866864e-03 1.33189614e-03 1.32822196e-03
 1.32529151e-03 1.30804496e-03 1.30671617e-03 1.30580649e-03
 1.27510914e-03 1.22228494e-03 9.18704696e-04 9.18277658e-04
 9.04651079e-04 9.01431278e-04 8.03152442e-04 8.00609178e-04
 7.85653502e-04 7.67964324e-04 5.91205797e-04 5.48233862e-04
 4.66605395e-04 4.43390105e-04 4.37929379e-04 4.33468655e-04
 4.30012552e-04 4.29228253e-04 4.08168675e-04 4.03891381e-04
 4.01602054e-04 3.92991389e-04 3.92951830e-04 3.84695499e-04
 3.62512903e-04 3.54429107e-04 3.32025074e-04 2.71409476e-04
 2.62870067e-04 2.55927185e-04 2.52335301e-04 2.51365061e-04
 2.48606208e-04 1.95630670e-04 1.92874727e-04 1.58005761e-04
 1.41308744e-04 1.34637189e-04 1.30320785e-04 1.20622236e-04
 1.09270505e-04 1.01991225e-04 9.66548739e-05 9.21097017e-05
 9.17147073e-05 9.11032029e-05 8.51065118e-05 8.46463237e-05
 8.35213147e-05 7.73360673e-05 7.27848881e-05 6.88239035e-05]
eR [5.79681784e-03 4.41725059e-03 4.35622025e-03 4.26739910e-03
 4.25839600e-03 3.41149770e-03 3.25931190e-03 2.61430612e-03
 2.39264405e-03 2.38934921e-03 2.38884653e-03 2.38448384e-03
 2.00111224e-03 1.70866864e-03 1.33189614e-03 1.32822196e-03
 1.32529151e-03 1.30804496e-03 1.30671617e-03 1.30580649e-03
 1.27510914e-03 1.22228494e-03 9.18704696e-04 9.18277658e-04
 9.04651079e-04 9.01431278e-04 8.03152442e-04 8.00609178e-04
 7.85653502e-04 7.67964324e-04 5.91205797e-04 5.48233862e-04
 4.66605395e-04 4.43390105e-04 4.37929379e-04 4.33468655e-04
 4.30012552e-04 4.29228253e-04 4.08168675e-04 4.03891381e-04
 4.01602054e-04 3.92991389e-04 3.92951830e-04 3.84695499e-04
 3.62512903e-04 3.54429107e-04 3.32025074e-04 2.71409476e-04
 2.62870067e-04 2.55927185e-04 2.52335301e-04 2.51365061e-04
 2.48606208e-04 1.95630670e-04 1.92874727e-04 1.58005761e-04
 1.41308744e-04 1.34637189e-04 1.30320785e-04 1.20622236e-04
 1.09270505e-04 1.01991225e-04 9.66548739e-05 9.21097017e-05
 9.17147073e-05 9.11032029e-05 8.51065118e-05 8.46463237e-05
 8.35213147e-05 7.73360673e-05 7.27848881e-05 6.88239035e-05]
S [5.79681784e-03 4.41725059e-03 4.35622025e-03 4.26739910e-03
 4.25839600e-03 3.41149770e-03 3.25931190e-03 2.61430612e-03
 2.39264405e-03 2.38934921e-03 2.38884653e-03 2.38448384e-03
 2.00111224e-03 1.70866864e-03 1.33189614e-03 1.32822196e-03
 1.32529151e-03 1.30804496e-03 1.30671617e-03 1.30580649e-03
 1.27510914e-03 1.22228494e-03 9.18704696e-04 9.18277658e-04
 9.04651079e-04 9.01431278e-04 8.03152442e-04 8.00609178e-04
 7.85653502e-04 7.67964324e-04 5.91205797e-04 5.48233862e-04
 4.66605395e-04 4.43390105e-04 4.37929379e-04 4.33468655e-04
 4.30012552e-04 4.29228253e-04 4.08168675e-04 4.03891381e-04
 4.01602054e-04 3.92991389e-04 3.92951830e-04 3.84695499e-04
 3.62512903e-04 3.54429107e-04 3.32025074e-04 2.71409476e-04
 2.62870067e-04 2.55927185e-04 2.52335301e-04 2.51365061e-04
 2.48606208e-04 1.95630670e-04 1.92874727e-04 1.58005761e-04
 1.41308744e-04 1.34637189e-04 1.30320785e-04 1.20622236e-04
 1.09270505e-04 1.01991225e-04 9.66548739e-05 9.21097017e-05
 9.17147073e-05 9.11032029e-05 8.51065118e-05 8.46463237e-05
 8.35213147e-05 7.73360673e-05 7.27848881e-05 6.88239035e-05]
Tr(P1@P2)= (72+0j) |P1@P2|^2= 71.99999999999999
Start coarse graining.
Local iteration:8, time= 5.06e-03 s
Local iteration:16, time= 4.15e-03 s
Local iteration:24, time= 4.11e-03 s
Local iteration:32, time= 4.10e-03 s
Local iteration:40, time= 4.20e-03 s
Local iteration:48, time= 4.19e-03 s
Local iteration:56, time= 4.10e-03 s
Local iteration:64, time= 4.12e-03 s
Local iteration:72, time= 4.13e-03 s
Local iteration:80, time= 4.16e-03 s
Local iteration:88, time= 4.15e-03 s
Local iteration:96, time= 4.20e-03 s
Local iteration:104, time= 2.93e-01 s
Local iteration:112, time= 1.34e+00 s
Local iteration:120, time= 1.34e+00 s
Local iteration:128, time= 1.34e+00 s
Local iteration:136, time= 1.34e+00 s
Local iteration:144, time= 1.34e+00 s
Local iteration:152, time= 1.34e+00 s
Local iteration:160, time= 1.34e+00 s
Local iteration:168, time= 1.34e+00 s
Local iteration:176, time= 1.33e+00 s
Local iteration:184, time= 1.33e+00 s
Local iteration:192, time= 1.33e+00 s
Local iteration:200, time= 1.33e+00 s
Local iteration:208, time= 1.33e+00 s
Local iteration:216, time= 1.32e+00 s
Local iteration:224, time= 1.33e+00 s
Local iteration:232, time= 1.33e+00 s
Local iteration:240, time= 1.33e+00 s
Local iteration:248, time= 1.33e+00 s
Local iteration:256, time= 1.32e+00 s
Local iteration:264, time= 1.33e+00 s
Local iteration:272, time= 1.32e+00 s
Local iteration:280, time= 1.32e+00 s
Coarse graining calculation finished, time= 4.83e+01 s
2-th rgstep finished. lnZ/V=(-5.2757804998739894+0j). c=0.3075306321036223
start 3-th rgstep. Coarse graining direction is Y
