Global iters:25. Local iters:25. 6.39e-03 sec/local_iter
Global iters:50. Local iters:50. 1.42e-03 sec/local_iter
Global iters:75. Local iters:75. 9.31e-04 sec/local_iter
Global iters:100. Local iters:100. 6.85e-04 sec/local_iter
Global iters:125. Local iters:125. 5.46e-04 sec/local_iter
Global iters:150. Local iters:150. 4.63e-04 sec/local_iter
Global iters:175. Local iters:175. 3.85e-04 sec/local_iter
Global iters:200. Local iters:200. 3.37e-04 sec/local_iter
Global iters:225. Local iters:225. 3.02e-04 sec/local_iter
Global iters:250. Local iters:250. 2.69e-04 sec/local_iter
Global iters:275. Local iters:275. 2.51e-04 sec/local_iter
Global iters:300. Local iters:300. 2.27e-04 sec/local_iter
Global iters:325. Local iters:325. 2.09e-04 sec/local_iter
Global iters:350. Local iters:350. 1.94e-04 sec/local_iter
Global iters:375. Local iters:375. 1.82e-04 sec/local_iter
Global iters:400. Local iters:400. 1.72e-04 sec/local_iter
Global iters:425. Local iters:425. 1.57e-04 sec/local_iter
Global iters:450. Local iters:450. 1.50e-04 sec/local_iter
Global iters:475. Local iters:475. 1.47e-04 sec/local_iter
Global iters:500. Local iters:500. 1.36e-04 sec/local_iter
Global iters:525. Local iters:525. 1.28e-04 sec/local_iter
Global iters:550. Local iters:550. 1.22e-04 sec/local_iter
Global iters:575. Local iters:575. 1.17e-04 sec/local_iter
Global iters:600. Local iters:600. 1.11e-04 sec/local_iter
Global iters:625. Local iters:625. 1.08e-04 sec/local_iter
Global iters:650. Local iters:650. 1.03e-04 sec/local_iter
Global iters:675. Local iters:675. 9.93e-05 sec/local_iter
Global iters:700. Local iters:700. 9.54e-05 sec/local_iter
Global iters:725. Local iters:725. 9.23e-05 sec/local_iter
Global iters:750. Local iters:750. 9.06e-05 sec/local_iter
Global iters:775. Local iters:775. 8.68e-05 sec/local_iter
Global iters:800. Local iters:800. 8.47e-05 sec/local_iter
Global iters:825. Local iters:825. 8.18e-05 sec/local_iter
Global iters:850. Local iters:850. 8.28e-05 sec/local_iter
Global iters:875. Local iters:875. 7.79e-05 sec/local_iter
Global iters:900. Local iters:900. 7.51e-05 sec/local_iter
Global iters:925. Local iters:925. 7.28e-05 sec/local_iter
Global iters:950. Local iters:950. 7.09e-05 sec/local_iter
Global iters:975. Local iters:975. 6.93e-05 sec/local_iter
Global iters:1000. Local iters:1000. 6.76e-05 sec/local_iter
Global iters:1025. Local iters:1025. 6.57e-05 sec/local_iter
Global iters:1050. Local iters:1050. 6.43e-05 sec/local_iter
Global iters:1075. Local iters:1075. 6.34e-05 sec/local_iter
Global iters:1100. Local iters:1100. 6.16e-05 sec/local_iter
Global iters:1125. Local iters:1125. 5.99e-05 sec/local_iter
Global iters:1150. Local iters:1150. 5.89e-05 sec/local_iter
Global iters:1175. Local iters:1175. 5.72e-05 sec/local_iter
Global iters:1200. Local iters:1200. 5.62e-05 sec/local_iter
Global iters:1225. Local iters:1225. 5.52e-05 sec/local_iter
Global iters:1250. Local iters:1250. 5.44e-05 sec/local_iter
Global iters:1275. Local iters:1275. 5.34e-05 sec/local_iter
Tot iteration 1296. Time= 3.61e+00 s
Calculation of leg U0 finished.
keep 0 on rank0
keep 1 on rank0
keep 2 on rank0
keep 3 on rank0
eigen values for 0th leg at rank0 are [4.04634614e-05 4.00795498e-05 4.00795498e-05 3.96489726e-05
 3.05115719e-05 2.97717541e-05 2.97717541e-05 2.94475864e-05
 2.87859033e-05 2.87859033e-05 2.85942582e-05 2.84636524e-05
 2.83901220e-05 2.79405241e-05 2.79405241e-05 2.73843266e-05
 2.33592658e-05 2.26051992e-05 2.24155787e-05 2.24155787e-05
 2.15028946e-05 2.15028946e-05 2.14549878e-05 2.07668015e-05
 2.02738287e-05 2.02738287e-05 1.98419122e-05 1.97716111e-05
 1.83474042e-05 1.82607570e-05 1.76830000e-05 1.76830000e-05
 1.68213843e-05 1.62817598e-05 1.62817598e-05 1.61268982e-05
 1.59824131e-05 1.59824131e-05 1.59182745e-05 1.45778723e-05
 1.42034386e-05 1.27440335e-05 1.27440335e-05 1.20515931e-05
 1.18136664e-05 1.17142140e-05 1.17142140e-05 1.17004798e-05
 1.08680883e-05 1.07718674e-05 1.06376530e-05 1.06376530e-05
 1.01982733e-05 9.96241845e-06 9.96241845e-06 9.83200435e-06
 9.14786473e-06 8.93029829e-06 8.76998392e-06 8.76998392e-06
 8.49495651e-06 8.26991393e-06 7.95676509e-06 7.95676509e-06]
eigen values for 1th leg at rank0 are [4.04634614e-05 4.00795498e-05 4.00795498e-05 3.96489726e-05
 3.05115719e-05 2.97717541e-05 2.97717541e-05 2.94475864e-05
 2.87859033e-05 2.87859033e-05 2.85942582e-05 2.84636524e-05
 2.83901220e-05 2.79405241e-05 2.79405241e-05 2.73843266e-05
 2.33592658e-05 2.26051992e-05 2.24155787e-05 2.24155787e-05
 2.15028946e-05 2.15028946e-05 2.14549878e-05 2.07668015e-05
 2.02738287e-05 2.02738287e-05 1.98419122e-05 1.97716111e-05
 1.83474042e-05 1.82607570e-05 1.76830000e-05 1.76830000e-05
 1.68213843e-05 1.62817598e-05 1.62817598e-05 1.61268982e-05
 1.59824131e-05 1.59824131e-05 1.59182745e-05 1.45778723e-05
 1.42034386e-05 1.27440335e-05 1.27440335e-05 1.20515931e-05
 1.18136664e-05 1.17142140e-05 1.17142140e-05 1.17004798e-05
 1.08680883e-05 1.07718674e-05 1.06376530e-05 1.06376530e-05
 1.01982733e-05 9.96241845e-06 9.96241845e-06 9.83200435e-06
 9.14786473e-06 8.93029829e-06 8.76998392e-06 8.76998392e-06
 8.49495651e-06 8.26991393e-06 7.95676509e-06 7.95676509e-06]
eigen values for 2th leg at rank0 are [4.04634614e-05 4.00795498e-05 4.00795498e-05 3.96489726e-05
 3.05115719e-05 2.97717541e-05 2.97717541e-05 2.94475864e-05
 2.87859033e-05 2.87859033e-05 2.85942582e-05 2.84636524e-05
 2.83901220e-05 2.79405241e-05 2.79405241e-05 2.73843266e-05
 2.33592658e-05 2.26051992e-05 2.24155787e-05 2.24155787e-05
 2.15028946e-05 2.15028946e-05 2.14549878e-05 2.07668015e-05
 2.02738287e-05 2.02738287e-05 1.98419122e-05 1.97716111e-05
 1.83474042e-05 1.82607570e-05 1.76830000e-05 1.76830000e-05
 1.68213843e-05 1.62817598e-05 1.62817598e-05 1.61268982e-05
 1.59824131e-05 1.59824131e-05 1.59182745e-05 1.45778723e-05
 1.42034386e-05 1.27440335e-05 1.27440335e-05 1.20515931e-05
 1.18136664e-05 1.17142140e-05 1.17142140e-05 1.17004798e-05
 1.08680883e-05 1.07718674e-05 1.06376530e-05 1.06376530e-05
 1.01982733e-05 9.96241845e-06 9.96241845e-06 9.83200435e-06
 9.14786473e-06 8.93029829e-06 8.76998392e-06 8.76998392e-06
 8.49495651e-06 8.26991393e-06 7.95676509e-06 7.95676509e-06]
eigen values for 3th leg at rank0 are [4.04634614e-05 4.00795498e-05 4.00795498e-05 3.96489726e-05
 3.05115719e-05 2.97717541e-05 2.97717541e-05 2.94475864e-05
 2.87859033e-05 2.87859033e-05 2.85942582e-05 2.84636524e-05
 2.83901220e-05 2.79405241e-05 2.79405241e-05 2.73843266e-05
 2.33592658e-05 2.26051992e-05 2.24155787e-05 2.24155787e-05
 2.15028946e-05 2.15028946e-05 2.14549878e-05 2.07668015e-05
 2.02738287e-05 2.02738287e-05 1.98419122e-05 1.97716111e-05
 1.83474042e-05 1.82607570e-05 1.76830000e-05 1.76830000e-05
 1.68213843e-05 1.62817598e-05 1.62817598e-05 1.61268982e-05
 1.59824131e-05 1.59824131e-05 1.59182745e-05 1.45778723e-05
 1.42034386e-05 1.27440335e-05 1.27440335e-05 1.20515931e-05
 1.18136664e-05 1.17142140e-05 1.17142140e-05 1.17004798e-05
 1.08680883e-05 1.07718674e-05 1.06376530e-05 1.06376530e-05
 1.01982733e-05 9.96241845e-06 9.96241845e-06 9.83200435e-06
 9.14786473e-06 8.93029829e-06 8.76998392e-06 8.76998392e-06
 8.49495651e-06 8.26991393e-06 7.95676509e-06 7.95676509e-06]
At rank 0. Tr(V_{U,c0}V_{U,a0})=(64+0j), norm(V_{U,c0}V_{U,a0})=63.999999999999986,Tr(V_{U,d0}V_{U,b0})=(64+0j), norm(V_{U,d0}V_{U,b0})=63.999999999999986
n=25, 25 times finished. Time= 8.36e-02 s. Size of A: 2.50e-02 Gbytes
n=50, 50 times finished. Time= 7.35e-02 s. Size of A: 2.50e-02 Gbytes
n=75, 75 times finished. Time= 7.34e-02 s. Size of A: 2.50e-02 Gbytes
n=100, 100 times finished. Time= 7.33e-02 s. Size of A: 2.50e-02 Gbytes
n=125, 125 times finished. Time= 7.34e-02 s. Size of A: 2.50e-02 Gbytes
n=150, 150 times finished. Time= 7.32e-02 s. Size of A: 2.50e-02 Gbytes
n=175, 175 times finished. Time= 7.31e-02 s. Size of A: 2.50e-02 Gbytes
n=200, 200 times finished. Time= 7.33e-02 s. Size of A: 2.50e-02 Gbytes
n=225, 225 times finished. Time= 7.30e-02 s. Size of A: 2.50e-02 Gbytes
n=250, 250 times finished. Time= 7.25e-02 s. Size of A: 2.50e-02 Gbytes
n=275, 275 times finished. Time= 7.27e-02 s. Size of A: 2.50e-02 Gbytes
n=300, 300 times finished. Time= 7.34e-02 s. Size of A: 2.50e-02 Gbytes
n=325, 325 times finished. Time= 7.28e-02 s. Size of A: 2.50e-02 Gbytes
n=350, 350 times finished. Time= 7.26e-02 s. Size of A: 2.50e-02 Gbytes
n=375, 375 times finished. Time= 7.25e-02 s. Size of A: 2.50e-02 Gbytes
n=400, 400 times finished. Time= 7.29e-02 s. Size of A: 2.50e-02 Gbytes
n=425, 425 times finished. Time= 7.35e-02 s. Size of A: 2.50e-02 Gbytes
n=450, 450 times finished. Time= 7.42e-02 s. Size of A: 2.50e-02 Gbytes
n=475, 475 times finished. Time= 7.28e-02 s. Size of A: 2.50e-02 Gbytes
n=500, 500 times finished. Time= 7.27e-02 s. Size of A: 2.50e-02 Gbytes
n=525, 525 times finished. Time= 7.36e-02 s. Size of A: 2.50e-02 Gbytes
n=550, 550 times finished. Time= 7.30e-02 s. Size of A: 2.50e-02 Gbytes
n=575, 575 times finished. Time= 7.29e-02 s. Size of A: 2.50e-02 Gbytes
n=600, 600 times finished. Time= 7.37e-02 s. Size of A: 2.50e-02 Gbytes
n=625, 625 times finished. Time= 7.32e-02 s. Size of A: 2.50e-02 Gbytes
n=650, 650 times finished. Time= 7.31e-02 s. Size of A: 2.50e-02 Gbytes
n=675, 675 times finished. Time= 7.29e-02 s. Size of A: 2.50e-02 Gbytes
n=700, 700 times finished. Time= 7.27e-02 s. Size of A: 2.50e-02 Gbytes
n=725, 725 times finished. Time= 7.29e-02 s. Size of A: 2.50e-02 Gbytes
n=750, 750 times finished. Time= 7.31e-02 s. Size of A: 2.50e-02 Gbytes
n=775, 775 times finished. Time= 7.31e-02 s. Size of A: 2.50e-02 Gbytes
n=800, 800 times finished. Time= 7.37e-02 s. Size of A: 2.50e-02 Gbytes
n=825, 825 times finished. Time= 7.30e-02 s. Size of A: 2.50e-02 Gbytes
n=850, 850 times finished. Time= 7.31e-02 s. Size of A: 2.50e-02 Gbytes
n=875, 875 times finished. Time= 7.29e-02 s. Size of A: 2.50e-02 Gbytes
n=900, 900 times finished. Time= 7.30e-02 s. Size of A: 2.50e-02 Gbytes
n=925, 925 times finished. Time= 7.27e-02 s. Size of A: 2.50e-02 Gbytes
n=950, 950 times finished. Time= 7.32e-02 s. Size of A: 2.50e-02 Gbytes
n=975, 975 times finished. Time= 7.29e-02 s. Size of A: 2.50e-02 Gbytes
n=1000, 1000 times finished. Time= 7.30e-02 s. Size of A: 2.50e-02 Gbytes
n=1025, 1025 times finished. Time= 7.30e-02 s. Size of A: 2.50e-02 Gbytes
n=1050, 1050 times finished. Time= 7.35e-02 s. Size of A: 2.50e-02 Gbytes
n=1075, 1075 times finished. Time= 7.28e-02 s. Size of A: 2.50e-02 Gbytes
n=1100, 1100 times finished. Time= 7.28e-02 s. Size of A: 2.50e-02 Gbytes
n=1125, 1125 times finished. Time= 7.32e-02 s. Size of A: 2.50e-02 Gbytes
n=1150, 1150 times finished. Time= 7.37e-02 s. Size of A: 2.50e-02 Gbytes
n=1175, 1175 times finished. Time= 7.25e-02 s. Size of A: 2.50e-02 Gbytes
n=1200, 1200 times finished. Time= 7.32e-02 s. Size of A: 2.50e-02 Gbytes
n=1225, 1225 times finished. Time= 7.28e-02 s. Size of A: 2.50e-02 Gbytes
n=1250, 1250 times finished. Time= 7.33e-02 s. Size of A: 2.50e-02 Gbytes
n=1275, 1275 times finished. Time= 7.27e-02 s. Size of A: 2.50e-02 Gbytes
lnZ/V=(-3.7854820729658902+0j). c=0.022697918086182236
start 1-th rgstep. Coarse graining direction is Y
Reduced density matrix calculation finished, time= 1.17e+00 s
Reduced density matrix calculation finished, time= 1.17e+00 s
eL [0.00136442 0.00093549 0.00093048 0.00071091 0.00069748 0.00068551
 0.00063834 0.00059283 0.00051403 0.00051161 0.00049701 0.00048765
 0.00048625 0.00045757 0.0004188  0.00041344 0.00040723 0.00040478
 0.00039738 0.0003936  0.00038006 0.0003582  0.0003486  0.00031744
 0.00029673 0.00029211 0.00028986 0.00028235 0.00027784 0.00027189
 0.00027121 0.00027045 0.00026809 0.00024734 0.00024436 0.00024325
 0.00024235 0.00022927 0.00021229 0.00021175 0.00021084 0.00021062
 0.00020821 0.00020731 0.00020649 0.00019137 0.00018916 0.00018711
 0.00018554 0.00018039 0.00017318 0.00017004 0.00016942 0.00016802
 0.00016801 0.00016735 0.00016417 0.0001603  0.00015736 0.00015383
 0.00014999 0.00014791 0.00013966 0.00013015]
eR [0.00136442 0.00093549 0.00093048 0.00071091 0.00069748 0.00068551
 0.00063834 0.00059283 0.00051403 0.00051161 0.00049701 0.00048765
 0.00048625 0.00045757 0.0004188  0.00041344 0.00040723 0.00040478
 0.00039738 0.0003936  0.00038006 0.0003582  0.0003486  0.00031744
 0.00029673 0.00029211 0.00028986 0.00028235 0.00027784 0.00027189
 0.00027121 0.00027045 0.00026809 0.00024734 0.00024436 0.00024325
 0.00024235 0.00022927 0.00021229 0.00021175 0.00021084 0.00021062
 0.00020821 0.00020731 0.00020649 0.00019137 0.00018916 0.00018711
 0.00018554 0.00018039 0.00017318 0.00017004 0.00016942 0.00016802
 0.00016801 0.00016735 0.00016417 0.0001603  0.00015736 0.00015383
 0.00014999 0.00014791 0.00013966 0.00013015]
S [0.00136442 0.00093549 0.00093048 0.00071091 0.00069748 0.00068551
 0.00063834 0.00059283 0.00051403 0.00051161 0.00049701 0.00048765
 0.00048625 0.00045757 0.0004188  0.00041344 0.00040723 0.00040478
 0.00039738 0.0003936  0.00038006 0.0003582  0.0003486  0.00031744
 0.00029673 0.00029211 0.00028986 0.00028235 0.00027784 0.00027189
 0.00027121 0.00027045 0.00026809 0.00024734 0.00024436 0.00024325
 0.00024235 0.00022927 0.00021229 0.00021175 0.00021084 0.00021062
 0.00020821 0.00020731 0.00020649 0.00019137 0.00018916 0.00018711
 0.00018554 0.00018039 0.00017318 0.00017004 0.00016942 0.00016802
 0.00016801 0.00016735 0.00016417 0.0001603  0.00015736 0.00015383
 0.00014999 0.00014791 0.00013966 0.00013015]
Tr(P1@P2)= (64+0j) |P1@P2|^2= 63.999999999999986
Start coarse graining.
Local iteration:8, time= 8.77e-02 s
Local iteration:16, time= 3.81e-03 s
Local iteration:24, time= 3.75e-03 s
Local iteration:32, time= 3.86e-03 s
Local iteration:40, time= 3.90e-03 s
Local iteration:48, time= 3.79e-03 s
Local iteration:56, time= 3.82e-03 s
Coarse graining calculation finished, time= 5.77e+00 s
1-th rgstep finished. lnZ/V=(-5.01504362219031+0j). c=0.08550990186582455
start 2-th rgstep. Coarse graining direction is X
Reduced density matrix calculation finished, time= 1.17e+00 s
Reduced density matrix calculation finished, time= 1.17e+00 s
eL [7.28693601e-03 5.23962232e-03 5.18040589e-03 5.08760712e-03
 5.07488281e-03 3.80315240e-03 3.57831139e-03 2.89579174e-03
 2.67801868e-03 2.66707480e-03 2.65650814e-03 2.65598106e-03
 2.27364762e-03 1.94097529e-03 1.42276880e-03 1.41556430e-03
 1.41176703e-03 1.39930886e-03 1.39059114e-03 1.38848335e-03
 1.36031024e-03 1.31899646e-03 9.84930352e-04 9.83911456e-04
 9.70646897e-04 9.65676689e-04 8.64776876e-04 8.45988794e-04
 8.27489738e-04 8.00235972e-04 5.97455269e-04 5.39612231e-04
 4.77355773e-04 4.46587707e-04 4.29919628e-04 4.29387666e-04
 4.23122036e-04 4.21784215e-04 4.09975688e-04 4.09212684e-04
 3.96262125e-04 3.95355510e-04 3.90299244e-04 3.84846361e-04
 3.52364987e-04 3.41990069e-04 3.01101308e-04 2.72259062e-04
 2.64795566e-04 2.51215505e-04 2.49502094e-04 2.46442669e-04
 2.43044445e-04 1.84462952e-04 1.83191306e-04 1.63655950e-04
 1.51524639e-04 1.47353241e-04 1.42816095e-04 1.11690208e-04
 1.07718310e-04 1.01802489e-04 9.94623765e-05 9.90481371e-05]
eR [7.28693601e-03 5.23962232e-03 5.18040589e-03 5.08760712e-03
 5.07488281e-03 3.80315240e-03 3.57831139e-03 2.89579174e-03
 2.67801868e-03 2.66707480e-03 2.65650814e-03 2.65598106e-03
 2.27364762e-03 1.94097529e-03 1.42276880e-03 1.41556430e-03
 1.41176703e-03 1.39930886e-03 1.39059114e-03 1.38848335e-03
 1.36031024e-03 1.31899646e-03 9.84930352e-04 9.83911456e-04
 9.70646897e-04 9.65676689e-04 8.64776876e-04 8.45988794e-04
 8.27489738e-04 8.00235972e-04 5.97455269e-04 5.39612231e-04
 4.77355773e-04 4.46587707e-04 4.29919628e-04 4.29387666e-04
 4.23122036e-04 4.21784215e-04 4.09975688e-04 4.09212684e-04
 3.96262125e-04 3.95355510e-04 3.90299244e-04 3.84846361e-04
 3.52364987e-04 3.41990069e-04 3.01101308e-04 2.72259062e-04
 2.64795566e-04 2.51215505e-04 2.49502094e-04 2.46442669e-04
 2.43044445e-04 1.84462952e-04 1.83191306e-04 1.63655950e-04
 1.51524639e-04 1.47353241e-04 1.42816095e-04 1.11690208e-04
 1.07718310e-04 1.01802489e-04 9.94623765e-05 9.90481371e-05]
S [7.28693601e-03 5.23962232e-03 5.18040589e-03 5.08760712e-03
 5.07488281e-03 3.80315240e-03 3.57831139e-03 2.89579174e-03
 2.67801868e-03 2.66707480e-03 2.65650814e-03 2.65598106e-03
 2.27364762e-03 1.94097529e-03 1.42276880e-03 1.41556430e-03
 1.41176703e-03 1.39930886e-03 1.39059114e-03 1.38848335e-03
 1.36031024e-03 1.31899646e-03 9.84930352e-04 9.83911456e-04
 9.70646897e-04 9.65676689e-04 8.64776876e-04 8.45988794e-04
 8.27489738e-04 8.00235972e-04 5.97455269e-04 5.39612231e-04
 4.77355773e-04 4.46587707e-04 4.29919628e-04 4.29387666e-04
 4.23122036e-04 4.21784215e-04 4.09975688e-04 4.09212684e-04
 3.96262125e-04 3.95355510e-04 3.90299244e-04 3.84846361e-04
 3.52364987e-04 3.41990069e-04 3.01101308e-04 2.72259062e-04
 2.64795566e-04 2.51215505e-04 2.49502094e-04 2.46442669e-04
 2.43044445e-04 1.84462952e-04 1.83191306e-04 1.63655950e-04
 1.51524639e-04 1.47353241e-04 1.42816095e-04 1.11690208e-04
 1.07718310e-04 1.01802489e-04 9.94623765e-05 9.90481371e-05]
Tr(P1@P2)= (64+0j) |P1@P2|^2= 63.999999999999986
Start coarse graining.
Local iteration:8, time= 4.65e-03 s
Local iteration:16, time= 3.94e-03 s
Local iteration:24, time= 3.88e-03 s
Local iteration:32, time= 3.93e-03 s
Local iteration:40, time= 3.90e-03 s
Local iteration:48, time= 3.98e-03 s
Local iteration:56, time= 4.05e-03 s
Coarse graining calculation finished, time= 5.77e+00 s
2-th rgstep finished. lnZ/V=(-5.298742118408179+0j). c=0.3214883459754332
start 3-th rgstep. Coarse graining direction is Y
Reduced density matrix calculation finished, time= 1.17e+00 s
Reduced density matrix calculation finished, time= 1.17e+00 s
eL [4.32865522e-03 2.05807089e-03 2.05801238e-03 2.05645259e-03
 2.05641910e-03 6.94948683e-04 6.91485691e-04 6.00466742e-04
 6.00432589e-04 5.98951901e-04 5.98934458e-04 5.89450438e-04
 5.42757758e-04 5.40160694e-04 1.29707724e-04 1.29692250e-04
 1.29484917e-04 1.29475008e-04 1.29404308e-04 1.29240470e-04
 1.28834118e-04 1.28578680e-04 1.08492267e-04 1.08483900e-04
 1.08319061e-04 1.08316348e-04 1.01072132e-04 1.01019576e-04
 1.01017657e-04 1.00935109e-04 9.08068598e-05 8.97988189e-05
 3.97915635e-05 3.97679673e-05 3.97261118e-05 3.97207695e-05
 3.88390816e-05 3.88343388e-05 3.86195673e-05 3.85713791e-05
 2.60936481e-05 2.38308471e-05 2.36758094e-05 2.36664943e-05
 2.36516359e-05 2.35598387e-05 2.32797168e-05 2.32719561e-05
 2.12464972e-05 2.06344483e-05 2.05051770e-05 2.04766939e-05
 1.87308877e-05 1.86941912e-05 1.85268367e-05 1.84996469e-05
 1.79813570e-05 1.79145071e-05 1.76987013e-05 1.76735578e-05
 1.57412952e-05 1.56918909e-05 1.55358737e-05 1.54439124e-05]
eR [4.32865522e-03 2.05807089e-03 2.05801238e-03 2.05645259e-03
 2.05641910e-03 6.94948683e-04 6.91485691e-04 6.00466742e-04
 6.00432589e-04 5.98951901e-04 5.98934458e-04 5.89450438e-04
 5.42757758e-04 5.40160694e-04 1.29707724e-04 1.29692250e-04
 1.29484917e-04 1.29475008e-04 1.29404308e-04 1.29240470e-04
 1.28834118e-04 1.28578680e-04 1.08492267e-04 1.08483900e-04
 1.08319061e-04 1.08316348e-04 1.01072132e-04 1.01019576e-04
 1.01017657e-04 1.00935109e-04 9.08068598e-05 8.97988189e-05
 3.97915635e-05 3.97679673e-05 3.97261118e-05 3.97207695e-05
 3.88390816e-05 3.88343388e-05 3.86195673e-05 3.85713791e-05
 2.60936481e-05 2.38308471e-05 2.36758094e-05 2.36664943e-05
 2.36516359e-05 2.35598387e-05 2.32797168e-05 2.32719561e-05
 2.12464972e-05 2.06344483e-05 2.05051770e-05 2.04766939e-05
 1.87308877e-05 1.86941912e-05 1.85268367e-05 1.84996469e-05
 1.79813570e-05 1.79145071e-05 1.76987013e-05 1.76735578e-05
 1.57412952e-05 1.56918909e-05 1.55358737e-05 1.54439124e-05]
S [4.32865522e-03 2.05807089e-03 2.05801238e-03 2.05645259e-03
 2.05641910e-03 6.94948683e-04 6.91485691e-04 6.00466742e-04
 6.00432589e-04 5.98951901e-04 5.98934458e-04 5.89450438e-04
 5.42757758e-04 5.40160694e-04 1.29707724e-04 1.29692250e-04
 1.29484917e-04 1.29475008e-04 1.29404308e-04 1.29240470e-04
 1.28834118e-04 1.28578680e-04 1.08492267e-04 1.08483900e-04
 1.08319061e-04 1.08316348e-04 1.01072132e-04 1.01019576e-04
 1.01017657e-04 1.00935109e-04 9.08068598e-05 8.97988189e-05
 3.97915635e-05 3.97679673e-05 3.97261118e-05 3.97207695e-05
 3.88390816e-05 3.88343388e-05 3.86195673e-05 3.85713791e-05
 2.60936481e-05 2.38308471e-05 2.36758094e-05 2.36664943e-05
 2.36516359e-05 2.35598387e-05 2.32797168e-05 2.32719561e-05
 2.12464972e-05 2.06344483e-05 2.05051770e-05 2.04766939e-05
 1.87308877e-05 1.86941912e-05 1.85268367e-05 1.84996469e-05
 1.79813570e-05 1.79145071e-05 1.76987013e-05 1.76735578e-05
 1.57412952e-05 1.56918909e-05 1.55358737e-05 1.54439124e-05]
Tr(P1@P2)= (63.99999999999999+0j) |P1@P2|^2= 63.999999999999986
Start coarse graining.
Local iteration:8, time= 4.48e-03 s
Local iteration:16, time= 3.88e-03 s
Local iteration:24, time= 3.91e-03 s
Local iteration:32, time= 3.73e-03 s
Local iteration:40, time= 3.75e-03 s
Local iteration:48, time= 3.80e-03 s
Local iteration:56, time= 3.75e-03 s
Coarse graining calculation finished, time= 5.77e+00 s
3-th rgstep finished. lnZ/V=(-5.525463494182456+0j). c=0.1630381581986372
start 4-th rgstep. Coarse graining direction is X
Reduced density matrix calculation finished, time= 1.17e+00 s
Reduced density matrix calculation finished, time= 1.17e+00 s
eL [2.51480982e-02 5.66236868e-03 5.66234964e-03 5.66222989e-03
 5.66221172e-03 5.40434174e-04 5.38515254e-04 4.84109203e-04
 4.84104445e-04 4.83488330e-04 4.83488011e-04 4.75466626e-04
 4.46322897e-04 4.46222417e-04 4.26095532e-04 4.25544690e-04
 8.99951126e-05 8.99892328e-05 8.99462351e-05 8.99434075e-05
 8.97210873e-05 8.97160773e-05 8.96483249e-05 8.96453032e-05
 4.59863979e-05 4.59815608e-05 2.67985071e-05 2.67983058e-05
 2.65286955e-05 2.65285666e-05 2.23395863e-05 2.23285739e-05
 2.23051643e-05 2.22876051e-05 1.70791429e-05 1.70780788e-05
 1.70752485e-05 1.70731257e-05 1.60240656e-05 1.60227275e-05
 1.60210355e-05 1.60208990e-05 1.51827918e-05 1.51815840e-05
 1.51655405e-05 1.51655236e-05 1.30514360e-05 1.27168264e-05
 1.21652708e-05 1.21448723e-05 1.21448495e-05 1.21448494e-05
 1.19279096e-05 1.09907484e-05 1.09817542e-05 1.07840116e-05
 1.07777126e-05 9.30722952e-06 9.12927018e-06 9.11649359e-06
 8.90843924e-06 7.91169481e-06 7.90949259e-06 7.90393501e-06]
eR [2.51480982e-02 5.66236868e-03 5.66234964e-03 5.66222989e-03
 5.66221172e-03 5.40434174e-04 5.38515254e-04 4.84109203e-04
 4.84104445e-04 4.83488330e-04 4.83488011e-04 4.75466626e-04
 4.46322897e-04 4.46222417e-04 4.26095532e-04 4.25544690e-04
 8.99951126e-05 8.99892328e-05 8.99462351e-05 8.99434075e-05
 8.97210873e-05 8.97160773e-05 8.96483249e-05 8.96453032e-05
 4.59863979e-05 4.59815608e-05 2.67985071e-05 2.67983058e-05
 2.65286955e-05 2.65285666e-05 2.23395863e-05 2.23285739e-05
 2.23051643e-05 2.22876051e-05 1.70791429e-05 1.70780788e-05
 1.70752485e-05 1.70731257e-05 1.60240656e-05 1.60227275e-05
 1.60210355e-05 1.60208990e-05 1.51827918e-05 1.51815840e-05
 1.51655405e-05 1.51655236e-05 1.30514360e-05 1.27168264e-05
 1.21652708e-05 1.21448723e-05 1.21448495e-05 1.21448494e-05
 1.19279096e-05 1.09907484e-05 1.09817542e-05 1.07840116e-05
 1.07777126e-05 9.30722952e-06 9.12927018e-06 9.11649359e-06
 8.90843924e-06 7.91169481e-06 7.90949259e-06 7.90393501e-06]
S [2.51480982e-02 5.66236868e-03 5.66234964e-03 5.66222989e-03
 5.66221172e-03 5.40434174e-04 5.38515254e-04 4.84109203e-04
 4.84104445e-04 4.83488330e-04 4.83488011e-04 4.75466626e-04
 4.46322897e-04 4.46222417e-04 4.26095532e-04 4.25544690e-04
 8.99951126e-05 8.99892328e-05 8.99462351e-05 8.99434075e-05
 8.97210873e-05 8.97160773e-05 8.96483249e-05 8.96453032e-05
 4.59863979e-05 4.59815608e-05 2.67985071e-05 2.67983058e-05
 2.65286955e-05 2.65285666e-05 2.23395863e-05 2.23285739e-05
 2.23051643e-05 2.22876051e-05 1.70791429e-05 1.70780788e-05
 1.70752485e-05 1.70731257e-05 1.60240656e-05 1.60227275e-05
 1.60210355e-05 1.60208990e-05 1.51827918e-05 1.51815840e-05
 1.51655405e-05 1.51655236e-05 1.30514360e-05 1.27168264e-05
 1.21652708e-05 1.21448723e-05 1.21448495e-05 1.21448494e-05
 1.19279096e-05 1.09907484e-05 1.09817542e-05 1.07840116e-05
 1.07777126e-05 9.30722952e-06 9.12927018e-06 9.11649359e-06
 8.90843924e-06 7.91169481e-06 7.90949259e-06 7.90393501e-06]
Tr(P1@P2)= (64+0j) |P1@P2|^2= 63.999999999999986
Start coarse graining.
Local iteration:8, time= 4.73e-03 s
Local iteration:16, time= 3.92e-03 s
Local iteration:24, time= 4.00e-03 s
Local iteration:32, time= 4.01e-03 s
Local iteration:40, time= 3.87e-03 s
Local iteration:48, time= 4.02e-03 s
Local iteration:56, time= 3.85e-03 s
Coarse graining calculation finished, time= 5.77e+00 s
4-th rgstep finished. lnZ/V=(-5.609322585375455+0j). c=0.26138902631957883
start 5-th rgstep. Coarse graining direction is Y
Reduced density matrix calculation finished, time= 1.17e+00 s
Reduced density matrix calculation finished, time= 1.17e+00 s
eL [1.29835773e-01 6.62682237e-03 6.62682236e-03 6.62682133e-03
 6.62682133e-03 2.19525202e-03 2.19525119e-03 2.34831670e-04
 2.34831659e-04 1.37004785e-04 1.37004785e-04 1.35818001e-04
 1.35818001e-04 1.02811546e-04 1.02811546e-04 1.02811526e-04
 1.02811526e-04 1.02811391e-04 1.02811391e-04 1.02811371e-04
 1.02811371e-04 6.15910795e-05 6.15353321e-05 5.05472644e-05
 5.04614745e-05 4.87411233e-05 4.87410789e-05 4.86561875e-05
 4.86561875e-05 4.86430462e-05 4.86430459e-05 4.76956453e-05
 3.71312068e-05 1.24275893e-05 1.24275870e-05 1.24275388e-05
 1.24275374e-05 1.24155547e-05 1.24155520e-05 1.24155023e-05
 1.24155007e-05 3.97349568e-06 3.97349568e-06 2.31855090e-06
 2.31855032e-06 2.29844437e-06 2.29844389e-06 1.59612872e-06
 1.59612853e-06 1.59612789e-06 1.59612757e-06 1.19629527e-06
 1.09543431e-06 1.09543366e-06 1.08820539e-06 1.08820537e-06
 1.04254054e-06 1.04196789e-06 9.68954789e-07 9.68954047e-07
 9.57997125e-07 9.31140106e-07 4.81076250e-07 4.25905416e-07]
eR [1.29835773e-01 6.62682237e-03 6.62682236e-03 6.62682133e-03
 6.62682133e-03 2.19525202e-03 2.19525119e-03 2.34831670e-04
 2.34831659e-04 1.37004785e-04 1.37004785e-04 1.35818001e-04
 1.35818001e-04 1.02811546e-04 1.02811546e-04 1.02811526e-04
 1.02811526e-04 1.02811391e-04 1.02811391e-04 1.02811371e-04
 1.02811371e-04 6.15910795e-05 6.15353321e-05 5.05472644e-05
 5.04614745e-05 4.87411233e-05 4.87410789e-05 4.86561875e-05
 4.86561875e-05 4.86430462e-05 4.86430459e-05 4.76956453e-05
 3.71312068e-05 1.24275893e-05 1.24275870e-05 1.24275388e-05
 1.24275374e-05 1.24155547e-05 1.24155520e-05 1.24155023e-05
 1.24155007e-05 3.97349568e-06 3.97349568e-06 2.31855090e-06
 2.31855032e-06 2.29844437e-06 2.29844389e-06 1.59612872e-06
 1.59612853e-06 1.59612789e-06 1.59612757e-06 1.19629527e-06
 1.09543431e-06 1.09543366e-06 1.08820539e-06 1.08820537e-06
 1.04254054e-06 1.04196789e-06 9.68954789e-07 9.68954047e-07
 9.57997125e-07 9.31140106e-07 4.81076250e-07 4.25905416e-07]
S [1.29835773e-01 6.62682237e-03 6.62682236e-03 6.62682133e-03
 6.62682133e-03 2.19525202e-03 2.19525119e-03 2.34831670e-04
 2.34831659e-04 1.37004785e-04 1.37004785e-04 1.35818001e-04
 1.35818001e-04 1.02811546e-04 1.02811546e-04 1.02811526e-04
 1.02811526e-04 1.02811391e-04 1.02811391e-04 1.02811371e-04
 1.02811371e-04 6.15910795e-05 6.15353321e-05 5.05472644e-05
 5.04614745e-05 4.87411233e-05 4.87410789e-05 4.86561875e-05
 4.86561875e-05 4.86430462e-05 4.86430459e-05 4.76956453e-05
 3.71312068e-05 1.24275893e-05 1.24275870e-05 1.24275388e-05
 1.24275374e-05 1.24155547e-05 1.24155520e-05 1.24155023e-05
 1.24155007e-05 3.97349568e-06 3.97349568e-06 2.31855090e-06
 2.31855032e-06 2.29844437e-06 2.29844389e-06 1.59612872e-06
 1.59612853e-06 1.59612789e-06 1.59612757e-06 1.19629527e-06
 1.09543431e-06 1.09543366e-06 1.08820539e-06 1.08820537e-06
 1.04254054e-06 1.04196789e-06 9.68954789e-07 9.68954047e-07
 9.57997125e-07 9.31140106e-07 4.81076250e-07 4.25905416e-07]
Tr(P1@P2)= (64.00000000000001+0j) |P1@P2|^2= 64.00000000000003
Start coarse graining.
Local iteration:8, time= 4.70e-03 s
Local iteration:16, time= 3.91e-03 s
Local iteration:24, time= 3.97e-03 s
Local iteration:32, time= 3.85e-03 s
Local iteration:40, time= 3.78e-03 s
Local iteration:48, time= 3.94e-03 s
Local iteration:56, time= 3.93e-03 s
Coarse graining calculation finished, time= 5.77e+00 s
5-th rgstep finished. lnZ/V=(-5.634909629461371+0j). c=0.4409669230591382
start 6-th rgstep. Coarse graining direction is X
Reduced density matrix calculation finished, time= 1.17e+00 s
Reduced density matrix calculation finished, time= 1.17e+00 s
eL [4.27296975e-01 7.37964226e-03 7.37964203e-03 1.12223853e-03
 1.12223848e-03 1.12223848e-03 1.12223848e-03 7.87350938e-04
 7.87350938e-04 4.58530119e-04 4.58530119e-04 4.54557805e-04
 4.54557805e-04 2.05998650e-04 2.05997584e-04 1.27489200e-04
 1.75535177e-05 1.75535177e-05 1.75535176e-05 1.75535176e-05
 1.75535163e-05 1.75535163e-05 1.75535161e-05 1.75535161e-05
 1.36021588e-05 1.36021588e-05 7.92150762e-06 7.92150762e-06
 7.85288276e-06 7.85288276e-06 3.55880897e-06 3.55879782e-06
 2.03098292e-06 2.03098255e-06 2.03098024e-06 2.03097979e-06
 2.03096431e-06 2.03096391e-06 2.03096295e-06 2.03096148e-06
 1.45126529e-06 8.45177513e-07 8.45177513e-07 8.37855854e-07
 8.37855854e-07 4.92209046e-07 4.87944602e-07 4.87944602e-07
 4.83718088e-07 3.79706106e-07 3.79706105e-07 2.74603736e-07
 2.74603735e-07 2.74603667e-07 2.74603667e-07 2.21131097e-07
 2.21131097e-07 2.19215547e-07 2.19215547e-07 9.93466117e-08
 6.30102913e-08 6.28948312e-08 6.17355005e-08 6.17355004e-08]
eR [4.27296975e-01 7.37964226e-03 7.37964203e-03 1.12223853e-03
 1.12223848e-03 1.12223848e-03 1.12223848e-03 7.87350938e-04
 7.87350938e-04 4.58530119e-04 4.58530119e-04 4.54557805e-04
 4.54557805e-04 2.05998650e-04 2.05997584e-04 1.27489200e-04
 1.75535177e-05 1.75535177e-05 1.75535176e-05 1.75535176e-05
 1.75535163e-05 1.75535163e-05 1.75535161e-05 1.75535161e-05
 1.36021588e-05 1.36021588e-05 7.92150762e-06 7.92150762e-06
 7.85288276e-06 7.85288276e-06 3.55880897e-06 3.55879782e-06
 2.03098292e-06 2.03098255e-06 2.03098024e-06 2.03097979e-06
 2.03096431e-06 2.03096391e-06 2.03096295e-06 2.03096148e-06
 1.45126529e-06 8.45177513e-07 8.45177513e-07 8.37855854e-07
 8.37855854e-07 4.92209046e-07 4.87944602e-07 4.87944602e-07
 4.83718088e-07 3.79706106e-07 3.79706105e-07 2.74603736e-07
 2.74603735e-07 2.74603667e-07 2.74603667e-07 2.21131097e-07
 2.21131097e-07 2.19215547e-07 2.19215547e-07 9.93466117e-08
 6.30102913e-08 6.28948312e-08 6.17355005e-08 6.17355004e-08]
S [4.27296975e-01 7.37964226e-03 7.37964203e-03 1.12223853e-03
 1.12223848e-03 1.12223848e-03 1.12223848e-03 7.87350938e-04
 7.87350938e-04 4.58530119e-04 4.58530119e-04 4.54557805e-04
 4.54557805e-04 2.05998650e-04 2.05997584e-04 1.27489200e-04
 1.75535177e-05 1.75535177e-05 1.75535176e-05 1.75535176e-05
 1.75535163e-05 1.75535163e-05 1.75535161e-05 1.75535161e-05
 1.36021588e-05 1.36021588e-05 7.92150762e-06 7.92150762e-06
 7.85288276e-06 7.85288276e-06 3.55880897e-06 3.55879782e-06
 2.03098292e-06 2.03098255e-06 2.03098024e-06 2.03097979e-06
 2.03096431e-06 2.03096391e-06 2.03096295e-06 2.03096148e-06
 1.45126529e-06 8.45177513e-07 8.45177513e-07 8.37855854e-07
 8.37855854e-07 4.92209046e-07 4.87944602e-07 4.87944602e-07
 4.83718088e-07 3.79706106e-07 3.79706105e-07 2.74603736e-07
 2.74603735e-07 2.74603667e-07 2.74603667e-07 2.21131097e-07
 2.21131097e-07 2.19215547e-07 2.19215547e-07 9.93466117e-08
 6.30102913e-08 6.28948312e-08 6.17355005e-08 6.17355004e-08]
Tr(P1@P2)= (64.00000000000003+0j) |P1@P2|^2= 64.00000000000003
Start coarse graining.
Local iteration:8, time= 4.58e-03 s
Local iteration:16, time= 3.80e-03 s
Local iteration:24, time= 3.73e-03 s
Local iteration:32, time= 3.79e-03 s
Local iteration:40, time= 3.65e-03 s
Local iteration:48, time= 3.77e-03 s
Local iteration:56, time= 3.87e-03 s
Coarse graining calculation finished, time= 5.77e+00 s
6-th rgstep finished. lnZ/V=(-5.6410958061653895+0j). c=0.673063695922634
start 7-th rgstep. Coarse graining direction is Y
Reduced density matrix calculation finished, time= 1.17e+00 s
Reduced density matrix calculation finished, time= 1.17e+00 s
eL [8.52729517e-01 1.47270295e-02 1.47270295e-02 1.57530068e-03
 1.57530068e-03 9.19074140e-04 9.19074140e-04 9.11112210e-04
 9.11112210e-04 4.12898263e-04 4.12898263e-04 2.54342548e-04
 2.72061646e-05 2.72061646e-05 1.58728315e-05 1.58728315e-05
 1.57353253e-05 1.57353253e-05 7.13094217e-06 7.13094217e-06
 5.93038556e-06 5.93038556e-06 5.93038556e-06 5.93038556e-06
 2.91015908e-06 1.69786756e-06 1.69786756e-06 1.68315895e-06
 1.68315895e-06 9.90586445e-07 9.82005006e-07 9.82005006e-07
 9.73497907e-07 7.62774772e-07 7.62774772e-07 4.45025495e-07
 4.45025495e-07 4.41170243e-07 4.41170243e-07 1.99929741e-07
 9.27597888e-08 9.27597888e-08 9.27597888e-08 9.27597888e-08
 9.27597888e-08 9.27597888e-08 9.27597888e-08 9.27597888e-08
 1.07298555e-08 1.07298555e-08 1.07298555e-08 1.07298555e-08
 1.07298554e-08 1.07298554e-08 1.07298554e-08 1.07298554e-08
 1.45090189e-09 1.45090189e-09 1.45090189e-09 1.45090189e-09
 1.67830982e-10 1.67830982e-10 1.67830982e-10 1.67830982e-10]
eR [8.52729517e-01 1.47270295e-02 1.47270295e-02 1.57530068e-03
 1.57530068e-03 9.19074140e-04 9.19074140e-04 9.11112210e-04
 9.11112210e-04 4.12898263e-04 4.12898263e-04 2.54342548e-04
 2.72061646e-05 2.72061646e-05 1.58728315e-05 1.58728315e-05
 1.57353253e-05 1.57353253e-05 7.13094217e-06 7.13094217e-06
 5.93038556e-06 5.93038556e-06 5.93038556e-06 5.93038556e-06
 2.91015908e-06 1.69786756e-06 1.69786756e-06 1.68315895e-06
 1.68315895e-06 9.90586445e-07 9.82005006e-07 9.82005006e-07
 9.73497907e-07 7.62774772e-07 7.62774772e-07 4.45025495e-07
 4.45025495e-07 4.41170243e-07 4.41170243e-07 1.99929741e-07
 9.27597888e-08 9.27597888e-08 9.27597888e-08 9.27597888e-08
 9.27597888e-08 9.27597888e-08 9.27597888e-08 9.27597888e-08
 1.07298555e-08 1.07298555e-08 1.07298555e-08 1.07298555e-08
 1.07298554e-08 1.07298554e-08 1.07298554e-08 1.07298554e-08
 1.45090189e-09 1.45090189e-09 1.45090189e-09 1.45090189e-09
 1.67830982e-10 1.67830982e-10 1.67830982e-10 1.67830982e-10]
S [8.52729517e-01 1.47270295e-02 1.47270295e-02 1.57530068e-03
 1.57530068e-03 9.19074140e-04 9.19074140e-04 9.11112210e-04
 9.11112210e-04 4.12898263e-04 4.12898263e-04 2.54342548e-04
 2.72061646e-05 2.72061646e-05 1.58728315e-05 1.58728315e-05
 1.57353253e-05 1.57353253e-05 7.13094217e-06 7.13094217e-06
 5.93038556e-06 5.93038556e-06 5.93038556e-06 5.93038556e-06
 2.91015908e-06 1.69786756e-06 1.69786756e-06 1.68315895e-06
 1.68315895e-06 9.90586445e-07 9.82005006e-07 9.82005006e-07
 9.73497907e-07 7.62774772e-07 7.62774772e-07 4.45025495e-07
 4.45025495e-07 4.41170243e-07 4.41170243e-07 1.99929741e-07
 9.27597888e-08 9.27597888e-08 9.27597888e-08 9.27597888e-08
 9.27597888e-08 9.27597888e-08 9.27597888e-08 9.27597888e-08
 1.07298555e-08 1.07298555e-08 1.07298555e-08 1.07298555e-08
 1.07298554e-08 1.07298554e-08 1.07298554e-08 1.07298554e-08
 1.45090189e-09 1.45090189e-09 1.45090189e-09 1.45090189e-09
 1.67830982e-10 1.67830982e-10 1.67830982e-10 1.67830982e-10]
Tr(P1@P2)= (63.99999999999929+0j) |P1@P2|^2= 63.999999999998565
Start coarse graining.
Local iteration:8, time= 4.66e-03 s
Local iteration:16, time= 3.85e-03 s
Local iteration:24, time= 3.83e-03 s
Local iteration:32, time= 3.99e-03 s
Local iteration:40, time= 3.95e-03 s
Local iteration:48, time= 3.94e-03 s
Local iteration:56, time= 4.03e-03 s
Coarse graining calculation finished, time= 5.77e+00 s
7-th rgstep finished. lnZ/V=(-5.6418631711910505+0j). c=0.9064469944179337
start 8-th rgstep. Coarse graining direction is X
Reduced density matrix calculation finished, time= 1.18e+00 s
Reduced density matrix calculation finished, time= 1.18e+00 s
eL [1.03235583e+00 1.78291437e-02 1.78291437e-02 1.90712316e-03
 1.90712316e-03 1.11266855e-03 1.11266855e-03 1.10302951e-03
 1.10302951e-03 4.99871398e-04 4.99871398e-04 3.07915502e-04
 3.29366793e-05 3.29366793e-05 1.92161722e-05 1.92161722e-05
 1.90497027e-05 1.90497027e-05 8.63295262e-06 8.63295262e-06
 3.52312512e-06 2.05548891e-06 2.05548891e-06 2.03768223e-06
 2.03768223e-06 1.19922925e-06 1.18884033e-06 1.18884033e-06
 1.17854142e-06 9.23437727e-07 9.23437727e-07 5.38759183e-07
 5.38759183e-07 5.34091917e-07 5.34091917e-07 2.42040009e-07]
eR [1.03235583e+00 1.78291437e-02 1.78291437e-02 1.90712316e-03
 1.90712316e-03 1.11266855e-03 1.11266855e-03 1.10302951e-03
 1.10302951e-03 4.99871398e-04 4.99871398e-04 3.07915502e-04
 3.29366793e-05 3.29366793e-05 1.92161722e-05 1.92161722e-05
 1.90497027e-05 1.90497027e-05 8.63295262e-06 8.63295262e-06
 3.52312512e-06 2.05548891e-06 2.05548891e-06 2.03768223e-06
 2.03768223e-06 1.19922925e-06 1.18884033e-06 1.18884033e-06
 1.17854142e-06 9.23437727e-07 9.23437727e-07 5.38759183e-07
 5.38759183e-07 5.34091917e-07 5.34091917e-07 2.42040009e-07]
S [1.03235583e+00 1.78291437e-02 1.78291437e-02 1.90712316e-03
 1.90712316e-03 1.11266855e-03 1.11266855e-03 1.10302951e-03
 1.10302951e-03 4.99871398e-04 4.99871398e-04 3.07915502e-04
 3.29366793e-05 3.29366793e-05 1.92161722e-05 1.92161722e-05
 1.90497027e-05 1.90497027e-05 8.63295262e-06 8.63295262e-06
 3.52312512e-06 2.05548891e-06 2.05548891e-06 2.03768223e-06
 2.03768223e-06 1.19922925e-06 1.18884033e-06 1.18884033e-06
 1.17854142e-06 9.23437727e-07 9.23437727e-07 5.38759183e-07
 5.38759183e-07 5.34091917e-07 5.34091917e-07 2.42040009e-07]
Tr(P1@P2)= (36+0j) |P1@P2|^2= 35.99999999999999
Start coarse graining.
Local iteration:8, time= 4.80e-03 s
Local iteration:16, time= 3.86e-03 s
Local iteration:24, time= 3.88e-03 s
Local iteration:32, time= 3.92e-03 s
Local iteration:40, time= 3.92e-03 s
Local iteration:48, time= 3.87e-03 s
Local iteration:56, time= 3.91e-03 s
Coarse graining calculation finished, time= 1.99e+00 s
8-th rgstep finished. lnZ/V=(-5.641883832003668+0j). c=0.9947247949906521
start 9-th rgstep. Coarse graining direction is Y
Reduced density matrix calculation finished, time= 3.52e-01 s
Reduced density matrix calculation finished, time= 3.51e-01 s
eL [1.04333440e+00 1.80187474e-02 1.80187474e-02 1.92740441e-03
 1.92740441e-03 1.12450118e-03 1.12450118e-03 1.11475964e-03
 1.11475964e-03 5.05187263e-04 5.05187263e-04 3.11190025e-04
 3.32869435e-05 3.32869435e-05 1.94205259e-05 1.94205259e-05
 1.92522861e-05 1.92522861e-05 8.72475945e-06 8.72475945e-06
 3.56059166e-06 2.07734792e-06 2.07734792e-06 2.05935187e-06
 2.05935187e-06 1.21198238e-06 1.20148299e-06 1.20148299e-06
 1.19107455e-06 9.33257982e-07 9.33257982e-07 5.44488588e-07
 5.44488588e-07 5.39771688e-07 5.39771688e-07 2.44613970e-07]
eR [1.04333440e+00 1.80187474e-02 1.80187474e-02 1.92740441e-03
 1.92740441e-03 1.12450118e-03 1.12450118e-03 1.11475964e-03
 1.11475964e-03 5.05187263e-04 5.05187263e-04 3.11190025e-04
 3.32869435e-05 3.32869435e-05 1.94205259e-05 1.94205259e-05
 1.92522861e-05 1.92522861e-05 8.72475945e-06 8.72475945e-06
 3.56059166e-06 2.07734792e-06 2.07734792e-06 2.05935187e-06
 2.05935187e-06 1.21198238e-06 1.20148299e-06 1.20148299e-06
 1.19107455e-06 9.33257982e-07 9.33257982e-07 5.44488588e-07
 5.44488588e-07 5.39771688e-07 5.39771688e-07 2.44613970e-07]
S [1.04333440e+00 1.80187474e-02 1.80187474e-02 1.92740441e-03
 1.92740441e-03 1.12450118e-03 1.12450118e-03 1.11475964e-03
 1.11475964e-03 5.05187263e-04 5.05187263e-04 3.11190025e-04
 3.32869435e-05 3.32869435e-05 1.94205259e-05 1.94205259e-05
 1.92522861e-05 1.92522861e-05 8.72475945e-06 8.72475945e-06
 3.56059166e-06 2.07734792e-06 2.07734792e-06 2.05935187e-06
 2.05935187e-06 1.21198238e-06 1.20148299e-06 1.20148299e-06
 1.19107455e-06 9.33257982e-07 9.33257982e-07 5.44488588e-07
 5.44488588e-07 5.39771688e-07 5.39771688e-07 2.44613970e-07]
Tr(P1@P2)= (36.00000000000001+0j) |P1@P2|^2= 36.00000000000002
Start coarse graining.
Local iteration:8, time= 4.98e-03 s
Local iteration:16, time= 4.05e-03 s
Local iteration:24, time= 4.11e-03 s
Local iteration:32, time= 4.09e-03 s
Coarse graining calculation finished, time= 4.06e-01 s
9-th rgstep finished. lnZ/V=(-5.641883832003764+0j). c=0.999999999951067
start 10-th rgstep. Coarse graining direction is X
Reduced density matrix calculation finished, time= 9.82e-02 s
Reduced density matrix calculation finished, time= 1.01e-01 s
eL [1.04333440e+00 1.80187474e-02 1.80187474e-02 1.92740441e-03
 1.92740441e-03 1.12450118e-03 1.12450118e-03 1.11475964e-03
 1.11475964e-03 5.05187263e-04 5.05187263e-04 3.11190025e-04
 3.32869435e-05 3.32869435e-05 1.94205259e-05 1.94205259e-05
 1.92522861e-05 1.92522861e-05 8.72475945e-06 8.72475945e-06
 3.56059166e-06 2.07734792e-06 2.07734792e-06 2.05935187e-06
 2.05935187e-06 1.21198238e-06 1.20148299e-06 1.20148299e-06
 1.19107455e-06 9.33257982e-07 9.33257982e-07 5.44488588e-07
 5.44488588e-07 5.39771688e-07 5.39771688e-07 2.44613970e-07]
eR [1.04333440e+00 1.80187474e-02 1.80187474e-02 1.92740441e-03
 1.92740441e-03 1.12450118e-03 1.12450118e-03 1.11475964e-03
 1.11475964e-03 5.05187263e-04 5.05187263e-04 3.11190025e-04
 3.32869435e-05 3.32869435e-05 1.94205259e-05 1.94205259e-05
 1.92522861e-05 1.92522861e-05 8.72475945e-06 8.72475945e-06
 3.56059166e-06 2.07734792e-06 2.07734792e-06 2.05935187e-06
 2.05935187e-06 1.21198238e-06 1.20148299e-06 1.20148299e-06
 1.19107455e-06 9.33257982e-07 9.33257982e-07 5.44488588e-07
 5.44488588e-07 5.39771688e-07 5.39771688e-07 2.44613970e-07]
S [1.04333440e+00 1.80187474e-02 1.80187474e-02 1.92740441e-03
 1.92740441e-03 1.12450118e-03 1.12450118e-03 1.11475964e-03
 1.11475964e-03 5.05187263e-04 5.05187263e-04 3.11190025e-04
 3.32869435e-05 3.32869435e-05 1.94205259e-05 1.94205259e-05
 1.92522861e-05 1.92522861e-05 8.72475945e-06 8.72475945e-06
 3.56059166e-06 2.07734792e-06 2.07734792e-06 2.05935187e-06
 2.05935187e-06 1.21198238e-06 1.20148299e-06 1.20148299e-06
 1.19107455e-06 9.33257982e-07 9.33257982e-07 5.44488588e-07
 5.44488588e-07 5.39771688e-07 5.39771688e-07 2.44613970e-07]
Tr(P1@P2)= (35.99999999999997+0j) |P1@P2|^2= 35.99999999999995
Start coarse graining.
Local iteration:8, time= 4.68e-03 s
Local iteration:16, time= 3.87e-03 s
Local iteration:24, time= 3.78e-03 s
Local iteration:32, time= 4.04e-03 s
Coarse graining calculation finished, time= 1.46e-01 s
10-th rgstep finished. lnZ/V=(-5.641883832003764+0j). c=0.9999999999999832
start 11-th rgstep. Coarse graining direction is Y
Reduced density matrix calculation finished, time= 9.86e-02 s
Reduced density matrix calculation finished, time= 1.02e-01 s
eL [1.04333440e+00 1.80187474e-02 1.80187474e-02 1.92740441e-03
 1.92740441e-03 1.12450118e-03 1.12450118e-03 1.11475964e-03
 1.11475964e-03 5.05187263e-04 5.05187263e-04 3.11190025e-04
 3.32869435e-05 3.32869435e-05 1.94205259e-05 1.94205259e-05
 1.92522861e-05 1.92522861e-05 8.72475945e-06 8.72475945e-06
 3.56059166e-06 2.07734792e-06 2.07734792e-06 2.05935187e-06
 2.05935187e-06 1.21198238e-06 1.20148299e-06 1.20148299e-06
 1.19107455e-06 9.33257982e-07 9.33257982e-07 5.44488588e-07
 5.44488588e-07 5.39771688e-07 5.39771688e-07 2.44613970e-07]
eR [1.04333440e+00 1.80187474e-02 1.80187474e-02 1.92740441e-03
 1.92740441e-03 1.12450118e-03 1.12450118e-03 1.11475964e-03
 1.11475964e-03 5.05187263e-04 5.05187263e-04 3.11190025e-04
 3.32869435e-05 3.32869435e-05 1.94205259e-05 1.94205259e-05
 1.92522861e-05 1.92522861e-05 8.72475945e-06 8.72475945e-06
 3.56059166e-06 2.07734792e-06 2.07734792e-06 2.05935187e-06
 2.05935187e-06 1.21198238e-06 1.20148299e-06 1.20148299e-06
 1.19107455e-06 9.33257982e-07 9.33257982e-07 5.44488588e-07
 5.44488588e-07 5.39771688e-07 5.39771688e-07 2.44613970e-07]
S [1.04333440e+00 1.80187474e-02 1.80187474e-02 1.92740441e-03
 1.92740441e-03 1.12450118e-03 1.12450118e-03 1.11475964e-03
 1.11475964e-03 5.05187263e-04 5.05187263e-04 3.11190025e-04
 3.32869435e-05 3.32869435e-05 1.94205259e-05 1.94205259e-05
 1.92522861e-05 1.92522861e-05 8.72475945e-06 8.72475945e-06
 3.56059166e-06 2.07734792e-06 2.07734792e-06 2.05935187e-06
 2.05935187e-06 1.21198238e-06 1.20148299e-06 1.20148299e-06
 1.19107455e-06 9.33257982e-07 9.33257982e-07 5.44488588e-07
 5.44488588e-07 5.39771688e-07 5.39771688e-07 2.44613970e-07]
Tr(P1@P2)= (35.999999999999986+0j) |P1@P2|^2= 35.999999999999964
Start coarse graining.
Local iteration:8, time= 4.85e-03 s
Local iteration:16, time= 4.20e-03 s
Local iteration:24, time= 4.10e-03 s
Local iteration:32, time= 4.09e-03 s
Coarse graining calculation finished, time= 1.46e-01 s
11-th rgstep finished. lnZ/V=(-5.641883832003764+0j). c=0.9999999999999998
start 12-th rgstep. Coarse graining direction is X
Reduced density matrix calculation finished, time= 9.78e-02 s
Reduced density matrix calculation finished, time= 1.02e-01 s
eL [1.04333440e+00 1.80187474e-02 1.80187474e-02 1.92740441e-03
 1.92740441e-03 1.12450118e-03 1.12450118e-03 1.11475964e-03
 1.11475964e-03 5.05187263e-04 5.05187263e-04 3.11190025e-04
 3.32869435e-05 3.32869435e-05 1.94205259e-05 1.94205259e-05
 1.92522861e-05 1.92522861e-05 8.72475945e-06 8.72475945e-06
 3.56059166e-06 2.07734792e-06 2.07734792e-06 2.05935187e-06
 2.05935187e-06 1.21198238e-06 1.20148299e-06 1.20148299e-06
 1.19107455e-06 9.33257982e-07 9.33257982e-07 5.44488588e-07
 5.44488588e-07 5.39771688e-07 5.39771688e-07 2.44613970e-07]
eR [1.04333440e+00 1.80187474e-02 1.80187474e-02 1.92740441e-03
 1.92740441e-03 1.12450118e-03 1.12450118e-03 1.11475964e-03
 1.11475964e-03 5.05187263e-04 5.05187263e-04 3.11190025e-04
 3.32869435e-05 3.32869435e-05 1.94205259e-05 1.94205259e-05
 1.92522861e-05 1.92522861e-05 8.72475945e-06 8.72475945e-06
 3.56059166e-06 2.07734792e-06 2.07734792e-06 2.05935187e-06
 2.05935187e-06 1.21198238e-06 1.20148299e-06 1.20148299e-06
 1.19107455e-06 9.33257982e-07 9.33257982e-07 5.44488588e-07
 5.44488588e-07 5.39771688e-07 5.39771688e-07 2.44613970e-07]
S [1.04333440e+00 1.80187474e-02 1.80187474e-02 1.92740441e-03
 1.92740441e-03 1.12450118e-03 1.12450118e-03 1.11475964e-03
 1.11475964e-03 5.05187263e-04 5.05187263e-04 3.11190025e-04
 3.32869435e-05 3.32869435e-05 1.94205259e-05 1.94205259e-05
 1.92522861e-05 1.92522861e-05 8.72475945e-06 8.72475945e-06
 3.56059166e-06 2.07734792e-06 2.07734792e-06 2.05935187e-06
 2.05935187e-06 1.21198238e-06 1.20148299e-06 1.20148299e-06
 1.19107455e-06 9.33257982e-07 9.33257982e-07 5.44488588e-07
 5.44488588e-07 5.39771688e-07 5.39771688e-07 2.44613970e-07]
Tr(P1@P2)= (36.00000000000004+0j) |P1@P2|^2= 36.00000000000009
Start coarse graining.
Local iteration:8, time= 4.84e-03 s
Local iteration:16, time= 4.02e-03 s
Local iteration:24, time= 4.02e-03 s
Local iteration:32, time= 3.99e-03 s
Coarse graining calculation finished, time= 1.46e-01 s
12-th rgstep finished. lnZ/V=(-5.641883832003764+0j). c=1.0
